<?xml version="1.0" encoding="UTF-8"?>
<testsuites name="Preparacion tarjeta venta" time="181.559" tests="1" failures="0" errors="0">
   <testsuite name="Preparacion tarjeta venta" tests="1" failures="0" errors="0" time="181.559" skipped="0" timestamp="2022-09-19 14:41:59" hostname="feflorez - UENOP029.metrodemedellin.gov.co" id="Test Suites/Preparacion tarjeta venta">
      <properties>
         <property name="deviceName" value=""/>
         <property name="devicePlatform" value=""/>
         <property name="logFolder" value="C:\\Users\\feflorez\\git\\Automatizacion-de-procesos-QA-Metro\\Reports\\20220919_144143\\Preparacion tarjeta venta\\20220919_144143"/>
         <property name="logFiles" value="C:\\Users\\feflorez\\git\\Automatizacion-de-procesos-QA-Metro\\Reports\\20220919_144143\\Preparacion tarjeta venta\\20220919_144143\\execution0.log"/>
         <property name="attachments" value="C:\\Users\\feflorez\\git\\Automatizacion-de-procesos-QA-Metro\\Reports\\20220919_144143\\Preparacion tarjeta venta\\20220919_144143\\1663616630189.png"/>
         <property name="hostName" value="feflorez - UENOP029.metrodemedellin.gov.co"/>
         <property name="os" value="Windows 10 64bit"/>
         <property name="katalonVersion" value="8.4.1.208"/>
         <property name="browser" value="Chrome 105.0.0.0"/>
         <property name="hostAddress" value="172.23.20.156"/>
         <property name="sessionId" value="d583d57c7bf6e3f6c668149da404ff9b"/>
         <property name="seleniumVersion" value="3.141.59"/>
         <property name="proxyInformation" value="ProxyInformation { proxyOption=NO_PROXY, proxyServerType=HTTP, username=, password=********, proxyServerAddress=, proxyServerPort=0, executionList=&quot;&quot;, isApplyToDesiredCapabilities=true }"/>
         <property name="platform" value="Windows 10"/>
      </properties>
      <testcase name="Test Cases/Preparacion tarjeta venta" time="70.914" classname="Test Cases/Preparacion tarjeta venta" status="PASSED">
         <system-out><![CDATA[2022-09-19 14:43:50 - [TEST_CASE][PASSED] - Test Cases/Preparacion tarjeta venta: Test Cases/Preparacion tarjeta venta

2022-09-19 14:43:50 - [TEST_STEP][PASSED] - openBrowser("https://qabanco.civica.com.co/civica/index.aspx"): Browser is opened with url: 'https://qabanco.civica.com.co/civica/index.aspx'

2022-09-19 14:43:50 - [MESSAGE][WARNING] - A browser is already opened. Closing browser and opening a new one

2022-09-19 14:43:52 - [MESSAGE][INFO] - Starting 'Chrome' driver

2022-09-19 14:43:52 - [MESSAGE][INFO] - Action delay is set to 0 milliseconds

2022-09-19 14:44:02 - [MESSAGE][PASSED] - Browser is opened with url: 'https://qabanco.civica.com.co/civica/index.aspx'

2022-09-19 14:44:02 - [TEST_STEP][PASSED] - waitForPageLoad(30): Wait for page load successfully

2022-09-19 14:44:02 - [MESSAGE][PASSED] - Wait for page load successfully

2022-09-19 14:44:02 - [TEST_STEP][PASSED] - maximizeWindow(): Current window maximized

2022-09-19 14:44:03 - [MESSAGE][PASSED] - Current window maximized

2022-09-19 14:44:03 - [TEST_STEP][PASSED] - focus(findTestObject("Inicio de sesion - Cívica Calidad/Inicio de sesion_Civica Calidad/input_Cdula usuario_txtLogin")): Object: 'Object Repository/Inicio de sesion - Cívica Calidad/Inicio de sesion_Civica Calidad/input_Cdula usuario_txtLogin' is focused

2022-09-19 14:44:03 - [MESSAGE][PASSED] - Object: 'Object Repository/Inicio de sesion - Cívica Calidad/Inicio de sesion_Civica Calidad/input_Cdula usuario_txtLogin' is focused

2022-09-19 14:44:03 - [TEST_STEP][PASSED] - setText(findTestObject("Inicio de sesion - Cívica Calidad/Inicio de sesion_Civica Calidad/input_Cdula usuario_txtLogin"), findTestData("Usuarios/Usuarios login").getValue(1, 1)): Text '1028015407' is set on object 'Object Repository/Inicio de sesion - Cívica Calidad/Inicio de sesion_Civica Calidad/input_Cdula usuario_txtLogin'

2022-09-19 14:44:04 - [MESSAGE][PASSED] - Text '1028015407' is set on object 'Object Repository/Inicio de sesion - Cívica Calidad/Inicio de sesion_Civica Calidad/input_Cdula usuario_txtLogin'

2022-09-19 14:44:04 - [TEST_STEP][PASSED] - focus(findTestObject("Inicio de sesion - Cívica Calidad/Inicio de sesion_Civica Calidad/input_Contrasea_txtSena")): Object: 'Object Repository/Inicio de sesion - Cívica Calidad/Inicio de sesion_Civica Calidad/input_Contrasea_txtSena' is focused

2022-09-19 14:44:05 - [MESSAGE][PASSED] - Object: 'Object Repository/Inicio de sesion - Cívica Calidad/Inicio de sesion_Civica Calidad/input_Contrasea_txtSena' is focused

2022-09-19 14:44:05 - [TEST_STEP][PASSED] - setText(findTestObject("Inicio de sesion - Cívica Calidad/Inicio de sesion_Civica Calidad/input_Contrasea_txtSena"), findTestData("Usuarios/Usuarios login").getValue(2, 1)): Text '12345678' is set on object 'Object Repository/Inicio de sesion - Cívica Calidad/Inicio de sesion_Civica Calidad/input_Contrasea_txtSena'

2022-09-19 14:44:06 - [MESSAGE][PASSED] - Text '12345678' is set on object 'Object Repository/Inicio de sesion - Cívica Calidad/Inicio de sesion_Civica Calidad/input_Contrasea_txtSena'

2022-09-19 14:44:06 - [TEST_STEP][PASSED] - click(findTestObject("Inicio de sesion - Cívica Calidad/Inicio de sesion_Civica Calidad/input_Contrasea_btnOk")): Object: 'Object Repository/Inicio de sesion - Cívica Calidad/Inicio de sesion_Civica Calidad/input_Contrasea_btnOk' is clicked on

2022-09-19 14:44:11 - [MESSAGE][PASSED] - Object: 'Object Repository/Inicio de sesion - Cívica Calidad/Inicio de sesion_Civica Calidad/input_Contrasea_btnOk' is clicked on

2022-09-19 14:44:11 - [TEST_STEP][PASSED] - waitForPageLoad(30): Wait for page load successfully

2022-09-19 14:44:11 - [MESSAGE][PASSED] - Wait for page load successfully

2022-09-19 14:44:11 - [TEST_STEP][PASSED] - click(findTestObject("Pagina inicial/Page_Metro de Medelln - Sea bienvenido/em_Atencin_bv")): Object: 'Object Repository/Pagina inicial/Page_Metro de Medelln - Sea bienvenido/em_Atencin_bv' is clicked on

2022-09-19 14:44:12 - [MESSAGE][PASSED] - Object: 'Object Repository/Pagina inicial/Page_Metro de Medelln - Sea bienvenido/em_Atencin_bv' is clicked on

2022-09-19 14:44:12 - [TEST_STEP][PASSED] - waitForPageLoad(30): Wait for page load successfully

2022-09-19 14:44:12 - [MESSAGE][PASSED] - Wait for page load successfully

2022-09-19 14:44:12 - [TEST_STEP][PASSED] - click(findTestObject("Consulta y ajuste de saldo/Page_Metro de Medelln -  Atencin/a_Consultas_at")): Object: 'Object Repository/Consulta y ajuste de saldo/Page_Metro de Medelln -  Atencin/a_Consultas_at' is clicked on

2022-09-19 14:44:13 - [MESSAGE][PASSED] - Object: 'Object Repository/Consulta y ajuste de saldo/Page_Metro de Medelln -  Atencin/a_Consultas_at' is clicked on

2022-09-19 14:44:13 - [TEST_STEP][PASSED] - waitForPageLoad(30): Wait for page load successfully

2022-09-19 14:44:14 - [MESSAGE][PASSED] - Wait for page load successfully

2022-09-19 14:44:14 - [TEST_STEP][PASSED] - click(findTestObject("Consulta y ajuste de saldo/Page_Metro de Medelln - Atencin -  Consultas/a_Extracto PN_atc")): Object: 'Object Repository/Consulta y ajuste de saldo/Page_Metro de Medelln - Atencin -  Consultas/a_Extracto PN_atc' is clicked on

2022-09-19 14:44:15 - [MESSAGE][PASSED] - Object: 'Object Repository/Consulta y ajuste de saldo/Page_Metro de Medelln - Atencin -  Consultas/a_Extracto PN_atc' is clicked on

2022-09-19 14:44:15 - [TEST_STEP][PASSED] - focus(findTestObject("Consulta y ajuste de saldo/Page_Metro de Medelln - Atencin - ConsExtraUsuPersNat/input__ctl00ContentPlaceHolder1txtTarjeta_atcex")): Object: 'Object Repository/Consulta y ajuste de saldo/Page_Metro de Medelln - Atencin - ConsExtraUsuPersNat/input__ctl00ContentPlaceHolder1txtTarjeta_atcex' is focused

2022-09-19 14:44:16 - [MESSAGE][PASSED] - Object: 'Object Repository/Consulta y ajuste de saldo/Page_Metro de Medelln - Atencin - ConsExtraUsuPersNat/input__ctl00ContentPlaceHolder1txtTarjeta_atcex' is focused

2022-09-19 14:44:16 - [TEST_STEP][PASSED] - setText(findTestObject("Consulta y ajuste de saldo/Page_Metro de Medelln - Atencin - ConsExtraUsuPersNat/input__ctl00ContentPlaceHolder1txtTarjeta_atcex"), "1267161"): Text '1267161' is set on object 'Object Repository/Consulta y ajuste de saldo/Page_Metro de Medelln - Atencin - ConsExtraUsuPersNat/input__ctl00ContentPlaceHolder1txtTarjeta_atcex'

2022-09-19 14:44:17 - [MESSAGE][PASSED] - Text '1267161' is set on object 'Object Repository/Consulta y ajuste de saldo/Page_Metro de Medelln - Atencin - ConsExtraUsuPersNat/input__ctl00ContentPlaceHolder1txtTarjeta_atcex'

2022-09-19 14:44:17 - [TEST_STEP][PASSED] - click(findTestObject("Consulta y ajuste de saldo/Page_Metro de Medelln - Atencin - ConsExtraUsuPersNat/input__ctl00ContentPlaceHolder1btnBuscar_atcex")): Object: 'Object Repository/Consulta y ajuste de saldo/Page_Metro de Medelln - Atencin - ConsExtraUsuPersNat/input__ctl00ContentPlaceHolder1btnBuscar_atcex' is clicked on

2022-09-19 14:44:19 - [MESSAGE][PASSED] - Object: 'Object Repository/Consulta y ajuste de saldo/Page_Metro de Medelln - Atencin - ConsExtraUsuPersNat/input__ctl00ContentPlaceHolder1btnBuscar_atcex' is clicked on

2022-09-19 14:44:19 - [TEST_STEP][PASSED] - waitForPageLoad(30): Wait for page load successfully

2022-09-19 14:44:19 - [MESSAGE][PASSED] - Wait for page load successfully

2022-09-19 14:44:19 - [TEST_STEP][PASSED] - click(findTestObject("Consulta y ajuste de saldo/Page_Metro de Medelln - Usuarios - ConsExtrUsuPerNatDeta/input__ctl00ContentPlaceHolder1btnBuscar_atcexd")): Object: 'Object Repository/Consulta y ajuste de saldo/Page_Metro de Medelln - Usuarios - ConsExtrUsuPerNatDeta/input__ctl00ContentPlaceHolder1btnBuscar_atcexd' is clicked on

2022-09-19 14:44:21 - [MESSAGE][PASSED] - Object: 'Object Repository/Consulta y ajuste de saldo/Page_Metro de Medelln - Usuarios - ConsExtrUsuPerNatDeta/input__ctl00ContentPlaceHolder1btnBuscar_atcexd' is clicked on

2022-09-19 14:44:21 - [TEST_STEP][PASSED] - waitForPageLoad(30): Wait for page load successfully

2022-09-19 14:44:21 - [MESSAGE][PASSED] - Wait for page load successfully

2022-09-19 14:44:21 - [TEST_STEP][PASSED] - saldodebito = getText(findTestObject("Consulta y ajuste de saldo/Page_Metro de Medelln - Usuarios - ConsExtrUsuPerNatDeta/span_1.009.010.785_atcexd"), STOP_ON_FAILURE): Text of object 'Object Repository/Consulta y ajuste de saldo/Page_Metro de Medelln - Usuarios - ConsExtrUsuPerNatDeta/span_1.009.010.785_atcexd' is: '15.000'

2022-09-19 14:44:22 - [MESSAGE][PASSED] - Text of object 'Object Repository/Consulta y ajuste de saldo/Page_Metro de Medelln - Usuarios - ConsExtrUsuPerNatDeta/span_1.009.010.785_atcexd' is: '15.000'

2022-09-19 14:44:22 - [TEST_STEP][PASSED] - click(findTestObject("Consulta y ajuste de saldo/Page_Metro de Medelln - Usuarios - ConsExtrUsuPerNatDeta/em_Adquisicin_atcexd")): Object: 'Object Repository/Consulta y ajuste de saldo/Page_Metro de Medelln - Usuarios - ConsExtrUsuPerNatDeta/em_Adquisicin_atcexd' is clicked on

2022-09-19 14:44:23 - [MESSAGE][PASSED] - Object: 'Object Repository/Consulta y ajuste de saldo/Page_Metro de Medelln - Usuarios - ConsExtrUsuPerNatDeta/em_Adquisicin_atcexd' is clicked on

2022-09-19 14:44:23 - [TEST_STEP][PASSED] - waitForPageLoad(30): Wait for page load successfully

2022-09-19 14:44:23 - [MESSAGE][PASSED] - Wait for page load successfully

2022-09-19 14:44:23 - [TEST_STEP][PASSED] - click(findTestObject("Consulta y ajuste de saldo/Page_Metro de Medellin -  Adquisicin/a_Punto de Venta_adq")): Object: 'Object Repository/Consulta y ajuste de saldo/Page_Metro de Medellin -  Adquisicin/a_Punto de Venta_adq' is clicked on

2022-09-19 14:44:23 - [MESSAGE][PASSED] - Object: 'Object Repository/Consulta y ajuste de saldo/Page_Metro de Medellin -  Adquisicin/a_Punto de Venta_adq' is clicked on

2022-09-19 14:44:23 - [TEST_STEP][PASSED] - waitForPageLoad(30): Wait for page load successfully

2022-09-19 14:44:23 - [MESSAGE][PASSED] - Wait for page load successfully

2022-09-19 14:44:23 - [TEST_STEP][PASSED] - click(findTestObject("Consulta y ajuste de saldo/Page_Metro de Medelln - Adquisicin - Punto de Venta -  Ajuste de Carga/a_Ajuste de Carga_pdva")): Object: 'Object Repository/Consulta y ajuste de saldo/Page_Metro de Medelln - Adquisicin - Punto de Venta -  Ajuste de Carga/a_Ajuste de Carga_pdva' is clicked on

2022-09-19 14:44:25 - [MESSAGE][PASSED] - Object: 'Object Repository/Consulta y ajuste de saldo/Page_Metro de Medelln - Adquisicin - Punto de Venta -  Ajuste de Carga/a_Ajuste de Carga_pdva' is clicked on

2022-09-19 14:44:25 - [TEST_STEP][PASSED] - waitForPageLoad(30): Wait for page load successfully

2022-09-19 14:44:25 - [MESSAGE][PASSED] - Wait for page load successfully

2022-09-19 14:44:25 - [TEST_STEP][PASSED] - click(findTestObject("Consulta y ajuste de saldo/Page_Metro de Medelln - Adquisicin - Punto de Venta -  Ajuste de Carga/a_Nuevo Registro_pdva")): Object: 'Object Repository/Consulta y ajuste de saldo/Page_Metro de Medelln - Adquisicin - Punto de Venta -  Ajuste de Carga/a_Nuevo Registro_pdva' is clicked on

2022-09-19 14:44:27 - [MESSAGE][PASSED] - Object: 'Object Repository/Consulta y ajuste de saldo/Page_Metro de Medelln - Adquisicin - Punto de Venta -  Ajuste de Carga/a_Nuevo Registro_pdva' is clicked on

2022-09-19 14:44:27 - [TEST_STEP][PASSED] - waitForPageLoad(30): Wait for page load successfully

2022-09-19 14:44:27 - [MESSAGE][PASSED] - Wait for page load successfully

2022-09-19 14:44:27 - [TEST_STEP][PASSED] - click(findTestObject("Consulta y ajuste de saldo/Page_Metro de Medelln - Adquisicion - Punto de Venta -  Ajuste de Carga/input_Apellidos_ctl00ContentPlaceHolder1btnBuscarUsu_pdvab")): Object: 'Object Repository/Consulta y ajuste de saldo/Page_Metro de Medelln - Adquisicion - Punto de Venta -  Ajuste de Carga/input_Apellidos_ctl00ContentPlaceHolder1btnBuscarUsu_pdvab' is clicked on

2022-09-19 14:44:29 - [MESSAGE][PASSED] - Object: 'Object Repository/Consulta y ajuste de saldo/Page_Metro de Medelln - Adquisicion - Punto de Venta -  Ajuste de Carga/input_Apellidos_ctl00ContentPlaceHolder1btnBuscarUsu_pdvab' is clicked on

2022-09-19 14:44:29 - [TEST_STEP][PASSED] - waitForPageLoad(30): Wait for page load successfully

2022-09-19 14:44:29 - [MESSAGE][PASSED] - Wait for page load successfully

2022-09-19 14:44:29 - [TEST_STEP][PASSED] - switchToWindowUrl("https://qabanco.civica.com.co/Civica/Usuarios/Registros/frmUsuariosPNTarjetaPopup.aspx?nombre=&cedula=&tarjeta="): Switched to window with url: 'https://qabanco.civica.com.co/Civica/Usuarios/Registros/frmUsuariosPNTarjetaPopup.aspx?nombre=&cedula=&tarjeta='

2022-09-19 14:44:29 - [MESSAGE][PASSED] - Switched to window with url: 'https://qabanco.civica.com.co/Civica/Usuarios/Registros/frmUsuariosPNTarjetaPopup.aspx?nombre=&cedula=&tarjeta='

2022-09-19 14:44:29 - [TEST_STEP][PASSED] - focus(findTestObject("Consulta y ajuste de saldo/Page_Metro Medelln -  ConsulPN/input_Nm. Tarjeta_txtNumeroTarjeta_cpn")): Object: 'Object Repository/Consulta y ajuste de saldo/Page_Metro Medelln -  ConsulPN/input_Nm. Tarjeta_txtNumeroTarjeta_cpn' is focused

2022-09-19 14:44:30 - [MESSAGE][PASSED] - Object: 'Object Repository/Consulta y ajuste de saldo/Page_Metro Medelln -  ConsulPN/input_Nm. Tarjeta_txtNumeroTarjeta_cpn' is focused

2022-09-19 14:44:30 - [TEST_STEP][PASSED] - setText(findTestObject("Consulta y ajuste de saldo/Page_Metro Medelln -  ConsulPN/input_Nm. Tarjeta_txtNumeroTarjeta_cpn"), "1267161"): Text '1267161' is set on object 'Object Repository/Consulta y ajuste de saldo/Page_Metro Medelln -  ConsulPN/input_Nm. Tarjeta_txtNumeroTarjeta_cpn'

2022-09-19 14:44:31 - [MESSAGE][PASSED] - Text '1267161' is set on object 'Object Repository/Consulta y ajuste de saldo/Page_Metro Medelln -  ConsulPN/input_Nm. Tarjeta_txtNumeroTarjeta_cpn'

2022-09-19 14:44:31 - [TEST_STEP][PASSED] - click(findTestObject("Consulta y ajuste de saldo/Page_Metro Medelln -  ConsulPN/input_REGISTRO BLOQUEADO_btnBuscar_cpn")): Object: 'Object Repository/Consulta y ajuste de saldo/Page_Metro Medelln -  ConsulPN/input_REGISTRO BLOQUEADO_btnBuscar_cpn' is clicked on

2022-09-19 14:44:32 - [MESSAGE][PASSED] - Object: 'Object Repository/Consulta y ajuste de saldo/Page_Metro Medelln -  ConsulPN/input_REGISTRO BLOQUEADO_btnBuscar_cpn' is clicked on

2022-09-19 14:44:32 - [TEST_STEP][PASSED] - click(findTestObject("Consulta y ajuste de saldo/Page_Metro Medelln -  ConsulPN/img_cpn")): Object: 'Object Repository/Consulta y ajuste de saldo/Page_Metro Medelln -  ConsulPN/img_cpn' is clicked on

2022-09-19 14:44:32 - [MESSAGE][PASSED] - Object: 'Object Repository/Consulta y ajuste de saldo/Page_Metro Medelln -  ConsulPN/img_cpn' is clicked on

2022-09-19 14:44:32 - [TEST_STEP][PASSED] - switchToWindowUrl("https://qabanco.civica.com.co/Civica/Adquisicion/PuntodeVenta/frmAjusteCargaDet.aspx"): Switched to window with url: 'https://qabanco.civica.com.co/Civica/Adquisicion/PuntodeVenta/frmAjusteCargaDet.aspx'

2022-09-19 14:44:32 - [MESSAGE][PASSED] - Switched to window with url: 'https://qabanco.civica.com.co/Civica/Adquisicion/PuntodeVenta/frmAjusteCargaDet.aspx'

2022-09-19 14:44:32 - [TEST_STEP][PASSED] - focus(findTestObject("Consulta y ajuste de saldo/Page_Metro de Medelln - Adquisicion - Punto de Venta -  Ajuste de Carga/input_Valor_ctl00ContentPlaceHolder1txtValor_pdvab")): Object: 'Object Repository/Consulta y ajuste de saldo/Page_Metro de Medelln - Adquisicion - Punto de Venta -  Ajuste de Carga/input_Valor_ctl00ContentPlaceHolder1txtValor_pdvab' is focused

2022-09-19 14:44:33 - [MESSAGE][PASSED] - Object: 'Object Repository/Consulta y ajuste de saldo/Page_Metro de Medelln - Adquisicion - Punto de Venta -  Ajuste de Carga/input_Valor_ctl00ContentPlaceHolder1txtValor_pdvab' is focused

2022-09-19 14:44:33 - [TEST_STEP][PASSED] - setText(findTestObject("Consulta y ajuste de saldo/Page_Metro de Medelln - Adquisicion - Punto de Venta -  Ajuste de Carga/input_Valor_ctl00ContentPlaceHolder1txtValor_pdvab"), saldodebito): Text '15.000' is set on object 'Object Repository/Consulta y ajuste de saldo/Page_Metro de Medelln - Adquisicion - Punto de Venta -  Ajuste de Carga/input_Valor_ctl00ContentPlaceHolder1txtValor_pdvab'

2022-09-19 14:44:34 - [MESSAGE][PASSED] - Text '15.000' is set on object 'Object Repository/Consulta y ajuste de saldo/Page_Metro de Medelln - Adquisicion - Punto de Venta -  Ajuste de Carga/input_Valor_ctl00ContentPlaceHolder1txtValor_pdvab'

2022-09-19 14:44:34 - [TEST_STEP][PASSED] - click(findTestObject("Consulta y ajuste de saldo/Page_Metro de Medelln - Adquisicion - Punto de Venta -  Ajuste de Carga/select_- Seleccione - Motivo_pdvab")): Object: 'Object Repository/Consulta y ajuste de saldo/Page_Metro de Medelln - Adquisicion - Punto de Venta -  Ajuste de Carga/select_- Seleccione - Motivo_pdvab' is clicked on

2022-09-19 14:44:34 - [MESSAGE][PASSED] - Object: 'Object Repository/Consulta y ajuste de saldo/Page_Metro de Medelln - Adquisicion - Punto de Venta -  Ajuste de Carga/select_- Seleccione - Motivo_pdvab' is clicked on

2022-09-19 14:44:34 - [TEST_STEP][PASSED] - sendKeys(findTestObject("Consulta y ajuste de saldo/Page_Metro de Medelln - Adquisicion - Punto de Venta -  Ajuste de Carga/select_- Seleccione - Motivo_pdvab"), Keys.chord(ARROW_DOWN)): Keys 'DOWN + ' sent to object: 'Object Repository/Consulta y ajuste de saldo/Page_Metro de Medelln - Adquisicion - Punto de Venta -  Ajuste de Carga/select_- Seleccione - Motivo_pdvab'

2022-09-19 14:44:35 - [MESSAGE][PASSED] - Keys 'DOWN + ' sent to object: 'Object Repository/Consulta y ajuste de saldo/Page_Metro de Medelln - Adquisicion - Punto de Venta -  Ajuste de Carga/select_- Seleccione - Motivo_pdvab'

2022-09-19 14:44:35 - [TEST_STEP][PASSED] - sendKeys(findTestObject("Consulta y ajuste de saldo/Page_Metro de Medelln - Adquisicion - Punto de Venta -  Ajuste de Carga/select_- Seleccione - Motivo_pdvab"), Keys.chord(ENTER)): Keys 'ENTER + ' sent to object: 'Object Repository/Consulta y ajuste de saldo/Page_Metro de Medelln - Adquisicion - Punto de Venta -  Ajuste de Carga/select_- Seleccione - Motivo_pdvab'

2022-09-19 14:44:35 - [MESSAGE][PASSED] - Keys 'ENTER + ' sent to object: 'Object Repository/Consulta y ajuste de saldo/Page_Metro de Medelln - Adquisicion - Punto de Venta -  Ajuste de Carga/select_- Seleccione - Motivo_pdvab'

2022-09-19 14:44:35 - [TEST_STEP][PASSED] - click(findTestObject("Consulta y ajuste de saldo/Page_Metro de Medelln - Adquisicion - Punto de Venta -  Ajuste de Carga/textarea_Caracteres restantes  1000_ctl00ContentPlaceHolder1txtDescripcion_pdvab")): Object: 'Object Repository/Consulta y ajuste de saldo/Page_Metro de Medelln - Adquisicion - Punto de Venta -  Ajuste de Carga/textarea_Caracteres restantes  1000_ctl00ContentPlaceHolder1txtDescripcion_pdvab' is clicked on

2022-09-19 14:44:37 - [MESSAGE][PASSED] - Object: 'Object Repository/Consulta y ajuste de saldo/Page_Metro de Medelln - Adquisicion - Punto de Venta -  Ajuste de Carga/textarea_Caracteres restantes  1000_ctl00ContentPlaceHolder1txtDescripcion_pdvab' is clicked on

2022-09-19 14:44:37 - [TEST_STEP][PASSED] - setText(findTestObject("Consulta y ajuste de saldo/Page_Metro de Medelln - Adquisicion - Punto de Venta -  Ajuste de Carga/textarea_Caracteres restantes  1000_ctl00ContentPlaceHolder1txtDescripcion_pdvab"), "Prueba venta de tarjetas"): Text 'Prueba venta de tarjetas' is set on object 'Object Repository/Consulta y ajuste de saldo/Page_Metro de Medelln - Adquisicion - Punto de Venta -  Ajuste de Carga/textarea_Caracteres restantes  1000_ctl00ContentPlaceHolder1txtDescripcion_pdvab'

2022-09-19 14:44:38 - [MESSAGE][PASSED] - Text 'Prueba venta de tarjetas' is set on object 'Object Repository/Consulta y ajuste de saldo/Page_Metro de Medelln - Adquisicion - Punto de Venta -  Ajuste de Carga/textarea_Caracteres restantes  1000_ctl00ContentPlaceHolder1txtDescripcion_pdvab'

2022-09-19 14:44:38 - [TEST_STEP][PASSED] - click(findTestObject("Consulta y ajuste de saldo/Page_Metro de Medelln - Adquisicion - Punto de Venta -  Ajuste de Carga/input_Operador Modificacin_ctl00ContentPlaceHolder1btnConfirmar_pdvab")): Object: 'Object Repository/Consulta y ajuste de saldo/Page_Metro de Medelln - Adquisicion - Punto de Venta -  Ajuste de Carga/input_Operador Modificacin_ctl00ContentPlaceHolder1btnConfirmar_pdvab' is clicked on

2022-09-19 14:44:40 - [MESSAGE][PASSED] - Object: 'Object Repository/Consulta y ajuste de saldo/Page_Metro de Medelln - Adquisicion - Punto de Venta -  Ajuste de Carga/input_Operador Modificacin_ctl00ContentPlaceHolder1btnConfirmar_pdvab' is clicked on

2022-09-19 14:44:40 - [TEST_STEP][PASSED] - switchToWindowUrl("https://qabanco.civica.com.co/Civica/Includes/frmMensagem.aspx"): Switched to window with url: 'https://qabanco.civica.com.co/Civica/Includes/frmMensagem.aspx'

2022-09-19 14:44:41 - [MESSAGE][PASSED] - Switched to window with url: 'https://qabanco.civica.com.co/Civica/Includes/frmMensagem.aspx'

2022-09-19 14:44:41 - [TEST_STEP][PASSED] - click(findTestObject("Consulta y ajuste de saldo/Page_Metro Medelln -  Mensaje/input_Operacin efectuada con xito_btnOk_cpn")): Object: 'Object Repository/Consulta y ajuste de saldo/Page_Metro Medelln -  Mensaje/input_Operacin efectuada con xito_btnOk_cpn' is clicked on

2022-09-19 14:44:41 - [MESSAGE][PASSED] - Object: 'Object Repository/Consulta y ajuste de saldo/Page_Metro Medelln -  Mensaje/input_Operacin efectuada con xito_btnOk_cpn' is clicked on

2022-09-19 14:44:41 - [TEST_STEP][PASSED] - switchToWindowUrl("https://qabanco.civica.com.co/Civica/Adquisicion/PuntodeVenta/frmAjusteCargaDet.aspx?Cod=0"): Switched to window with url: 'https://qabanco.civica.com.co/Civica/Adquisicion/PuntodeVenta/frmAjusteCargaDet.aspx?Cod=0'

2022-09-19 14:44:42 - [MESSAGE][PASSED] - Switched to window with url: 'https://qabanco.civica.com.co/Civica/Adquisicion/PuntodeVenta/frmAjusteCargaDet.aspx?Cod=0'

2022-09-19 14:44:42 - [TEST_STEP][PASSED] - click(findTestObject("Consulta y ajuste de saldo/Page_Metro de Medelln - Adquisicion - Punto de Venta -  Ajuste de Carga/a_Aprobacin Ajuste de Carga_pdvab")): Object: 'Object Repository/Consulta y ajuste de saldo/Page_Metro de Medelln - Adquisicion - Punto de Venta -  Ajuste de Carga/a_Aprobacin Ajuste de Carga_pdvab' is clicked on

2022-09-19 14:44:43 - [MESSAGE][PASSED] - Object: 'Object Repository/Consulta y ajuste de saldo/Page_Metro de Medelln - Adquisicion - Punto de Venta -  Ajuste de Carga/a_Aprobacin Ajuste de Carga_pdvab' is clicked on

2022-09-19 14:44:43 - [TEST_STEP][PASSED] - click(findTestObject("Consulta y ajuste de saldo/Page_Metro de Medelln - Adquisicin - Pdv -  AproAju Carga/select_- Seleccione - Motivo Aprobacion_adqa")): Object: 'Object Repository/Consulta y ajuste de saldo/Page_Metro de Medelln - Adquisicin - Pdv -  AproAju Carga/select_- Seleccione - Motivo Aprobacion_adqa' is clicked on

2022-09-19 14:44:43 - [MESSAGE][PASSED] - Object: 'Object Repository/Consulta y ajuste de saldo/Page_Metro de Medelln - Adquisicin - Pdv -  AproAju Carga/select_- Seleccione - Motivo Aprobacion_adqa' is clicked on

2022-09-19 14:44:43 - [TEST_STEP][PASSED] - sendKeys(findTestObject("Consulta y ajuste de saldo/Page_Metro de Medelln - Adquisicin - Pdv -  AproAju Carga/select_- Seleccione - Motivo Aprobacion_adqa"), Keys.chord(ARROW_DOWN)): Keys 'DOWN + ' sent to object: 'Object Repository/Consulta y ajuste de saldo/Page_Metro de Medelln - Adquisicin - Pdv -  AproAju Carga/select_- Seleccione - Motivo Aprobacion_adqa'

2022-09-19 14:44:44 - [MESSAGE][PASSED] - Keys 'DOWN + ' sent to object: 'Object Repository/Consulta y ajuste de saldo/Page_Metro de Medelln - Adquisicin - Pdv -  AproAju Carga/select_- Seleccione - Motivo Aprobacion_adqa'

2022-09-19 14:44:44 - [TEST_STEP][PASSED] - sendKeys(findTestObject("Consulta y ajuste de saldo/Page_Metro de Medelln - Adquisicin - Pdv -  AproAju Carga/select_- Seleccione - Motivo Aprobacion_adqa"), Keys.chord(ENTER)): Keys 'ENTER + ' sent to object: 'Object Repository/Consulta y ajuste de saldo/Page_Metro de Medelln - Adquisicin - Pdv -  AproAju Carga/select_- Seleccione - Motivo Aprobacion_adqa'

2022-09-19 14:44:45 - [MESSAGE][PASSED] - Keys 'ENTER + ' sent to object: 'Object Repository/Consulta y ajuste de saldo/Page_Metro de Medelln - Adquisicin - Pdv -  AproAju Carga/select_- Seleccione - Motivo Aprobacion_adqa'

2022-09-19 14:44:45 - [TEST_STEP][PASSED] - click(findTestObject("Consulta y ajuste de saldo/Page_Metro de Medelln - Adquisicin - Pdv -  AproAju Carga/input__ctl00ContentPlaceHolder1btnBuscar_adqa")): Object: 'Object Repository/Consulta y ajuste de saldo/Page_Metro de Medelln - Adquisicin - Pdv -  AproAju Carga/input__ctl00ContentPlaceHolder1btnBuscar_adqa' is clicked on

2022-09-19 14:44:46 - [MESSAGE][PASSED] - Object: 'Object Repository/Consulta y ajuste de saldo/Page_Metro de Medelln - Adquisicin - Pdv -  AproAju Carga/input__ctl00ContentPlaceHolder1btnBuscar_adqa' is clicked on

2022-09-19 14:44:46 - [TEST_STEP][PASSED] - waitForPageLoad(30): Wait for page load successfully

2022-09-19 14:44:46 - [MESSAGE][PASSED] - Wait for page load successfully

2022-09-19 14:44:46 - [TEST_STEP][PASSED] - click(findTestObject("Consulta y ajuste de saldo/Page_Metro de Medelln - Adquisicin - Pdv -  AproAju Carga/input__ctl00ContentPlaceHolder1btnBuscar_adqa")): Object: 'Object Repository/Consulta y ajuste de saldo/Page_Metro de Medelln - Adquisicin - Pdv -  AproAju Carga/input__ctl00ContentPlaceHolder1btnBuscar_adqa' is clicked on

2022-09-19 14:44:48 - [MESSAGE][PASSED] - Object: 'Object Repository/Consulta y ajuste de saldo/Page_Metro de Medelln - Adquisicin - Pdv -  AproAju Carga/input__ctl00ContentPlaceHolder1btnBuscar_adqa' is clicked on

2022-09-19 14:44:48 - [TEST_STEP][PASSED] - waitForPageLoad(30): Wait for page load successfully

2022-09-19 14:44:48 - [MESSAGE][PASSED] - Wait for page load successfully

2022-09-19 14:44:48 - [TEST_STEP][PASSED] - check(findTestObject("Consulta y ajuste de saldo/Page_Metro de Medelln - Adquisicin - Pdv -  AproAju Carga/Aprobar_todos")): Object 'Object Repository/Consulta y ajuste de saldo/Page_Metro de Medelln - Adquisicin - Pdv -  AproAju Carga/Aprobar_todos' is checked

2022-09-19 14:44:48 - [MESSAGE][PASSED] - Object 'Object Repository/Consulta y ajuste de saldo/Page_Metro de Medelln - Adquisicin - Pdv -  AproAju Carga/Aprobar_todos' is checked

2022-09-19 14:44:48 - [TEST_STEP][PASSED] - click(findTestObject("Consulta y ajuste de saldo/Page_Metro de Medelln - Adquisicin - Pdv -  AproAju Carga/input_registro(s) encontrado(s)_ctl00ContentPlaceHolder1btnAprobar_adqa")): Object: 'Object Repository/Consulta y ajuste de saldo/Page_Metro de Medelln - Adquisicin - Pdv -  AproAju Carga/input_registro(s) encontrado(s)_ctl00ContentPlaceHolder1btnAprobar_adqa' is clicked on

2022-09-19 14:44:49 - [MESSAGE][PASSED] - Object: 'Object Repository/Consulta y ajuste de saldo/Page_Metro de Medelln - Adquisicin - Pdv -  AproAju Carga/input_registro(s) encontrado(s)_ctl00ContentPlaceHolder1btnAprobar_adqa' is clicked on

2022-09-19 14:44:49 - [TEST_STEP][PASSED] - delay(2): Delayed 2 second(s)

2022-09-19 14:44:51 - [MESSAGE][PASSED] - Delayed 2 second(s)

2022-09-19 14:44:51 - [TEST_STEP][PASSED] - click(findTestObject("Consulta y ajuste de saldo/Page_Metro de Medelln - Adquisicin - Pdv -  AproAju Carga/select_- Seleccione - Motivo Aprobacion_adqa")): Object: 'Object Repository/Consulta y ajuste de saldo/Page_Metro de Medelln - Adquisicin - Pdv -  AproAju Carga/select_- Seleccione - Motivo Aprobacion_adqa' is clicked on

2022-09-19 14:44:51 - [MESSAGE][PASSED] - Object: 'Object Repository/Consulta y ajuste de saldo/Page_Metro de Medelln - Adquisicin - Pdv -  AproAju Carga/select_- Seleccione - Motivo Aprobacion_adqa' is clicked on

2022-09-19 14:44:51 - [TEST_STEP][PASSED] - sendKeys(findTestObject("Consulta y ajuste de saldo/Page_Metro de Medelln - Adquisicin - Pdv -  AproAju Carga/select_- Seleccione - Motivo Aprobacion_adqa"), Keys.chord(ENTER)): Keys 'ENTER + ' sent to object: 'Object Repository/Consulta y ajuste de saldo/Page_Metro de Medelln - Adquisicin - Pdv -  AproAju Carga/select_- Seleccione - Motivo Aprobacion_adqa'

2022-09-19 14:44:52 - [MESSAGE][PASSED] - Keys 'ENTER + ' sent to object: 'Object Repository/Consulta y ajuste de saldo/Page_Metro de Medelln - Adquisicin - Pdv -  AproAju Carga/select_- Seleccione - Motivo Aprobacion_adqa'

2022-09-19 14:44:52 - [TEST_STEP][PASSED] - click(findTestObject("Consulta y ajuste de saldo/Page_Metro de Medelln - Adquisicin - Pdv -  AproAju Carga/input__ctl00ContentPlaceHolder1btnBuscar_adqa")): Object: 'Object Repository/Consulta y ajuste de saldo/Page_Metro de Medelln - Adquisicin - Pdv -  AproAju Carga/input__ctl00ContentPlaceHolder1btnBuscar_adqa' is clicked on

2022-09-19 14:44:54 - [MESSAGE][PASSED] - Object: 'Object Repository/Consulta y ajuste de saldo/Page_Metro de Medelln - Adquisicin - Pdv -  AproAju Carga/input__ctl00ContentPlaceHolder1btnBuscar_adqa' is clicked on

2022-09-19 14:44:54 - [TEST_STEP][PASSED] - waitForPageLoad(30): Wait for page load successfully

2022-09-19 14:44:54 - [MESSAGE][PASSED] - Wait for page load successfully

2022-09-19 14:44:54 - [TEST_STEP][PASSED] - click(findTestObject("Consulta y ajuste de saldo/Page_Metro de Medelln - Adquisicin - Pdv -  AproAju Carga/input__ctl00ContentPlaceHolder1btnBuscar_adqa")): Object: 'Object Repository/Consulta y ajuste de saldo/Page_Metro de Medelln - Adquisicin - Pdv -  AproAju Carga/input__ctl00ContentPlaceHolder1btnBuscar_adqa' is clicked on

2022-09-19 14:44:55 - [MESSAGE][PASSED] - Object: 'Object Repository/Consulta y ajuste de saldo/Page_Metro de Medelln - Adquisicin - Pdv -  AproAju Carga/input__ctl00ContentPlaceHolder1btnBuscar_adqa' is clicked on

2022-09-19 14:44:55 - [TEST_STEP][PASSED] - waitForPageLoad(30): Wait for page load successfully

2022-09-19 14:44:55 - [MESSAGE][PASSED] - Wait for page load successfully

2022-09-19 14:44:55 - [TEST_STEP][PASSED] - check(findTestObject("Consulta y ajuste de saldo/Page_Metro de Medelln - Adquisicin - Pdv -  AproAju Carga/Aprobar_todos")): Object 'Object Repository/Consulta y ajuste de saldo/Page_Metro de Medelln - Adquisicin - Pdv -  AproAju Carga/Aprobar_todos' is checked

2022-09-19 14:44:55 - [MESSAGE][PASSED] - Object 'Object Repository/Consulta y ajuste de saldo/Page_Metro de Medelln - Adquisicin - Pdv -  AproAju Carga/Aprobar_todos' is checked

2022-09-19 14:44:55 - [TEST_STEP][PASSED] - click(findTestObject("Consulta y ajuste de saldo/Page_Metro de Medelln - Adquisicin - Pdv -  AproAju Carga/input_registro(s) encontrado(s)_ctl00ContentPlaceHolder1btnAprobar_adqa")): Object: 'Object Repository/Consulta y ajuste de saldo/Page_Metro de Medelln - Adquisicin - Pdv -  AproAju Carga/input_registro(s) encontrado(s)_ctl00ContentPlaceHolder1btnAprobar_adqa' is clicked on

2022-09-19 14:44:56 - [MESSAGE][PASSED] - Object: 'Object Repository/Consulta y ajuste de saldo/Page_Metro de Medelln - Adquisicin - Pdv -  AproAju Carga/input_registro(s) encontrado(s)_ctl00ContentPlaceHolder1btnAprobar_adqa' is clicked on

2022-09-19 14:44:56 - [TEST_STEP][PASSED] - acceptAlert(): Alert accepted

2022-09-19 14:44:56 - [MESSAGE][PASSED] - Alert accepted

2022-09-19 14:44:56 - [TEST_STEP][PASSED] - delay(3): Delayed 3 second(s)

2022-09-19 14:44:59 - [MESSAGE][PASSED] - Delayed 3 second(s)

2022-09-19 14:44:59 - [TEST_STEP][PASSED] - closeBrowser(): Browser is closed

2022-09-19 14:45:01 - [MESSAGE][PASSED] - Browser is closed]]></system-out>
         <system-err><![CDATA[]]></system-err>
      </testcase>
      <system-out><![CDATA[2022-09-19 14:41:59 - [TEST_SUITE][FAILED] - Preparacion tarjeta venta: Test Cases/Preparacion tarjeta venta FAILED.
Reason:
com.kms.katalon.core.exception.StepFailedException: Unable to check object 'Object Repository/Consulta y ajuste de saldo/Page_Metro de Medelln - Adquisicin - Pdv -  AproAju Carga/Aprobar_todos'
	at com.kms.katalon.core.webui.keyword.internal.WebUIKeywordMain.stepFailed(WebUIKeywordMain.groovy:64)
	at com.kms.katalon.core.webui.keyword.internal.WebUIKeywordMain.runKeyword(WebUIKeywordMain.groovy:26)
	at com.kms.katalon.core.webui.keyword.builtin.CheckKeyword.check(CheckKeyword.groovy:88)
	at com.kms.katalon.core.webui.keyword.builtin.CheckKeyword.execute(CheckKeyword.groovy:67)
	at com.kms.katalon.core.keyword.internal.KeywordExecutor.executeKeywordForPlatform(KeywordExecutor.groovy:74)
	at com.kms.katalon.core.webui.keyword.WebUiBuiltInKeywords.check(WebUiBuiltInKeywords.groovy:1069)
	at com.kms.katalon.core.webui.keyword.WebUiBuiltInKeywords$check$8.call(Unknown Source)
	at Preparacion tarjeta venta.run(Preparacion tarjeta venta:145)
	at com.kms.katalon.core.main.ScriptEngine.run(ScriptEngine.java:194)
	at com.kms.katalon.core.main.ScriptEngine.runScriptAsRawText(ScriptEngine.java:119)
	at com.kms.katalon.core.main.TestCaseExecutor.runScript(TestCaseExecutor.java:448)
	at com.kms.katalon.core.main.TestCaseExecutor.doExecute(TestCaseExecutor.java:439)
	at com.kms.katalon.core.main.TestCaseExecutor.processExecutionPhase(TestCaseExecutor.java:418)
	at com.kms.katalon.core.main.TestCaseExecutor.accessMainPhase(TestCaseExecutor.java:410)
	at com.kms.katalon.core.main.TestCaseExecutor.execute(TestCaseExecutor.java:285)
	at com.kms.katalon.core.common.CommonExecutor.accessTestCaseMainPhase(CommonExecutor.java:65)
	at com.kms.katalon.core.main.TestSuiteExecutor.accessTestSuiteMainPhase(TestSuiteExecutor.java:144)
	at com.kms.katalon.core.main.TestSuiteExecutor.execute(TestSuiteExecutor.java:106)
	at com.kms.katalon.core.main.TestCaseMain.startTestSuite(TestCaseMain.java:185)
	at com.kms.katalon.core.main.TestCaseMain$startTestSuite$0.call(Unknown Source)
	at TempTestSuite1663616503720.run(TempTestSuite1663616503720.groovy:36)
Caused by: com.kms.katalon.core.webui.exception.WebElementNotFoundException: Web element with id: 'Object Repository/Consulta y ajuste de saldo/Page_Metro de Medelln - Adquisicin - Pdv -  AproAju Carga/Aprobar_todos' located by '//input[@name='allbox']' not found
	at com.kms.katalon.core.webui.common.WebUiCommonHelper.findWebElement(WebUiCommonHelper.java:1370)
	at com.kms.katalon.core.webui.keyword.internal.WebUIAbstractKeyword.findWebElement(WebUIAbstractKeyword.groovy:27)
	at com.kms.katalon.core.webui.keyword.internal.WebUIAbstractKeyword.findWebElement(WebUIAbstractKeyword.groovy:26)
	at com.kms.katalon.core.webui.keyword.builtin.CheckKeyword$_check_closure1.doCall(CheckKeyword.groovy:77)
	at com.kms.katalon.core.webui.keyword.builtin.CheckKeyword$_check_closure1.call(CheckKeyword.groovy)
	at com.kms.katalon.core.webui.keyword.internal.WebUIKeywordMain.runKeyword(WebUIKeywordMain.groovy:20)
	... 19 more]]></system-out>
      <system-err><![CDATA[2022-09-19 14:41:59 - [TEST_SUITE][FAILED] - Preparacion tarjeta venta: Test Cases/Preparacion tarjeta venta FAILED.
Reason:
com.kms.katalon.core.exception.StepFailedException: Unable to check object 'Object Repository/Consulta y ajuste de saldo/Page_Metro de Medelln - Adquisicin - Pdv -  AproAju Carga/Aprobar_todos'
	at com.kms.katalon.core.webui.keyword.internal.WebUIKeywordMain.stepFailed(WebUIKeywordMain.groovy:64)
	at com.kms.katalon.core.webui.keyword.internal.WebUIKeywordMain.runKeyword(WebUIKeywordMain.groovy:26)
	at com.kms.katalon.core.webui.keyword.builtin.CheckKeyword.check(CheckKeyword.groovy:88)
	at com.kms.katalon.core.webui.keyword.builtin.CheckKeyword.execute(CheckKeyword.groovy:67)
	at com.kms.katalon.core.keyword.internal.KeywordExecutor.executeKeywordForPlatform(KeywordExecutor.groovy:74)
	at com.kms.katalon.core.webui.keyword.WebUiBuiltInKeywords.check(WebUiBuiltInKeywords.groovy:1069)
	at com.kms.katalon.core.webui.keyword.WebUiBuiltInKeywords$check$8.call(Unknown Source)
	at Preparacion tarjeta venta.run(Preparacion tarjeta venta:145)
	at com.kms.katalon.core.main.ScriptEngine.run(ScriptEngine.java:194)
	at com.kms.katalon.core.main.ScriptEngine.runScriptAsRawText(ScriptEngine.java:119)
	at com.kms.katalon.core.main.TestCaseExecutor.runScript(TestCaseExecutor.java:448)
	at com.kms.katalon.core.main.TestCaseExecutor.doExecute(TestCaseExecutor.java:439)
	at com.kms.katalon.core.main.TestCaseExecutor.processExecutionPhase(TestCaseExecutor.java:418)
	at com.kms.katalon.core.main.TestCaseExecutor.accessMainPhase(TestCaseExecutor.java:410)
	at com.kms.katalon.core.main.TestCaseExecutor.execute(TestCaseExecutor.java:285)
	at com.kms.katalon.core.common.CommonExecutor.accessTestCaseMainPhase(CommonExecutor.java:65)
	at com.kms.katalon.core.main.TestSuiteExecutor.accessTestSuiteMainPhase(TestSuiteExecutor.java:144)
	at com.kms.katalon.core.main.TestSuiteExecutor.execute(TestSuiteExecutor.java:106)
	at com.kms.katalon.core.main.TestCaseMain.startTestSuite(TestCaseMain.java:185)
	at com.kms.katalon.core.main.TestCaseMain$startTestSuite$0.call(Unknown Source)
	at TempTestSuite1663616503720.run(TempTestSuite1663616503720.groovy:36)
Caused by: com.kms.katalon.core.webui.exception.WebElementNotFoundException: Web element with id: 'Object Repository/Consulta y ajuste de saldo/Page_Metro de Medelln - Adquisicin - Pdv -  AproAju Carga/Aprobar_todos' located by '//input[@name='allbox']' not found
	at com.kms.katalon.core.webui.common.WebUiCommonHelper.findWebElement(WebUiCommonHelper.java:1370)
	at com.kms.katalon.core.webui.keyword.internal.WebUIAbstractKeyword.findWebElement(WebUIAbstractKeyword.groovy:27)
	at com.kms.katalon.core.webui.keyword.internal.WebUIAbstractKeyword.findWebElement(WebUIAbstractKeyword.groovy:26)
	at com.kms.katalon.core.webui.keyword.builtin.CheckKeyword$_check_closure1.doCall(CheckKeyword.groovy:77)
	at com.kms.katalon.core.webui.keyword.builtin.CheckKeyword$_check_closure1.call(CheckKeyword.groovy)
	at com.kms.katalon.core.webui.keyword.internal.WebUIKeywordMain.runKeyword(WebUIKeywordMain.groovy:20)
	... 19 more]]></system-err>
   </testsuite>
</testsuites>
