<?xml version="1.0" encoding="UTF-8"?>
<testsuites name="Ajuste Credito" time="252.621" tests="3" failures="0" errors="0">
   <testsuite name="Ajuste Credito" tests="3" failures="0" errors="0" time="252.621" skipped="0" timestamp="2022-09-22 15:48:31" hostname="feflorez - UENOP029.metrodemedellin.gov.co" id="Test Suites/Ajuste Credito">
      <properties>
         <property name="deviceName" value=""/>
         <property name="devicePlatform" value=""/>
         <property name="logFolder" value="C:\\Users\\feflorez\\git\\Automatizacion-de-procesos-QA-Metro\\Reports\\20220922_154812\\Ajuste Credito\\20220922_154812"/>
         <property name="logFiles" value="C:\\Users\\feflorez\\git\\Automatizacion-de-procesos-QA-Metro\\Reports\\20220922_154812\\Ajuste Credito\\20220922_154812\\execution0.log"/>
         <property name="attachments" value=""/>
         <property name="hostName" value="feflorez - UENOP029.metrodemedellin.gov.co"/>
         <property name="os" value="Windows 10 64bit"/>
         <property name="katalonVersion" value="8.4.1.208"/>
         <property name="browser" value="Chrome 105.0.0.0"/>
         <property name="hostAddress" value="172.23.20.156"/>
         <property name="sessionId" value="938d7e0780554a10bcdb4bb7478c34b9"/>
         <property name="seleniumVersion" value="3.141.59"/>
         <property name="proxyInformation" value="ProxyInformation { proxyOption=NO_PROXY, proxyServerType=HTTP, username=, password=********, proxyServerAddress=, proxyServerPort=0, executionList=&quot;&quot;, isApplyToDesiredCapabilities=true }"/>
         <property name="platform" value="Windows 10"/>
      </properties>
      <testcase name="Test Cases/Ajuste credito - 10000" time="93.475" classname="Test Cases/Ajuste credito - 10000" status="PASSED">
         <system-out><![CDATA[2022-09-22 15:48:31 - [TEST_CASE][PASSED] - Test Cases/Ajuste credito - 10000: Test Cases/Ajuste credito - 10000

2022-09-22 15:48:33 - [TEST_STEP][PASSED] - openBrowser("https://qabanco.civica.com.co/civica/index.aspx"): Browser is opened with url: 'https://qabanco.civica.com.co/civica/index.aspx'

2022-09-22 15:48:34 - [MESSAGE][INFO] - Starting 'Chrome' driver

2022-09-22 15:48:34 - [MESSAGE][INFO] - Action delay is set to 0 milliseconds

2022-09-22 15:48:58 - [MESSAGE][PASSED] - Browser is opened with url: 'https://qabanco.civica.com.co/civica/index.aspx'

2022-09-22 15:48:58 - [TEST_STEP][PASSED] - waitForPageLoad(30): Wait for page load successfully

2022-09-22 15:48:59 - [MESSAGE][PASSED] - Wait for page load successfully

2022-09-22 15:48:59 - [TEST_STEP][PASSED] - maximizeWindow(): Current window maximized

2022-09-22 15:48:59 - [MESSAGE][PASSED] - Current window maximized

2022-09-22 15:48:59 - [TEST_STEP][PASSED] - focus(findTestObject("Inicio de sesion - Cívica Calidad/Inicio de sesion_Civica Calidad/input_Cdula usuario_txtLogin")): Object: 'Object Repository/Inicio de sesion - Cívica Calidad/Inicio de sesion_Civica Calidad/input_Cdula usuario_txtLogin' is focused

2022-09-22 15:49:00 - [MESSAGE][PASSED] - Object: 'Object Repository/Inicio de sesion - Cívica Calidad/Inicio de sesion_Civica Calidad/input_Cdula usuario_txtLogin' is focused

2022-09-22 15:49:00 - [TEST_STEP][PASSED] - setText(findTestObject("Inicio de sesion - Cívica Calidad/Inicio de sesion_Civica Calidad/input_Cdula usuario_txtLogin"), findTestData("Usuarios/Usuarios login").getValue(1, 1)): Text '1028015407' is set on object 'Object Repository/Inicio de sesion - Cívica Calidad/Inicio de sesion_Civica Calidad/input_Cdula usuario_txtLogin'

2022-09-22 15:49:09 - [MESSAGE][PASSED] - Text '1028015407' is set on object 'Object Repository/Inicio de sesion - Cívica Calidad/Inicio de sesion_Civica Calidad/input_Cdula usuario_txtLogin'

2022-09-22 15:49:09 - [TEST_STEP][PASSED] - focus(findTestObject("Inicio de sesion - Cívica Calidad/Inicio de sesion_Civica Calidad/input_Contrasea_txtSena")): Object: 'Object Repository/Inicio de sesion - Cívica Calidad/Inicio de sesion_Civica Calidad/input_Contrasea_txtSena' is focused

2022-09-22 15:49:10 - [MESSAGE][PASSED] - Object: 'Object Repository/Inicio de sesion - Cívica Calidad/Inicio de sesion_Civica Calidad/input_Contrasea_txtSena' is focused

2022-09-22 15:49:10 - [TEST_STEP][PASSED] - setText(findTestObject("Inicio de sesion - Cívica Calidad/Inicio de sesion_Civica Calidad/input_Contrasea_txtSena"), findTestData("Usuarios/Usuarios login").getValue(2, 1)): Text '12345678' is set on object 'Object Repository/Inicio de sesion - Cívica Calidad/Inicio de sesion_Civica Calidad/input_Contrasea_txtSena'

2022-09-22 15:49:11 - [MESSAGE][PASSED] - Text '12345678' is set on object 'Object Repository/Inicio de sesion - Cívica Calidad/Inicio de sesion_Civica Calidad/input_Contrasea_txtSena'

2022-09-22 15:49:11 - [TEST_STEP][PASSED] - click(findTestObject("Inicio de sesion - Cívica Calidad/Inicio de sesion_Civica Calidad/input_Contrasea_btnOk")): Object: 'Object Repository/Inicio de sesion - Cívica Calidad/Inicio de sesion_Civica Calidad/input_Contrasea_btnOk' is clicked on

2022-09-22 15:49:17 - [MESSAGE][PASSED] - Object: 'Object Repository/Inicio de sesion - Cívica Calidad/Inicio de sesion_Civica Calidad/input_Contrasea_btnOk' is clicked on

2022-09-22 15:49:17 - [TEST_STEP][PASSED] - waitForPageLoad(30): Wait for page load successfully

2022-09-22 15:49:17 - [MESSAGE][PASSED] - Wait for page load successfully

2022-09-22 15:49:17 - [TEST_STEP][PASSED] - click(findTestObject("Pagina inicial/Page_Metro de Medelln - Sea bienvenido/em_Adquisicin_bv")): Object: 'Object Repository/Pagina inicial/Page_Metro de Medelln - Sea bienvenido/em_Adquisicin_bv' is clicked on

2022-09-22 15:49:18 - [MESSAGE][PASSED] - Object: 'Object Repository/Pagina inicial/Page_Metro de Medelln - Sea bienvenido/em_Adquisicin_bv' is clicked on

2022-09-22 15:49:18 - [TEST_STEP][PASSED] - waitForPageLoad(30): Wait for page load successfully

2022-09-22 15:49:18 - [MESSAGE][PASSED] - Wait for page load successfully

2022-09-22 15:49:18 - [TEST_STEP][PASSED] - click(findTestObject("Consulta y ajuste de saldo/Page_Metro de Medellin -  Adquisicin/a_Punto de Venta_adq")): Object: 'Object Repository/Consulta y ajuste de saldo/Page_Metro de Medellin -  Adquisicin/a_Punto de Venta_adq' is clicked on

2022-09-22 15:49:19 - [MESSAGE][PASSED] - Object: 'Object Repository/Consulta y ajuste de saldo/Page_Metro de Medellin -  Adquisicin/a_Punto de Venta_adq' is clicked on

2022-09-22 15:49:19 - [TEST_STEP][PASSED] - waitForPageLoad(30): Wait for page load successfully

2022-09-22 15:49:19 - [MESSAGE][PASSED] - Wait for page load successfully

2022-09-22 15:49:19 - [TEST_STEP][PASSED] - click(findTestObject("Consulta y ajuste de saldo/Page_Metro de Medelln - Adquisicin - Punto de Venta -  Ajuste de Carga/a_Ajuste de Carga_pdva")): Object: 'Object Repository/Consulta y ajuste de saldo/Page_Metro de Medelln - Adquisicin - Punto de Venta -  Ajuste de Carga/a_Ajuste de Carga_pdva' is clicked on

2022-09-22 15:49:21 - [MESSAGE][PASSED] - Object: 'Object Repository/Consulta y ajuste de saldo/Page_Metro de Medelln - Adquisicin - Punto de Venta -  Ajuste de Carga/a_Ajuste de Carga_pdva' is clicked on

2022-09-22 15:49:21 - [TEST_STEP][PASSED] - waitForPageLoad(30): Wait for page load successfully

2022-09-22 15:49:21 - [MESSAGE][PASSED] - Wait for page load successfully

2022-09-22 15:49:21 - [TEST_STEP][PASSED] - click(findTestObject("Consulta y ajuste de saldo/Page_Metro de Medelln - Adquisicin - Punto de Venta -  Ajuste de Carga/a_Nuevo Registro_pdva")): Object: 'Object Repository/Consulta y ajuste de saldo/Page_Metro de Medelln - Adquisicin - Punto de Venta -  Ajuste de Carga/a_Nuevo Registro_pdva' is clicked on

2022-09-22 15:49:24 - [MESSAGE][PASSED] - Object: 'Object Repository/Consulta y ajuste de saldo/Page_Metro de Medelln - Adquisicin - Punto de Venta -  Ajuste de Carga/a_Nuevo Registro_pdva' is clicked on

2022-09-22 15:49:24 - [TEST_STEP][PASSED] - waitForPageLoad(30): Wait for page load successfully

2022-09-22 15:49:24 - [MESSAGE][PASSED] - Wait for page load successfully

2022-09-22 15:49:24 - [TEST_STEP][PASSED] - click(findTestObject("Consulta y ajuste de saldo/Page_Metro de Medelln - Adquisicion - Punto de Venta -  Ajuste de Carga/input_Apellidos_ctl00ContentPlaceHolder1btnBuscarUsu_pdvab")): Object: 'Object Repository/Consulta y ajuste de saldo/Page_Metro de Medelln - Adquisicion - Punto de Venta -  Ajuste de Carga/input_Apellidos_ctl00ContentPlaceHolder1btnBuscarUsu_pdvab' is clicked on

2022-09-22 15:49:27 - [MESSAGE][PASSED] - Object: 'Object Repository/Consulta y ajuste de saldo/Page_Metro de Medelln - Adquisicion - Punto de Venta -  Ajuste de Carga/input_Apellidos_ctl00ContentPlaceHolder1btnBuscarUsu_pdvab' is clicked on

2022-09-22 15:49:27 - [TEST_STEP][PASSED] - waitForPageLoad(30): Wait for page load successfully

2022-09-22 15:49:27 - [MESSAGE][PASSED] - Wait for page load successfully

2022-09-22 15:49:27 - [TEST_STEP][PASSED] - switchToWindowUrl("https://qabanco.civica.com.co/Civica/Usuarios/Registros/frmUsuariosPNTarjetaPopup.aspx?nombre=&cedula=&tarjeta="): Switched to window with url: 'https://qabanco.civica.com.co/Civica/Usuarios/Registros/frmUsuariosPNTarjetaPopup.aspx?nombre=&cedula=&tarjeta='

2022-09-22 15:49:27 - [MESSAGE][PASSED] - Switched to window with url: 'https://qabanco.civica.com.co/Civica/Usuarios/Registros/frmUsuariosPNTarjetaPopup.aspx?nombre=&cedula=&tarjeta='

2022-09-22 15:49:27 - [TEST_STEP][PASSED] - focus(findTestObject("Consulta y ajuste de saldo/Page_Metro Medelln -  ConsulPN/input_Nm. Tarjeta_txtNumeroTarjeta_cpn")): Object: 'Object Repository/Consulta y ajuste de saldo/Page_Metro Medelln -  ConsulPN/input_Nm. Tarjeta_txtNumeroTarjeta_cpn' is focused

2022-09-22 15:49:28 - [MESSAGE][PASSED] - Object: 'Object Repository/Consulta y ajuste de saldo/Page_Metro Medelln -  ConsulPN/input_Nm. Tarjeta_txtNumeroTarjeta_cpn' is focused

2022-09-22 15:49:28 - [TEST_STEP][PASSED] - setText(findTestObject("Consulta y ajuste de saldo/Page_Metro Medelln -  ConsulPN/input_Nm. Tarjeta_txtNumeroTarjeta_cpn"), "1267161"): Text '1267161' is set on object 'Object Repository/Consulta y ajuste de saldo/Page_Metro Medelln -  ConsulPN/input_Nm. Tarjeta_txtNumeroTarjeta_cpn'

2022-09-22 15:49:28 - [MESSAGE][PASSED] - Text '1267161' is set on object 'Object Repository/Consulta y ajuste de saldo/Page_Metro Medelln -  ConsulPN/input_Nm. Tarjeta_txtNumeroTarjeta_cpn'

2022-09-22 15:49:28 - [TEST_STEP][PASSED] - click(findTestObject("Consulta y ajuste de saldo/Page_Metro Medelln -  ConsulPN/input_REGISTRO BLOQUEADO_btnBuscar_cpn")): Object: 'Object Repository/Consulta y ajuste de saldo/Page_Metro Medelln -  ConsulPN/input_REGISTRO BLOQUEADO_btnBuscar_cpn' is clicked on

2022-09-22 15:49:31 - [MESSAGE][PASSED] - Object: 'Object Repository/Consulta y ajuste de saldo/Page_Metro Medelln -  ConsulPN/input_REGISTRO BLOQUEADO_btnBuscar_cpn' is clicked on

2022-09-22 15:49:31 - [TEST_STEP][PASSED] - click(findTestObject("Consulta y ajuste de saldo/Page_Metro Medelln -  ConsulPN/img_cpn")): Object: 'Object Repository/Consulta y ajuste de saldo/Page_Metro Medelln -  ConsulPN/img_cpn' is clicked on

2022-09-22 15:49:32 - [MESSAGE][PASSED] - Object: 'Object Repository/Consulta y ajuste de saldo/Page_Metro Medelln -  ConsulPN/img_cpn' is clicked on

2022-09-22 15:49:32 - [TEST_STEP][PASSED] - switchToWindowUrl("https://qabanco.civica.com.co/Civica/Adquisicion/PuntodeVenta/frmAjusteCargaDet.aspx"): Switched to window with url: 'https://qabanco.civica.com.co/Civica/Adquisicion/PuntodeVenta/frmAjusteCargaDet.aspx'

2022-09-22 15:49:32 - [MESSAGE][PASSED] - Switched to window with url: 'https://qabanco.civica.com.co/Civica/Adquisicion/PuntodeVenta/frmAjusteCargaDet.aspx'

2022-09-22 15:49:32 - [TEST_STEP][PASSED] - click(findTestObject("Page_MedeMe - Adqcion - PdV -  Ajuste credito/Chechk credito")): Object: 'Object Repository/Page_MedeMe - Adqcion - PdV -  Ajuste credito/Chechk credito' is clicked on

2022-09-22 15:49:32 - [MESSAGE][PASSED] - Object: 'Object Repository/Page_MedeMe - Adqcion - PdV -  Ajuste credito/Chechk credito' is clicked on

2022-09-22 15:49:32 - [TEST_STEP][PASSED] - delay(2): Delayed 2 second(s)

2022-09-22 15:49:35 - [MESSAGE][PASSED] - Delayed 2 second(s)

2022-09-22 15:49:35 - [TEST_STEP][PASSED] - focus(findTestObject("Consulta y ajuste de saldo/Page_Metro de Medelln - Adquisicion - Punto de Venta -  Ajuste de Carga/input_Valor_ctl00ContentPlaceHolder1txtValor_pdvab")): Object: 'Object Repository/Consulta y ajuste de saldo/Page_Metro de Medelln - Adquisicion - Punto de Venta -  Ajuste de Carga/input_Valor_ctl00ContentPlaceHolder1txtValor_pdvab' is focused

2022-09-22 15:49:35 - [MESSAGE][PASSED] - Object: 'Object Repository/Consulta y ajuste de saldo/Page_Metro de Medelln - Adquisicion - Punto de Venta -  Ajuste de Carga/input_Valor_ctl00ContentPlaceHolder1txtValor_pdvab' is focused

2022-09-22 15:49:35 - [TEST_STEP][PASSED] - setText(findTestObject("Consulta y ajuste de saldo/Page_Metro de Medelln - Adquisicion - Punto de Venta -  Ajuste de Carga/input_Valor_ctl00ContentPlaceHolder1txtValor_pdvab"), "10000"): Text '10000' is set on object 'Object Repository/Consulta y ajuste de saldo/Page_Metro de Medelln - Adquisicion - Punto de Venta -  Ajuste de Carga/input_Valor_ctl00ContentPlaceHolder1txtValor_pdvab'

2022-09-22 15:49:36 - [MESSAGE][PASSED] - Text '10000' is set on object 'Object Repository/Consulta y ajuste de saldo/Page_Metro de Medelln - Adquisicion - Punto de Venta -  Ajuste de Carga/input_Valor_ctl00ContentPlaceHolder1txtValor_pdvab'

2022-09-22 15:49:36 - [TEST_STEP][PASSED] - click(findTestObject("Consulta y ajuste de saldo/Page_Metro de Medelln - Adquisicion - Punto de Venta -  Ajuste de Carga/select_- Seleccione - Motivo_pdvab")): Object: 'Object Repository/Consulta y ajuste de saldo/Page_Metro de Medelln - Adquisicion - Punto de Venta -  Ajuste de Carga/select_- Seleccione - Motivo_pdvab' is clicked on

2022-09-22 15:49:37 - [MESSAGE][PASSED] - Object: 'Object Repository/Consulta y ajuste de saldo/Page_Metro de Medelln - Adquisicion - Punto de Venta -  Ajuste de Carga/select_- Seleccione - Motivo_pdvab' is clicked on

2022-09-22 15:49:37 - [TEST_STEP][PASSED] - sendKeys(findTestObject("Consulta y ajuste de saldo/Page_Metro de Medelln - Adquisicion - Punto de Venta -  Ajuste de Carga/select_- Seleccione - Motivo_pdvab"), Keys.chord(ARROW_DOWN)): Keys 'DOWN + ' sent to object: 'Object Repository/Consulta y ajuste de saldo/Page_Metro de Medelln - Adquisicion - Punto de Venta -  Ajuste de Carga/select_- Seleccione - Motivo_pdvab'

2022-09-22 15:49:37 - [MESSAGE][PASSED] - Keys 'DOWN + ' sent to object: 'Object Repository/Consulta y ajuste de saldo/Page_Metro de Medelln - Adquisicion - Punto de Venta -  Ajuste de Carga/select_- Seleccione - Motivo_pdvab'

2022-09-22 15:49:37 - [TEST_STEP][PASSED] - sendKeys(findTestObject("Consulta y ajuste de saldo/Page_Metro de Medelln - Adquisicion - Punto de Venta -  Ajuste de Carga/select_- Seleccione - Motivo_pdvab"), Keys.chord(ENTER)): Keys 'ENTER + ' sent to object: 'Object Repository/Consulta y ajuste de saldo/Page_Metro de Medelln - Adquisicion - Punto de Venta -  Ajuste de Carga/select_- Seleccione - Motivo_pdvab'

2022-09-22 15:49:38 - [MESSAGE][PASSED] - Keys 'ENTER + ' sent to object: 'Object Repository/Consulta y ajuste de saldo/Page_Metro de Medelln - Adquisicion - Punto de Venta -  Ajuste de Carga/select_- Seleccione - Motivo_pdvab'

2022-09-22 15:49:38 - [TEST_STEP][PASSED] - click(findTestObject("Consulta y ajuste de saldo/Page_Metro de Medelln - Adquisicion - Punto de Venta -  Ajuste de Carga/textarea_Caracteres restantes  1000_ctl00ContentPlaceHolder1txtDescripcion_pdvab")): Object: 'Object Repository/Consulta y ajuste de saldo/Page_Metro de Medelln - Adquisicion - Punto de Venta -  Ajuste de Carga/textarea_Caracteres restantes  1000_ctl00ContentPlaceHolder1txtDescripcion_pdvab' is clicked on

2022-09-22 15:49:39 - [MESSAGE][PASSED] - Object: 'Object Repository/Consulta y ajuste de saldo/Page_Metro de Medelln - Adquisicion - Punto de Venta -  Ajuste de Carga/textarea_Caracteres restantes  1000_ctl00ContentPlaceHolder1txtDescripcion_pdvab' is clicked on

2022-09-22 15:49:39 - [TEST_STEP][PASSED] - setText(findTestObject("Consulta y ajuste de saldo/Page_Metro de Medelln - Adquisicion - Punto de Venta -  Ajuste de Carga/textarea_Caracteres restantes  1000_ctl00ContentPlaceHolder1txtDescripcion_pdvab"), "Prueba venta de tarjetas"): Text 'Prueba venta de tarjetas' is set on object 'Object Repository/Consulta y ajuste de saldo/Page_Metro de Medelln - Adquisicion - Punto de Venta -  Ajuste de Carga/textarea_Caracteres restantes  1000_ctl00ContentPlaceHolder1txtDescripcion_pdvab'

2022-09-22 15:49:40 - [MESSAGE][PASSED] - Text 'Prueba venta de tarjetas' is set on object 'Object Repository/Consulta y ajuste de saldo/Page_Metro de Medelln - Adquisicion - Punto de Venta -  Ajuste de Carga/textarea_Caracteres restantes  1000_ctl00ContentPlaceHolder1txtDescripcion_pdvab'

2022-09-22 15:49:40 - [TEST_STEP][PASSED] - click(findTestObject("Consulta y ajuste de saldo/Page_Metro de Medelln - Adquisicion - Punto de Venta -  Ajuste de Carga/input_Operador Modificacin_ctl00ContentPlaceHolder1btnConfirmar_pdvab")): Object: 'Object Repository/Consulta y ajuste de saldo/Page_Metro de Medelln - Adquisicion - Punto de Venta -  Ajuste de Carga/input_Operador Modificacin_ctl00ContentPlaceHolder1btnConfirmar_pdvab' is clicked on

2022-09-22 15:49:43 - [MESSAGE][PASSED] - Object: 'Object Repository/Consulta y ajuste de saldo/Page_Metro de Medelln - Adquisicion - Punto de Venta -  Ajuste de Carga/input_Operador Modificacin_ctl00ContentPlaceHolder1btnConfirmar_pdvab' is clicked on

2022-09-22 15:49:43 - [TEST_STEP][PASSED] - switchToWindowUrl("https://qabanco.civica.com.co/Civica/Includes/frmMensagem.aspx"): Switched to window with url: 'https://qabanco.civica.com.co/Civica/Includes/frmMensagem.aspx'

2022-09-22 15:49:43 - [MESSAGE][PASSED] - Switched to window with url: 'https://qabanco.civica.com.co/Civica/Includes/frmMensagem.aspx'

2022-09-22 15:49:43 - [TEST_STEP][PASSED] - click(findTestObject("Consulta y ajuste de saldo/Page_Metro Medelln -  Mensaje/input_Operacin efectuada con xito_btnOk_cpn")): Object: 'Object Repository/Consulta y ajuste de saldo/Page_Metro Medelln -  Mensaje/input_Operacin efectuada con xito_btnOk_cpn' is clicked on

2022-09-22 15:49:44 - [MESSAGE][PASSED] - Object: 'Object Repository/Consulta y ajuste de saldo/Page_Metro Medelln -  Mensaje/input_Operacin efectuada con xito_btnOk_cpn' is clicked on

2022-09-22 15:49:44 - [TEST_STEP][PASSED] - switchToWindowUrl("https://qabanco.civica.com.co/Civica/Adquisicion/PuntodeVenta/frmAjusteCargaDet.aspx?Cod=0"): Switched to window with url: 'https://qabanco.civica.com.co/Civica/Adquisicion/PuntodeVenta/frmAjusteCargaDet.aspx?Cod=0'

2022-09-22 15:49:44 - [MESSAGE][PASSED] - Switched to window with url: 'https://qabanco.civica.com.co/Civica/Adquisicion/PuntodeVenta/frmAjusteCargaDet.aspx?Cod=0'

2022-09-22 15:49:44 - [TEST_STEP][PASSED] - click(findTestObject("Consulta y ajuste de saldo/Page_Metro de Medelln - Adquisicion - Punto de Venta -  Ajuste de Carga/a_Aprobacin Ajuste de Carga_pdvab")): Object: 'Object Repository/Consulta y ajuste de saldo/Page_Metro de Medelln - Adquisicion - Punto de Venta -  Ajuste de Carga/a_Aprobacin Ajuste de Carga_pdvab' is clicked on

2022-09-22 15:49:46 - [MESSAGE][PASSED] - Object: 'Object Repository/Consulta y ajuste de saldo/Page_Metro de Medelln - Adquisicion - Punto de Venta -  Ajuste de Carga/a_Aprobacin Ajuste de Carga_pdvab' is clicked on

2022-09-22 15:49:46 - [TEST_STEP][PASSED] - click(findTestObject("Consulta y ajuste de saldo/Page_Metro de Medelln - Adquisicin - Pdv -  AproAju Carga/select_- Seleccione - Motivo Aprobacion_adqa")): Object: 'Object Repository/Consulta y ajuste de saldo/Page_Metro de Medelln - Adquisicin - Pdv -  AproAju Carga/select_- Seleccione - Motivo Aprobacion_adqa' is clicked on

2022-09-22 15:49:47 - [MESSAGE][PASSED] - Object: 'Object Repository/Consulta y ajuste de saldo/Page_Metro de Medelln - Adquisicin - Pdv -  AproAju Carga/select_- Seleccione - Motivo Aprobacion_adqa' is clicked on

2022-09-22 15:49:47 - [TEST_STEP][PASSED] - sendKeys(findTestObject("Consulta y ajuste de saldo/Page_Metro de Medelln - Adquisicin - Pdv -  AproAju Carga/select_- Seleccione - Motivo Aprobacion_adqa"), Keys.chord(ARROW_DOWN)): Keys 'DOWN + ' sent to object: 'Object Repository/Consulta y ajuste de saldo/Page_Metro de Medelln - Adquisicin - Pdv -  AproAju Carga/select_- Seleccione - Motivo Aprobacion_adqa'

2022-09-22 15:49:47 - [MESSAGE][PASSED] - Keys 'DOWN + ' sent to object: 'Object Repository/Consulta y ajuste de saldo/Page_Metro de Medelln - Adquisicin - Pdv -  AproAju Carga/select_- Seleccione - Motivo Aprobacion_adqa'

2022-09-22 15:49:47 - [TEST_STEP][PASSED] - sendKeys(findTestObject("Consulta y ajuste de saldo/Page_Metro de Medelln - Adquisicin - Pdv -  AproAju Carga/select_- Seleccione - Motivo Aprobacion_adqa"), Keys.chord(ENTER)): Keys 'ENTER + ' sent to object: 'Object Repository/Consulta y ajuste de saldo/Page_Metro de Medelln - Adquisicin - Pdv -  AproAju Carga/select_- Seleccione - Motivo Aprobacion_adqa'

2022-09-22 15:49:48 - [MESSAGE][PASSED] - Keys 'ENTER + ' sent to object: 'Object Repository/Consulta y ajuste de saldo/Page_Metro de Medelln - Adquisicin - Pdv -  AproAju Carga/select_- Seleccione - Motivo Aprobacion_adqa'

2022-09-22 15:49:48 - [TEST_STEP][PASSED] - click(findTestObject("Consulta y ajuste de saldo/Page_Metro de Medelln - Adquisicin - Pdv -  AproAju Carga/input__ctl00ContentPlaceHolder1btnBuscar_adqa")): Object: 'Object Repository/Consulta y ajuste de saldo/Page_Metro de Medelln - Adquisicin - Pdv -  AproAju Carga/input__ctl00ContentPlaceHolder1btnBuscar_adqa' is clicked on

2022-09-22 15:49:49 - [MESSAGE][PASSED] - Object: 'Object Repository/Consulta y ajuste de saldo/Page_Metro de Medelln - Adquisicin - Pdv -  AproAju Carga/input__ctl00ContentPlaceHolder1btnBuscar_adqa' is clicked on

2022-09-22 15:49:49 - [TEST_STEP][PASSED] - waitForPageLoad(30): Wait for page load successfully

2022-09-22 15:49:49 - [MESSAGE][PASSED] - Wait for page load successfully

2022-09-22 15:49:49 - [TEST_STEP][PASSED] - click(findTestObject("Consulta y ajuste de saldo/Page_Metro de Medelln - Adquisicin - Pdv -  AproAju Carga/input__ctl00ContentPlaceHolder1btnBuscar_adqa")): Object: 'Object Repository/Consulta y ajuste de saldo/Page_Metro de Medelln - Adquisicin - Pdv -  AproAju Carga/input__ctl00ContentPlaceHolder1btnBuscar_adqa' is clicked on

2022-09-22 15:49:50 - [MESSAGE][PASSED] - Object: 'Object Repository/Consulta y ajuste de saldo/Page_Metro de Medelln - Adquisicin - Pdv -  AproAju Carga/input__ctl00ContentPlaceHolder1btnBuscar_adqa' is clicked on

2022-09-22 15:49:50 - [TEST_STEP][PASSED] - waitForPageLoad(30): Wait for page load successfully

2022-09-22 15:49:50 - [MESSAGE][PASSED] - Wait for page load successfully

2022-09-22 15:49:50 - [TEST_STEP][PASSED] - check(findTestObject("Consulta y ajuste de saldo/Page_Metro de Medelln - Adquisicin - Pdv -  AproAju Carga/Aprobar_todos")): Object 'Object Repository/Consulta y ajuste de saldo/Page_Metro de Medelln - Adquisicin - Pdv -  AproAju Carga/Aprobar_todos' is checked

2022-09-22 15:49:51 - [MESSAGE][PASSED] - Object 'Object Repository/Consulta y ajuste de saldo/Page_Metro de Medelln - Adquisicin - Pdv -  AproAju Carga/Aprobar_todos' is checked

2022-09-22 15:49:51 - [TEST_STEP][PASSED] - click(findTestObject("Consulta y ajuste de saldo/Page_Metro de Medelln - Adquisicin - Pdv -  AproAju Carga/input_registro(s) encontrado(s)_ctl00ContentPlaceHolder1btnAprobar_adqa")): Object: 'Object Repository/Consulta y ajuste de saldo/Page_Metro de Medelln - Adquisicin - Pdv -  AproAju Carga/input_registro(s) encontrado(s)_ctl00ContentPlaceHolder1btnAprobar_adqa' is clicked on

2022-09-22 15:49:52 - [MESSAGE][PASSED] - Object: 'Object Repository/Consulta y ajuste de saldo/Page_Metro de Medelln - Adquisicin - Pdv -  AproAju Carga/input_registro(s) encontrado(s)_ctl00ContentPlaceHolder1btnAprobar_adqa' is clicked on

2022-09-22 15:49:52 - [TEST_STEP][PASSED] - delay(2): Delayed 2 second(s)

2022-09-22 15:49:54 - [MESSAGE][PASSED] - Delayed 2 second(s)

2022-09-22 15:49:54 - [TEST_STEP][PASSED] - click(findTestObject("Consulta y ajuste de saldo/Page_Metro de Medelln - Adquisicin - Pdv -  AproAju Carga/select_- Seleccione - Motivo Aprobacion_adqa")): Object: 'Object Repository/Consulta y ajuste de saldo/Page_Metro de Medelln - Adquisicin - Pdv -  AproAju Carga/select_- Seleccione - Motivo Aprobacion_adqa' is clicked on

2022-09-22 15:49:54 - [MESSAGE][PASSED] - Object: 'Object Repository/Consulta y ajuste de saldo/Page_Metro de Medelln - Adquisicin - Pdv -  AproAju Carga/select_- Seleccione - Motivo Aprobacion_adqa' is clicked on

2022-09-22 15:49:54 - [TEST_STEP][PASSED] - sendKeys(findTestObject("Consulta y ajuste de saldo/Page_Metro de Medelln - Adquisicin - Pdv -  AproAju Carga/select_- Seleccione - Motivo Aprobacion_adqa"), Keys.chord(ENTER)): Keys 'ENTER + ' sent to object: 'Object Repository/Consulta y ajuste de saldo/Page_Metro de Medelln - Adquisicin - Pdv -  AproAju Carga/select_- Seleccione - Motivo Aprobacion_adqa'

2022-09-22 15:49:55 - [MESSAGE][PASSED] - Keys 'ENTER + ' sent to object: 'Object Repository/Consulta y ajuste de saldo/Page_Metro de Medelln - Adquisicin - Pdv -  AproAju Carga/select_- Seleccione - Motivo Aprobacion_adqa'

2022-09-22 15:49:55 - [TEST_STEP][PASSED] - click(findTestObject("Consulta y ajuste de saldo/Page_Metro de Medelln - Adquisicin - Pdv -  AproAju Carga/input__ctl00ContentPlaceHolder1btnBuscar_adqa")): Object: 'Object Repository/Consulta y ajuste de saldo/Page_Metro de Medelln - Adquisicin - Pdv -  AproAju Carga/input__ctl00ContentPlaceHolder1btnBuscar_adqa' is clicked on

2022-09-22 15:49:56 - [MESSAGE][PASSED] - Object: 'Object Repository/Consulta y ajuste de saldo/Page_Metro de Medelln - Adquisicin - Pdv -  AproAju Carga/input__ctl00ContentPlaceHolder1btnBuscar_adqa' is clicked on

2022-09-22 15:49:56 - [TEST_STEP][PASSED] - waitForPageLoad(30): Wait for page load successfully

2022-09-22 15:49:56 - [MESSAGE][PASSED] - Wait for page load successfully

2022-09-22 15:49:56 - [TEST_STEP][PASSED] - click(findTestObject("Consulta y ajuste de saldo/Page_Metro de Medelln - Adquisicin - Pdv -  AproAju Carga/input__ctl00ContentPlaceHolder1btnBuscar_adqa")): Object: 'Object Repository/Consulta y ajuste de saldo/Page_Metro de Medelln - Adquisicin - Pdv -  AproAju Carga/input__ctl00ContentPlaceHolder1btnBuscar_adqa' is clicked on

2022-09-22 15:49:58 - [MESSAGE][PASSED] - Object: 'Object Repository/Consulta y ajuste de saldo/Page_Metro de Medelln - Adquisicin - Pdv -  AproAju Carga/input__ctl00ContentPlaceHolder1btnBuscar_adqa' is clicked on

2022-09-22 15:49:58 - [TEST_STEP][PASSED] - waitForPageLoad(30): Wait for page load successfully

2022-09-22 15:49:58 - [MESSAGE][PASSED] - Wait for page load successfully

2022-09-22 15:49:58 - [TEST_STEP][PASSED] - check(findTestObject("Consulta y ajuste de saldo/Page_Metro de Medelln - Adquisicin - Pdv -  AproAju Carga/Aprobar_todos")): Object 'Object Repository/Consulta y ajuste de saldo/Page_Metro de Medelln - Adquisicin - Pdv -  AproAju Carga/Aprobar_todos' is checked

2022-09-22 15:49:58 - [MESSAGE][PASSED] - Object 'Object Repository/Consulta y ajuste de saldo/Page_Metro de Medelln - Adquisicin - Pdv -  AproAju Carga/Aprobar_todos' is checked

2022-09-22 15:49:58 - [TEST_STEP][PASSED] - click(findTestObject("Consulta y ajuste de saldo/Page_Metro de Medelln - Adquisicin - Pdv -  AproAju Carga/input_registro(s) encontrado(s)_ctl00ContentPlaceHolder1btnAprobar_adqa")): Object: 'Object Repository/Consulta y ajuste de saldo/Page_Metro de Medelln - Adquisicin - Pdv -  AproAju Carga/input_registro(s) encontrado(s)_ctl00ContentPlaceHolder1btnAprobar_adqa' is clicked on

2022-09-22 15:49:59 - [MESSAGE][PASSED] - Object: 'Object Repository/Consulta y ajuste de saldo/Page_Metro de Medelln - Adquisicin - Pdv -  AproAju Carga/input_registro(s) encontrado(s)_ctl00ContentPlaceHolder1btnAprobar_adqa' is clicked on

2022-09-22 15:49:59 - [TEST_STEP][PASSED] - acceptAlert(): Alert accepted

2022-09-22 15:49:59 - [MESSAGE][PASSED] - Alert accepted

2022-09-22 15:49:59 - [TEST_STEP][PASSED] - delay(3): Delayed 3 second(s)

2022-09-22 15:50:02 - [MESSAGE][PASSED] - Delayed 3 second(s)

2022-09-22 15:50:02 - [TEST_STEP][PASSED] - closeBrowser(): Browser is closed

2022-09-22 15:50:05 - [MESSAGE][PASSED] - Browser is closed]]></system-out>
         <system-err><![CDATA[]]></system-err>
      </testcase>
      <testcase name="Test Cases/Ajuste credito - 20000" time="74.071" classname="Test Cases/Ajuste credito - 20000" status="PASSED">
         <system-out><![CDATA[2022-09-22 15:50:05 - [TEST_CASE][PASSED] - Test Cases/Ajuste credito - 20000: Test Cases/Ajuste credito - 20000

2022-09-22 15:50:06 - [TEST_STEP][PASSED] - openBrowser("https://qabanco.civica.com.co/civica/index.aspx"): Browser is opened with url: 'https://qabanco.civica.com.co/civica/index.aspx'

2022-09-22 15:50:06 - [MESSAGE][INFO] - Starting 'Chrome' driver

2022-09-22 15:50:06 - [MESSAGE][INFO] - Action delay is set to 0 milliseconds

2022-09-22 15:50:17 - [MESSAGE][PASSED] - Browser is opened with url: 'https://qabanco.civica.com.co/civica/index.aspx'

2022-09-22 15:50:17 - [TEST_STEP][PASSED] - waitForPageLoad(30): Wait for page load successfully

2022-09-22 15:50:17 - [MESSAGE][PASSED] - Wait for page load successfully

2022-09-22 15:50:17 - [TEST_STEP][PASSED] - maximizeWindow(): Current window maximized

2022-09-22 15:50:18 - [MESSAGE][PASSED] - Current window maximized

2022-09-22 15:50:18 - [TEST_STEP][PASSED] - focus(findTestObject("Inicio de sesion - Cívica Calidad/Inicio de sesion_Civica Calidad/input_Cdula usuario_txtLogin")): Object: 'Object Repository/Inicio de sesion - Cívica Calidad/Inicio de sesion_Civica Calidad/input_Cdula usuario_txtLogin' is focused

2022-09-22 15:50:18 - [MESSAGE][PASSED] - Object: 'Object Repository/Inicio de sesion - Cívica Calidad/Inicio de sesion_Civica Calidad/input_Cdula usuario_txtLogin' is focused

2022-09-22 15:50:18 - [TEST_STEP][PASSED] - setText(findTestObject("Inicio de sesion - Cívica Calidad/Inicio de sesion_Civica Calidad/input_Cdula usuario_txtLogin"), findTestData("Usuarios/Usuarios login").getValue(1, 1)): Text '1028015407' is set on object 'Object Repository/Inicio de sesion - Cívica Calidad/Inicio de sesion_Civica Calidad/input_Cdula usuario_txtLogin'

2022-09-22 15:50:19 - [MESSAGE][PASSED] - Text '1028015407' is set on object 'Object Repository/Inicio de sesion - Cívica Calidad/Inicio de sesion_Civica Calidad/input_Cdula usuario_txtLogin'

2022-09-22 15:50:19 - [TEST_STEP][PASSED] - focus(findTestObject("Inicio de sesion - Cívica Calidad/Inicio de sesion_Civica Calidad/input_Contrasea_txtSena")): Object: 'Object Repository/Inicio de sesion - Cívica Calidad/Inicio de sesion_Civica Calidad/input_Contrasea_txtSena' is focused

2022-09-22 15:50:20 - [MESSAGE][PASSED] - Object: 'Object Repository/Inicio de sesion - Cívica Calidad/Inicio de sesion_Civica Calidad/input_Contrasea_txtSena' is focused

2022-09-22 15:50:20 - [TEST_STEP][PASSED] - setText(findTestObject("Inicio de sesion - Cívica Calidad/Inicio de sesion_Civica Calidad/input_Contrasea_txtSena"), findTestData("Usuarios/Usuarios login").getValue(2, 1)): Text '12345678' is set on object 'Object Repository/Inicio de sesion - Cívica Calidad/Inicio de sesion_Civica Calidad/input_Contrasea_txtSena'

2022-09-22 15:50:21 - [MESSAGE][PASSED] - Text '12345678' is set on object 'Object Repository/Inicio de sesion - Cívica Calidad/Inicio de sesion_Civica Calidad/input_Contrasea_txtSena'

2022-09-22 15:50:21 - [TEST_STEP][PASSED] - click(findTestObject("Inicio de sesion - Cívica Calidad/Inicio de sesion_Civica Calidad/input_Contrasea_btnOk")): Object: 'Object Repository/Inicio de sesion - Cívica Calidad/Inicio de sesion_Civica Calidad/input_Contrasea_btnOk' is clicked on

2022-09-22 15:50:27 - [MESSAGE][PASSED] - Object: 'Object Repository/Inicio de sesion - Cívica Calidad/Inicio de sesion_Civica Calidad/input_Contrasea_btnOk' is clicked on

2022-09-22 15:50:27 - [TEST_STEP][PASSED] - waitForPageLoad(30): Wait for page load successfully

2022-09-22 15:50:27 - [MESSAGE][PASSED] - Wait for page load successfully

2022-09-22 15:50:27 - [TEST_STEP][PASSED] - click(findTestObject("Pagina inicial/Page_Metro de Medelln - Sea bienvenido/em_Adquisicin_bv")): Object: 'Object Repository/Pagina inicial/Page_Metro de Medelln - Sea bienvenido/em_Adquisicin_bv' is clicked on

2022-09-22 15:50:28 - [MESSAGE][PASSED] - Object: 'Object Repository/Pagina inicial/Page_Metro de Medelln - Sea bienvenido/em_Adquisicin_bv' is clicked on

2022-09-22 15:50:28 - [TEST_STEP][PASSED] - waitForPageLoad(30): Wait for page load successfully

2022-09-22 15:50:28 - [MESSAGE][PASSED] - Wait for page load successfully

2022-09-22 15:50:28 - [TEST_STEP][PASSED] - click(findTestObject("Consulta y ajuste de saldo/Page_Metro de Medellin -  Adquisicin/a_Punto de Venta_adq")): Object: 'Object Repository/Consulta y ajuste de saldo/Page_Metro de Medellin -  Adquisicin/a_Punto de Venta_adq' is clicked on

2022-09-22 15:50:29 - [MESSAGE][PASSED] - Object: 'Object Repository/Consulta y ajuste de saldo/Page_Metro de Medellin -  Adquisicin/a_Punto de Venta_adq' is clicked on

2022-09-22 15:50:29 - [TEST_STEP][PASSED] - waitForPageLoad(30): Wait for page load successfully

2022-09-22 15:50:29 - [MESSAGE][PASSED] - Wait for page load successfully

2022-09-22 15:50:29 - [TEST_STEP][PASSED] - click(findTestObject("Consulta y ajuste de saldo/Page_Metro de Medelln - Adquisicin - Punto de Venta -  Ajuste de Carga/a_Ajuste de Carga_pdva")): Object: 'Object Repository/Consulta y ajuste de saldo/Page_Metro de Medelln - Adquisicin - Punto de Venta -  Ajuste de Carga/a_Ajuste de Carga_pdva' is clicked on

2022-09-22 15:50:31 - [MESSAGE][PASSED] - Object: 'Object Repository/Consulta y ajuste de saldo/Page_Metro de Medelln - Adquisicin - Punto de Venta -  Ajuste de Carga/a_Ajuste de Carga_pdva' is clicked on

2022-09-22 15:50:31 - [TEST_STEP][PASSED] - waitForPageLoad(30): Wait for page load successfully

2022-09-22 15:50:31 - [MESSAGE][PASSED] - Wait for page load successfully

2022-09-22 15:50:31 - [TEST_STEP][PASSED] - click(findTestObject("Consulta y ajuste de saldo/Page_Metro de Medelln - Adquisicin - Punto de Venta -  Ajuste de Carga/a_Nuevo Registro_pdva")): Object: 'Object Repository/Consulta y ajuste de saldo/Page_Metro de Medelln - Adquisicin - Punto de Venta -  Ajuste de Carga/a_Nuevo Registro_pdva' is clicked on

2022-09-22 15:50:33 - [MESSAGE][PASSED] - Object: 'Object Repository/Consulta y ajuste de saldo/Page_Metro de Medelln - Adquisicin - Punto de Venta -  Ajuste de Carga/a_Nuevo Registro_pdva' is clicked on

2022-09-22 15:50:33 - [TEST_STEP][PASSED] - waitForPageLoad(30): Wait for page load successfully

2022-09-22 15:50:33 - [MESSAGE][PASSED] - Wait for page load successfully

2022-09-22 15:50:33 - [TEST_STEP][PASSED] - click(findTestObject("Consulta y ajuste de saldo/Page_Metro de Medelln - Adquisicion - Punto de Venta -  Ajuste de Carga/input_Apellidos_ctl00ContentPlaceHolder1btnBuscarUsu_pdvab")): Object: 'Object Repository/Consulta y ajuste de saldo/Page_Metro de Medelln - Adquisicion - Punto de Venta -  Ajuste de Carga/input_Apellidos_ctl00ContentPlaceHolder1btnBuscarUsu_pdvab' is clicked on

2022-09-22 15:50:36 - [MESSAGE][PASSED] - Object: 'Object Repository/Consulta y ajuste de saldo/Page_Metro de Medelln - Adquisicion - Punto de Venta -  Ajuste de Carga/input_Apellidos_ctl00ContentPlaceHolder1btnBuscarUsu_pdvab' is clicked on

2022-09-22 15:50:36 - [TEST_STEP][PASSED] - waitForPageLoad(30): Wait for page load successfully

2022-09-22 15:50:36 - [MESSAGE][PASSED] - Wait for page load successfully

2022-09-22 15:50:36 - [TEST_STEP][PASSED] - switchToWindowUrl("https://qabanco.civica.com.co/Civica/Usuarios/Registros/frmUsuariosPNTarjetaPopup.aspx?nombre=&cedula=&tarjeta="): Switched to window with url: 'https://qabanco.civica.com.co/Civica/Usuarios/Registros/frmUsuariosPNTarjetaPopup.aspx?nombre=&cedula=&tarjeta='

2022-09-22 15:50:36 - [MESSAGE][PASSED] - Switched to window with url: 'https://qabanco.civica.com.co/Civica/Usuarios/Registros/frmUsuariosPNTarjetaPopup.aspx?nombre=&cedula=&tarjeta='

2022-09-22 15:50:36 - [TEST_STEP][PASSED] - focus(findTestObject("Consulta y ajuste de saldo/Page_Metro Medelln -  ConsulPN/input_Nm. Tarjeta_txtNumeroTarjeta_cpn")): Object: 'Object Repository/Consulta y ajuste de saldo/Page_Metro Medelln -  ConsulPN/input_Nm. Tarjeta_txtNumeroTarjeta_cpn' is focused

2022-09-22 15:50:37 - [MESSAGE][PASSED] - Object: 'Object Repository/Consulta y ajuste de saldo/Page_Metro Medelln -  ConsulPN/input_Nm. Tarjeta_txtNumeroTarjeta_cpn' is focused

2022-09-22 15:50:37 - [TEST_STEP][PASSED] - setText(findTestObject("Consulta y ajuste de saldo/Page_Metro Medelln -  ConsulPN/input_Nm. Tarjeta_txtNumeroTarjeta_cpn"), "8516299"): Text '8516299' is set on object 'Object Repository/Consulta y ajuste de saldo/Page_Metro Medelln -  ConsulPN/input_Nm. Tarjeta_txtNumeroTarjeta_cpn'

2022-09-22 15:50:37 - [MESSAGE][PASSED] - Text '8516299' is set on object 'Object Repository/Consulta y ajuste de saldo/Page_Metro Medelln -  ConsulPN/input_Nm. Tarjeta_txtNumeroTarjeta_cpn'

2022-09-22 15:50:37 - [TEST_STEP][PASSED] - click(findTestObject("Consulta y ajuste de saldo/Page_Metro Medelln -  ConsulPN/input_REGISTRO BLOQUEADO_btnBuscar_cpn")): Object: 'Object Repository/Consulta y ajuste de saldo/Page_Metro Medelln -  ConsulPN/input_REGISTRO BLOQUEADO_btnBuscar_cpn' is clicked on

2022-09-22 15:50:39 - [MESSAGE][PASSED] - Object: 'Object Repository/Consulta y ajuste de saldo/Page_Metro Medelln -  ConsulPN/input_REGISTRO BLOQUEADO_btnBuscar_cpn' is clicked on

2022-09-22 15:50:39 - [TEST_STEP][PASSED] - click(findTestObject("Consulta y ajuste de saldo/Page_Metro Medelln -  ConsulPN/img_cpn")): Object: 'Object Repository/Consulta y ajuste de saldo/Page_Metro Medelln -  ConsulPN/img_cpn' is clicked on

2022-09-22 15:50:39 - [MESSAGE][PASSED] - Object: 'Object Repository/Consulta y ajuste de saldo/Page_Metro Medelln -  ConsulPN/img_cpn' is clicked on

2022-09-22 15:50:39 - [TEST_STEP][PASSED] - switchToWindowUrl("https://qabanco.civica.com.co/Civica/Adquisicion/PuntodeVenta/frmAjusteCargaDet.aspx"): Switched to window with url: 'https://qabanco.civica.com.co/Civica/Adquisicion/PuntodeVenta/frmAjusteCargaDet.aspx'

2022-09-22 15:50:39 - [MESSAGE][PASSED] - Switched to window with url: 'https://qabanco.civica.com.co/Civica/Adquisicion/PuntodeVenta/frmAjusteCargaDet.aspx'

2022-09-22 15:50:39 - [TEST_STEP][PASSED] - click(findTestObject("Page_MedeMe - Adqcion - PdV -  Ajuste credito/Chechk credito")): Object: 'Object Repository/Page_MedeMe - Adqcion - PdV -  Ajuste credito/Chechk credito' is clicked on

2022-09-22 15:50:40 - [MESSAGE][PASSED] - Object: 'Object Repository/Page_MedeMe - Adqcion - PdV -  Ajuste credito/Chechk credito' is clicked on

2022-09-22 15:50:40 - [TEST_STEP][PASSED] - delay(2): Delayed 2 second(s)

2022-09-22 15:50:42 - [MESSAGE][PASSED] - Delayed 2 second(s)

2022-09-22 15:50:42 - [TEST_STEP][PASSED] - focus(findTestObject("Consulta y ajuste de saldo/Page_Metro de Medelln - Adquisicion - Punto de Venta -  Ajuste de Carga/input_Valor_ctl00ContentPlaceHolder1txtValor_pdvab")): Object: 'Object Repository/Consulta y ajuste de saldo/Page_Metro de Medelln - Adquisicion - Punto de Venta -  Ajuste de Carga/input_Valor_ctl00ContentPlaceHolder1txtValor_pdvab' is focused

2022-09-22 15:50:42 - [MESSAGE][PASSED] - Object: 'Object Repository/Consulta y ajuste de saldo/Page_Metro de Medelln - Adquisicion - Punto de Venta -  Ajuste de Carga/input_Valor_ctl00ContentPlaceHolder1txtValor_pdvab' is focused

2022-09-22 15:50:42 - [TEST_STEP][PASSED] - setText(findTestObject("Consulta y ajuste de saldo/Page_Metro de Medelln - Adquisicion - Punto de Venta -  Ajuste de Carga/input_Valor_ctl00ContentPlaceHolder1txtValor_pdvab"), "20000"): Text '20000' is set on object 'Object Repository/Consulta y ajuste de saldo/Page_Metro de Medelln - Adquisicion - Punto de Venta -  Ajuste de Carga/input_Valor_ctl00ContentPlaceHolder1txtValor_pdvab'

2022-09-22 15:50:43 - [MESSAGE][PASSED] - Text '20000' is set on object 'Object Repository/Consulta y ajuste de saldo/Page_Metro de Medelln - Adquisicion - Punto de Venta -  Ajuste de Carga/input_Valor_ctl00ContentPlaceHolder1txtValor_pdvab'

2022-09-22 15:50:43 - [TEST_STEP][PASSED] - click(findTestObject("Consulta y ajuste de saldo/Page_Metro de Medelln - Adquisicion - Punto de Venta -  Ajuste de Carga/select_- Seleccione - Motivo_pdvab")): Object: 'Object Repository/Consulta y ajuste de saldo/Page_Metro de Medelln - Adquisicion - Punto de Venta -  Ajuste de Carga/select_- Seleccione - Motivo_pdvab' is clicked on

2022-09-22 15:50:44 - [MESSAGE][PASSED] - Object: 'Object Repository/Consulta y ajuste de saldo/Page_Metro de Medelln - Adquisicion - Punto de Venta -  Ajuste de Carga/select_- Seleccione - Motivo_pdvab' is clicked on

2022-09-22 15:50:44 - [TEST_STEP][PASSED] - sendKeys(findTestObject("Consulta y ajuste de saldo/Page_Metro de Medelln - Adquisicion - Punto de Venta -  Ajuste de Carga/select_- Seleccione - Motivo_pdvab"), Keys.chord(ARROW_DOWN)): Keys 'DOWN + ' sent to object: 'Object Repository/Consulta y ajuste de saldo/Page_Metro de Medelln - Adquisicion - Punto de Venta -  Ajuste de Carga/select_- Seleccione - Motivo_pdvab'

2022-09-22 15:50:44 - [MESSAGE][PASSED] - Keys 'DOWN + ' sent to object: 'Object Repository/Consulta y ajuste de saldo/Page_Metro de Medelln - Adquisicion - Punto de Venta -  Ajuste de Carga/select_- Seleccione - Motivo_pdvab'

2022-09-22 15:50:44 - [TEST_STEP][PASSED] - sendKeys(findTestObject("Consulta y ajuste de saldo/Page_Metro de Medelln - Adquisicion - Punto de Venta -  Ajuste de Carga/select_- Seleccione - Motivo_pdvab"), Keys.chord(ENTER)): Keys 'ENTER + ' sent to object: 'Object Repository/Consulta y ajuste de saldo/Page_Metro de Medelln - Adquisicion - Punto de Venta -  Ajuste de Carga/select_- Seleccione - Motivo_pdvab'

2022-09-22 15:50:45 - [MESSAGE][PASSED] - Keys 'ENTER + ' sent to object: 'Object Repository/Consulta y ajuste de saldo/Page_Metro de Medelln - Adquisicion - Punto de Venta -  Ajuste de Carga/select_- Seleccione - Motivo_pdvab'

2022-09-22 15:50:45 - [TEST_STEP][PASSED] - click(findTestObject("Consulta y ajuste de saldo/Page_Metro de Medelln - Adquisicion - Punto de Venta -  Ajuste de Carga/textarea_Caracteres restantes  1000_ctl00ContentPlaceHolder1txtDescripcion_pdvab")): Object: 'Object Repository/Consulta y ajuste de saldo/Page_Metro de Medelln - Adquisicion - Punto de Venta -  Ajuste de Carga/textarea_Caracteres restantes  1000_ctl00ContentPlaceHolder1txtDescripcion_pdvab' is clicked on

2022-09-22 15:50:47 - [MESSAGE][PASSED] - Object: 'Object Repository/Consulta y ajuste de saldo/Page_Metro de Medelln - Adquisicion - Punto de Venta -  Ajuste de Carga/textarea_Caracteres restantes  1000_ctl00ContentPlaceHolder1txtDescripcion_pdvab' is clicked on

2022-09-22 15:50:47 - [TEST_STEP][PASSED] - setText(findTestObject("Consulta y ajuste de saldo/Page_Metro de Medelln - Adquisicion - Punto de Venta -  Ajuste de Carga/textarea_Caracteres restantes  1000_ctl00ContentPlaceHolder1txtDescripcion_pdvab"), "Prueba venta de tarjetas"): Text 'Prueba venta de tarjetas' is set on object 'Object Repository/Consulta y ajuste de saldo/Page_Metro de Medelln - Adquisicion - Punto de Venta -  Ajuste de Carga/textarea_Caracteres restantes  1000_ctl00ContentPlaceHolder1txtDescripcion_pdvab'

2022-09-22 15:50:48 - [MESSAGE][PASSED] - Text 'Prueba venta de tarjetas' is set on object 'Object Repository/Consulta y ajuste de saldo/Page_Metro de Medelln - Adquisicion - Punto de Venta -  Ajuste de Carga/textarea_Caracteres restantes  1000_ctl00ContentPlaceHolder1txtDescripcion_pdvab'

2022-09-22 15:50:48 - [TEST_STEP][PASSED] - click(findTestObject("Consulta y ajuste de saldo/Page_Metro de Medelln - Adquisicion - Punto de Venta -  Ajuste de Carga/input_Operador Modificacin_ctl00ContentPlaceHolder1btnConfirmar_pdvab")): Object: 'Object Repository/Consulta y ajuste de saldo/Page_Metro de Medelln - Adquisicion - Punto de Venta -  Ajuste de Carga/input_Operador Modificacin_ctl00ContentPlaceHolder1btnConfirmar_pdvab' is clicked on

2022-09-22 15:50:50 - [MESSAGE][PASSED] - Object: 'Object Repository/Consulta y ajuste de saldo/Page_Metro de Medelln - Adquisicion - Punto de Venta -  Ajuste de Carga/input_Operador Modificacin_ctl00ContentPlaceHolder1btnConfirmar_pdvab' is clicked on

2022-09-22 15:50:50 - [TEST_STEP][PASSED] - switchToWindowUrl("https://qabanco.civica.com.co/Civica/Includes/frmMensagem.aspx"): Switched to window with url: 'https://qabanco.civica.com.co/Civica/Includes/frmMensagem.aspx'

2022-09-22 15:50:50 - [MESSAGE][PASSED] - Switched to window with url: 'https://qabanco.civica.com.co/Civica/Includes/frmMensagem.aspx'

2022-09-22 15:50:50 - [TEST_STEP][PASSED] - click(findTestObject("Consulta y ajuste de saldo/Page_Metro Medelln -  Mensaje/input_Operacin efectuada con xito_btnOk_cpn")): Object: 'Object Repository/Consulta y ajuste de saldo/Page_Metro Medelln -  Mensaje/input_Operacin efectuada con xito_btnOk_cpn' is clicked on

2022-09-22 15:50:51 - [MESSAGE][PASSED] - Object: 'Object Repository/Consulta y ajuste de saldo/Page_Metro Medelln -  Mensaje/input_Operacin efectuada con xito_btnOk_cpn' is clicked on

2022-09-22 15:50:51 - [TEST_STEP][PASSED] - switchToWindowUrl("https://qabanco.civica.com.co/Civica/Adquisicion/PuntodeVenta/frmAjusteCargaDet.aspx?Cod=0"): Switched to window with url: 'https://qabanco.civica.com.co/Civica/Adquisicion/PuntodeVenta/frmAjusteCargaDet.aspx?Cod=0'

2022-09-22 15:50:51 - [MESSAGE][PASSED] - Switched to window with url: 'https://qabanco.civica.com.co/Civica/Adquisicion/PuntodeVenta/frmAjusteCargaDet.aspx?Cod=0'

2022-09-22 15:50:51 - [TEST_STEP][PASSED] - click(findTestObject("Consulta y ajuste de saldo/Page_Metro de Medelln - Adquisicion - Punto de Venta -  Ajuste de Carga/a_Aprobacin Ajuste de Carga_pdvab")): Object: 'Object Repository/Consulta y ajuste de saldo/Page_Metro de Medelln - Adquisicion - Punto de Venta -  Ajuste de Carga/a_Aprobacin Ajuste de Carga_pdvab' is clicked on

2022-09-22 15:50:53 - [MESSAGE][PASSED] - Object: 'Object Repository/Consulta y ajuste de saldo/Page_Metro de Medelln - Adquisicion - Punto de Venta -  Ajuste de Carga/a_Aprobacin Ajuste de Carga_pdvab' is clicked on

2022-09-22 15:50:53 - [TEST_STEP][PASSED] - click(findTestObject("Consulta y ajuste de saldo/Page_Metro de Medelln - Adquisicin - Pdv -  AproAju Carga/select_- Seleccione - Motivo Aprobacion_adqa")): Object: 'Object Repository/Consulta y ajuste de saldo/Page_Metro de Medelln - Adquisicin - Pdv -  AproAju Carga/select_- Seleccione - Motivo Aprobacion_adqa' is clicked on

2022-09-22 15:50:53 - [MESSAGE][PASSED] - Object: 'Object Repository/Consulta y ajuste de saldo/Page_Metro de Medelln - Adquisicin - Pdv -  AproAju Carga/select_- Seleccione - Motivo Aprobacion_adqa' is clicked on

2022-09-22 15:50:53 - [TEST_STEP][PASSED] - sendKeys(findTestObject("Consulta y ajuste de saldo/Page_Metro de Medelln - Adquisicin - Pdv -  AproAju Carga/select_- Seleccione - Motivo Aprobacion_adqa"), Keys.chord(ARROW_DOWN)): Keys 'DOWN + ' sent to object: 'Object Repository/Consulta y ajuste de saldo/Page_Metro de Medelln - Adquisicin - Pdv -  AproAju Carga/select_- Seleccione - Motivo Aprobacion_adqa'

2022-09-22 15:50:54 - [MESSAGE][PASSED] - Keys 'DOWN + ' sent to object: 'Object Repository/Consulta y ajuste de saldo/Page_Metro de Medelln - Adquisicin - Pdv -  AproAju Carga/select_- Seleccione - Motivo Aprobacion_adqa'

2022-09-22 15:50:54 - [TEST_STEP][PASSED] - sendKeys(findTestObject("Consulta y ajuste de saldo/Page_Metro de Medelln - Adquisicin - Pdv -  AproAju Carga/select_- Seleccione - Motivo Aprobacion_adqa"), Keys.chord(ENTER)): Keys 'ENTER + ' sent to object: 'Object Repository/Consulta y ajuste de saldo/Page_Metro de Medelln - Adquisicin - Pdv -  AproAju Carga/select_- Seleccione - Motivo Aprobacion_adqa'

2022-09-22 15:50:54 - [MESSAGE][PASSED] - Keys 'ENTER + ' sent to object: 'Object Repository/Consulta y ajuste de saldo/Page_Metro de Medelln - Adquisicin - Pdv -  AproAju Carga/select_- Seleccione - Motivo Aprobacion_adqa'

2022-09-22 15:50:54 - [TEST_STEP][PASSED] - click(findTestObject("Consulta y ajuste de saldo/Page_Metro de Medelln - Adquisicin - Pdv -  AproAju Carga/input__ctl00ContentPlaceHolder1btnBuscar_adqa")): Object: 'Object Repository/Consulta y ajuste de saldo/Page_Metro de Medelln - Adquisicin - Pdv -  AproAju Carga/input__ctl00ContentPlaceHolder1btnBuscar_adqa' is clicked on

2022-09-22 15:50:56 - [MESSAGE][PASSED] - Object: 'Object Repository/Consulta y ajuste de saldo/Page_Metro de Medelln - Adquisicin - Pdv -  AproAju Carga/input__ctl00ContentPlaceHolder1btnBuscar_adqa' is clicked on

2022-09-22 15:50:56 - [TEST_STEP][PASSED] - waitForPageLoad(30): Wait for page load successfully

2022-09-22 15:50:56 - [MESSAGE][PASSED] - Wait for page load successfully

2022-09-22 15:50:56 - [TEST_STEP][PASSED] - click(findTestObject("Consulta y ajuste de saldo/Page_Metro de Medelln - Adquisicin - Pdv -  AproAju Carga/input__ctl00ContentPlaceHolder1btnBuscar_adqa")): Object: 'Object Repository/Consulta y ajuste de saldo/Page_Metro de Medelln - Adquisicin - Pdv -  AproAju Carga/input__ctl00ContentPlaceHolder1btnBuscar_adqa' is clicked on

2022-09-22 15:51:06 - [MESSAGE][PASSED] - Object: 'Object Repository/Consulta y ajuste de saldo/Page_Metro de Medelln - Adquisicin - Pdv -  AproAju Carga/input__ctl00ContentPlaceHolder1btnBuscar_adqa' is clicked on

2022-09-22 15:51:06 - [TEST_STEP][PASSED] - waitForPageLoad(30): Wait for page load successfully

2022-09-22 15:51:06 - [MESSAGE][PASSED] - Wait for page load successfully

2022-09-22 15:51:06 - [TEST_STEP][PASSED] - check(findTestObject("Consulta y ajuste de saldo/Page_Metro de Medelln - Adquisicin - Pdv -  AproAju Carga/Aprobar_todos")): Object 'Object Repository/Consulta y ajuste de saldo/Page_Metro de Medelln - Adquisicin - Pdv -  AproAju Carga/Aprobar_todos' is checked

2022-09-22 15:51:06 - [MESSAGE][PASSED] - Object 'Object Repository/Consulta y ajuste de saldo/Page_Metro de Medelln - Adquisicin - Pdv -  AproAju Carga/Aprobar_todos' is checked

2022-09-22 15:51:06 - [TEST_STEP][PASSED] - click(findTestObject("Consulta y ajuste de saldo/Page_Metro de Medelln - Adquisicin - Pdv -  AproAju Carga/input_registro(s) encontrado(s)_ctl00ContentPlaceHolder1btnAprobar_adqa")): Object: 'Object Repository/Consulta y ajuste de saldo/Page_Metro de Medelln - Adquisicin - Pdv -  AproAju Carga/input_registro(s) encontrado(s)_ctl00ContentPlaceHolder1btnAprobar_adqa' is clicked on

2022-09-22 15:51:07 - [MESSAGE][PASSED] - Object: 'Object Repository/Consulta y ajuste de saldo/Page_Metro de Medelln - Adquisicin - Pdv -  AproAju Carga/input_registro(s) encontrado(s)_ctl00ContentPlaceHolder1btnAprobar_adqa' is clicked on

2022-09-22 15:51:07 - [TEST_STEP][PASSED] - delay(2): Delayed 2 second(s)

2022-09-22 15:51:09 - [MESSAGE][PASSED] - Delayed 2 second(s)

2022-09-22 15:51:09 - [TEST_STEP][PASSED] - click(findTestObject("Consulta y ajuste de saldo/Page_Metro de Medelln - Adquisicin - Pdv -  AproAju Carga/select_- Seleccione - Motivo Aprobacion_adqa")): Object: 'Object Repository/Consulta y ajuste de saldo/Page_Metro de Medelln - Adquisicin - Pdv -  AproAju Carga/select_- Seleccione - Motivo Aprobacion_adqa' is clicked on

2022-09-22 15:51:09 - [MESSAGE][PASSED] - Object: 'Object Repository/Consulta y ajuste de saldo/Page_Metro de Medelln - Adquisicin - Pdv -  AproAju Carga/select_- Seleccione - Motivo Aprobacion_adqa' is clicked on

2022-09-22 15:51:09 - [TEST_STEP][PASSED] - sendKeys(findTestObject("Consulta y ajuste de saldo/Page_Metro de Medelln - Adquisicin - Pdv -  AproAju Carga/select_- Seleccione - Motivo Aprobacion_adqa"), Keys.chord(ENTER)): Keys 'ENTER + ' sent to object: 'Object Repository/Consulta y ajuste de saldo/Page_Metro de Medelln - Adquisicin - Pdv -  AproAju Carga/select_- Seleccione - Motivo Aprobacion_adqa'

2022-09-22 15:51:10 - [MESSAGE][PASSED] - Keys 'ENTER + ' sent to object: 'Object Repository/Consulta y ajuste de saldo/Page_Metro de Medelln - Adquisicin - Pdv -  AproAju Carga/select_- Seleccione - Motivo Aprobacion_adqa'

2022-09-22 15:51:10 - [TEST_STEP][PASSED] - click(findTestObject("Consulta y ajuste de saldo/Page_Metro de Medelln - Adquisicin - Pdv -  AproAju Carga/input__ctl00ContentPlaceHolder1btnBuscar_adqa")): Object: 'Object Repository/Consulta y ajuste de saldo/Page_Metro de Medelln - Adquisicin - Pdv -  AproAju Carga/input__ctl00ContentPlaceHolder1btnBuscar_adqa' is clicked on

2022-09-22 15:51:11 - [MESSAGE][PASSED] - Object: 'Object Repository/Consulta y ajuste de saldo/Page_Metro de Medelln - Adquisicin - Pdv -  AproAju Carga/input__ctl00ContentPlaceHolder1btnBuscar_adqa' is clicked on

2022-09-22 15:51:11 - [TEST_STEP][PASSED] - waitForPageLoad(30): Wait for page load successfully

2022-09-22 15:51:11 - [MESSAGE][PASSED] - Wait for page load successfully

2022-09-22 15:51:11 - [TEST_STEP][PASSED] - click(findTestObject("Consulta y ajuste de saldo/Page_Metro de Medelln - Adquisicin - Pdv -  AproAju Carga/input__ctl00ContentPlaceHolder1btnBuscar_adqa")): Object: 'Object Repository/Consulta y ajuste de saldo/Page_Metro de Medelln - Adquisicin - Pdv -  AproAju Carga/input__ctl00ContentPlaceHolder1btnBuscar_adqa' is clicked on

2022-09-22 15:51:12 - [MESSAGE][PASSED] - Object: 'Object Repository/Consulta y ajuste de saldo/Page_Metro de Medelln - Adquisicin - Pdv -  AproAju Carga/input__ctl00ContentPlaceHolder1btnBuscar_adqa' is clicked on

2022-09-22 15:51:12 - [TEST_STEP][PASSED] - waitForPageLoad(30): Wait for page load successfully

2022-09-22 15:51:12 - [MESSAGE][PASSED] - Wait for page load successfully

2022-09-22 15:51:12 - [TEST_STEP][PASSED] - check(findTestObject("Consulta y ajuste de saldo/Page_Metro de Medelln - Adquisicin - Pdv -  AproAju Carga/Aprobar_todos")): Object 'Object Repository/Consulta y ajuste de saldo/Page_Metro de Medelln - Adquisicin - Pdv -  AproAju Carga/Aprobar_todos' is checked

2022-09-22 15:51:13 - [MESSAGE][PASSED] - Object 'Object Repository/Consulta y ajuste de saldo/Page_Metro de Medelln - Adquisicin - Pdv -  AproAju Carga/Aprobar_todos' is checked

2022-09-22 15:51:13 - [TEST_STEP][PASSED] - click(findTestObject("Consulta y ajuste de saldo/Page_Metro de Medelln - Adquisicin - Pdv -  AproAju Carga/input_registro(s) encontrado(s)_ctl00ContentPlaceHolder1btnAprobar_adqa")): Object: 'Object Repository/Consulta y ajuste de saldo/Page_Metro de Medelln - Adquisicin - Pdv -  AproAju Carga/input_registro(s) encontrado(s)_ctl00ContentPlaceHolder1btnAprobar_adqa' is clicked on

2022-09-22 15:51:13 - [MESSAGE][PASSED] - Object: 'Object Repository/Consulta y ajuste de saldo/Page_Metro de Medelln - Adquisicin - Pdv -  AproAju Carga/input_registro(s) encontrado(s)_ctl00ContentPlaceHolder1btnAprobar_adqa' is clicked on

2022-09-22 15:51:13 - [TEST_STEP][PASSED] - acceptAlert(): Alert accepted

2022-09-22 15:51:13 - [MESSAGE][PASSED] - Alert accepted

2022-09-22 15:51:13 - [TEST_STEP][PASSED] - delay(3): Delayed 3 second(s)

2022-09-22 15:51:16 - [MESSAGE][PASSED] - Delayed 3 second(s)

2022-09-22 15:51:16 - [TEST_STEP][PASSED] - closeBrowser(): Browser is closed

2022-09-22 15:51:19 - [MESSAGE][PASSED] - Browser is closed]]></system-out>
         <system-err><![CDATA[]]></system-err>
      </testcase>
      <testcase name="Test Cases/Ajuste credito - 50000" time="84.232" classname="Test Cases/Ajuste credito - 50000" status="PASSED">
         <system-out><![CDATA[2022-09-22 15:51:19 - [TEST_CASE][PASSED] - Test Cases/Ajuste credito - 50000: Test Cases/Ajuste credito - 50000

2022-09-22 15:51:20 - [TEST_STEP][PASSED] - openBrowser("https://qabanco.civica.com.co/civica/index.aspx"): Browser is opened with url: 'https://qabanco.civica.com.co/civica/index.aspx'

2022-09-22 15:51:20 - [MESSAGE][INFO] - Starting 'Chrome' driver

2022-09-22 15:51:20 - [MESSAGE][INFO] - Action delay is set to 0 milliseconds

2022-09-22 15:51:34 - [MESSAGE][PASSED] - Browser is opened with url: 'https://qabanco.civica.com.co/civica/index.aspx'

2022-09-22 15:51:34 - [TEST_STEP][PASSED] - waitForPageLoad(30): Wait for page load successfully

2022-09-22 15:51:34 - [MESSAGE][PASSED] - Wait for page load successfully

2022-09-22 15:51:34 - [TEST_STEP][PASSED] - maximizeWindow(): Current window maximized

2022-09-22 15:51:34 - [MESSAGE][PASSED] - Current window maximized

2022-09-22 15:51:34 - [TEST_STEP][PASSED] - focus(findTestObject("Inicio de sesion - Cívica Calidad/Inicio de sesion_Civica Calidad/input_Cdula usuario_txtLogin")): Object: 'Object Repository/Inicio de sesion - Cívica Calidad/Inicio de sesion_Civica Calidad/input_Cdula usuario_txtLogin' is focused

2022-09-22 15:51:35 - [MESSAGE][PASSED] - Object: 'Object Repository/Inicio de sesion - Cívica Calidad/Inicio de sesion_Civica Calidad/input_Cdula usuario_txtLogin' is focused

2022-09-22 15:51:35 - [TEST_STEP][PASSED] - setText(findTestObject("Inicio de sesion - Cívica Calidad/Inicio de sesion_Civica Calidad/input_Cdula usuario_txtLogin"), findTestData("Usuarios/Usuarios login").getValue(1, 1)): Text '1028015407' is set on object 'Object Repository/Inicio de sesion - Cívica Calidad/Inicio de sesion_Civica Calidad/input_Cdula usuario_txtLogin'

2022-09-22 15:51:36 - [MESSAGE][PASSED] - Text '1028015407' is set on object 'Object Repository/Inicio de sesion - Cívica Calidad/Inicio de sesion_Civica Calidad/input_Cdula usuario_txtLogin'

2022-09-22 15:51:36 - [TEST_STEP][PASSED] - focus(findTestObject("Inicio de sesion - Cívica Calidad/Inicio de sesion_Civica Calidad/input_Contrasea_txtSena")): Object: 'Object Repository/Inicio de sesion - Cívica Calidad/Inicio de sesion_Civica Calidad/input_Contrasea_txtSena' is focused

2022-09-22 15:51:36 - [MESSAGE][PASSED] - Object: 'Object Repository/Inicio de sesion - Cívica Calidad/Inicio de sesion_Civica Calidad/input_Contrasea_txtSena' is focused

2022-09-22 15:51:36 - [TEST_STEP][PASSED] - setText(findTestObject("Inicio de sesion - Cívica Calidad/Inicio de sesion_Civica Calidad/input_Contrasea_txtSena"), findTestData("Usuarios/Usuarios login").getValue(2, 1)): Text '12345678' is set on object 'Object Repository/Inicio de sesion - Cívica Calidad/Inicio de sesion_Civica Calidad/input_Contrasea_txtSena'

2022-09-22 15:51:37 - [MESSAGE][PASSED] - Text '12345678' is set on object 'Object Repository/Inicio de sesion - Cívica Calidad/Inicio de sesion_Civica Calidad/input_Contrasea_txtSena'

2022-09-22 15:51:37 - [TEST_STEP][PASSED] - click(findTestObject("Inicio de sesion - Cívica Calidad/Inicio de sesion_Civica Calidad/input_Contrasea_btnOk")): Object: 'Object Repository/Inicio de sesion - Cívica Calidad/Inicio de sesion_Civica Calidad/input_Contrasea_btnOk' is clicked on

2022-09-22 15:51:43 - [MESSAGE][PASSED] - Object: 'Object Repository/Inicio de sesion - Cívica Calidad/Inicio de sesion_Civica Calidad/input_Contrasea_btnOk' is clicked on

2022-09-22 15:51:43 - [TEST_STEP][PASSED] - waitForPageLoad(30): Wait for page load successfully

2022-09-22 15:51:43 - [MESSAGE][PASSED] - Wait for page load successfully

2022-09-22 15:51:43 - [TEST_STEP][PASSED] - click(findTestObject("Pagina inicial/Page_Metro de Medelln - Sea bienvenido/em_Adquisicin_bv")): Object: 'Object Repository/Pagina inicial/Page_Metro de Medelln - Sea bienvenido/em_Adquisicin_bv' is clicked on

2022-09-22 15:51:44 - [MESSAGE][PASSED] - Object: 'Object Repository/Pagina inicial/Page_Metro de Medelln - Sea bienvenido/em_Adquisicin_bv' is clicked on

2022-09-22 15:51:44 - [TEST_STEP][PASSED] - waitForPageLoad(30): Wait for page load successfully

2022-09-22 15:51:44 - [MESSAGE][PASSED] - Wait for page load successfully

2022-09-22 15:51:44 - [TEST_STEP][PASSED] - click(findTestObject("Consulta y ajuste de saldo/Page_Metro de Medellin -  Adquisicin/a_Punto de Venta_adq")): Object: 'Object Repository/Consulta y ajuste de saldo/Page_Metro de Medellin -  Adquisicin/a_Punto de Venta_adq' is clicked on

2022-09-22 15:51:45 - [MESSAGE][PASSED] - Object: 'Object Repository/Consulta y ajuste de saldo/Page_Metro de Medellin -  Adquisicin/a_Punto de Venta_adq' is clicked on

2022-09-22 15:51:45 - [TEST_STEP][PASSED] - waitForPageLoad(30): Wait for page load successfully

2022-09-22 15:51:45 - [MESSAGE][PASSED] - Wait for page load successfully

2022-09-22 15:51:45 - [TEST_STEP][PASSED] - click(findTestObject("Consulta y ajuste de saldo/Page_Metro de Medelln - Adquisicin - Punto de Venta -  Ajuste de Carga/a_Ajuste de Carga_pdva")): Object: 'Object Repository/Consulta y ajuste de saldo/Page_Metro de Medelln - Adquisicin - Punto de Venta -  Ajuste de Carga/a_Ajuste de Carga_pdva' is clicked on

2022-09-22 15:51:47 - [MESSAGE][PASSED] - Object: 'Object Repository/Consulta y ajuste de saldo/Page_Metro de Medelln - Adquisicin - Punto de Venta -  Ajuste de Carga/a_Ajuste de Carga_pdva' is clicked on

2022-09-22 15:51:47 - [TEST_STEP][PASSED] - waitForPageLoad(30): Wait for page load successfully

2022-09-22 15:51:47 - [MESSAGE][PASSED] - Wait for page load successfully

2022-09-22 15:51:47 - [TEST_STEP][PASSED] - click(findTestObject("Consulta y ajuste de saldo/Page_Metro de Medelln - Adquisicin - Punto de Venta -  Ajuste de Carga/a_Nuevo Registro_pdva")): Object: 'Object Repository/Consulta y ajuste de saldo/Page_Metro de Medelln - Adquisicin - Punto de Venta -  Ajuste de Carga/a_Nuevo Registro_pdva' is clicked on

2022-09-22 15:51:49 - [MESSAGE][PASSED] - Object: 'Object Repository/Consulta y ajuste de saldo/Page_Metro de Medelln - Adquisicin - Punto de Venta -  Ajuste de Carga/a_Nuevo Registro_pdva' is clicked on

2022-09-22 15:51:49 - [TEST_STEP][PASSED] - waitForPageLoad(30): Wait for page load successfully

2022-09-22 15:51:49 - [MESSAGE][PASSED] - Wait for page load successfully

2022-09-22 15:51:49 - [TEST_STEP][PASSED] - click(findTestObject("Consulta y ajuste de saldo/Page_Metro de Medelln - Adquisicion - Punto de Venta -  Ajuste de Carga/input_Apellidos_ctl00ContentPlaceHolder1btnBuscarUsu_pdvab")): Object: 'Object Repository/Consulta y ajuste de saldo/Page_Metro de Medelln - Adquisicion - Punto de Venta -  Ajuste de Carga/input_Apellidos_ctl00ContentPlaceHolder1btnBuscarUsu_pdvab' is clicked on

2022-09-22 15:51:52 - [MESSAGE][PASSED] - Object: 'Object Repository/Consulta y ajuste de saldo/Page_Metro de Medelln - Adquisicion - Punto de Venta -  Ajuste de Carga/input_Apellidos_ctl00ContentPlaceHolder1btnBuscarUsu_pdvab' is clicked on

2022-09-22 15:51:52 - [TEST_STEP][PASSED] - waitForPageLoad(30): Wait for page load successfully

2022-09-22 15:51:52 - [MESSAGE][PASSED] - Wait for page load successfully

2022-09-22 15:51:52 - [TEST_STEP][PASSED] - switchToWindowUrl("https://qabanco.civica.com.co/Civica/Usuarios/Registros/frmUsuariosPNTarjetaPopup.aspx?nombre=&cedula=&tarjeta="): Switched to window with url: 'https://qabanco.civica.com.co/Civica/Usuarios/Registros/frmUsuariosPNTarjetaPopup.aspx?nombre=&cedula=&tarjeta='

2022-09-22 15:51:52 - [MESSAGE][PASSED] - Switched to window with url: 'https://qabanco.civica.com.co/Civica/Usuarios/Registros/frmUsuariosPNTarjetaPopup.aspx?nombre=&cedula=&tarjeta='

2022-09-22 15:51:52 - [TEST_STEP][PASSED] - focus(findTestObject("Consulta y ajuste de saldo/Page_Metro Medelln -  ConsulPN/input_Nm. Tarjeta_txtNumeroTarjeta_cpn")): Object: 'Object Repository/Consulta y ajuste de saldo/Page_Metro Medelln -  ConsulPN/input_Nm. Tarjeta_txtNumeroTarjeta_cpn' is focused

2022-09-22 15:51:52 - [MESSAGE][PASSED] - Object: 'Object Repository/Consulta y ajuste de saldo/Page_Metro Medelln -  ConsulPN/input_Nm. Tarjeta_txtNumeroTarjeta_cpn' is focused

2022-09-22 15:51:52 - [TEST_STEP][PASSED] - setText(findTestObject("Consulta y ajuste de saldo/Page_Metro Medelln -  ConsulPN/input_Nm. Tarjeta_txtNumeroTarjeta_cpn"), "1267657"): Text '1267657' is set on object 'Object Repository/Consulta y ajuste de saldo/Page_Metro Medelln -  ConsulPN/input_Nm. Tarjeta_txtNumeroTarjeta_cpn'

2022-09-22 15:51:53 - [MESSAGE][PASSED] - Text '1267657' is set on object 'Object Repository/Consulta y ajuste de saldo/Page_Metro Medelln -  ConsulPN/input_Nm. Tarjeta_txtNumeroTarjeta_cpn'

2022-09-22 15:51:53 - [TEST_STEP][PASSED] - click(findTestObject("Consulta y ajuste de saldo/Page_Metro Medelln -  ConsulPN/input_REGISTRO BLOQUEADO_btnBuscar_cpn")): Object: 'Object Repository/Consulta y ajuste de saldo/Page_Metro Medelln -  ConsulPN/input_REGISTRO BLOQUEADO_btnBuscar_cpn' is clicked on

2022-09-22 15:51:55 - [MESSAGE][PASSED] - Object: 'Object Repository/Consulta y ajuste de saldo/Page_Metro Medelln -  ConsulPN/input_REGISTRO BLOQUEADO_btnBuscar_cpn' is clicked on

2022-09-22 15:51:55 - [TEST_STEP][PASSED] - click(findTestObject("Consulta y ajuste de saldo/Page_Metro Medelln -  ConsulPN/img_cpn")): Object: 'Object Repository/Consulta y ajuste de saldo/Page_Metro Medelln -  ConsulPN/img_cpn' is clicked on

2022-09-22 15:51:55 - [MESSAGE][PASSED] - Object: 'Object Repository/Consulta y ajuste de saldo/Page_Metro Medelln -  ConsulPN/img_cpn' is clicked on

2022-09-22 15:51:55 - [TEST_STEP][PASSED] - switchToWindowUrl("https://qabanco.civica.com.co/Civica/Adquisicion/PuntodeVenta/frmAjusteCargaDet.aspx"): Switched to window with url: 'https://qabanco.civica.com.co/Civica/Adquisicion/PuntodeVenta/frmAjusteCargaDet.aspx'

2022-09-22 15:51:56 - [MESSAGE][PASSED] - Switched to window with url: 'https://qabanco.civica.com.co/Civica/Adquisicion/PuntodeVenta/frmAjusteCargaDet.aspx'

2022-09-22 15:51:56 - [TEST_STEP][PASSED] - click(findTestObject("Page_MedeMe - Adqcion - PdV -  Ajuste credito/Chechk credito")): Object: 'Object Repository/Page_MedeMe - Adqcion - PdV -  Ajuste credito/Chechk credito' is clicked on

2022-09-22 15:51:56 - [MESSAGE][PASSED] - Object: 'Object Repository/Page_MedeMe - Adqcion - PdV -  Ajuste credito/Chechk credito' is clicked on

2022-09-22 15:51:56 - [TEST_STEP][PASSED] - delay(2): Delayed 2 second(s)

2022-09-22 15:51:58 - [MESSAGE][PASSED] - Delayed 2 second(s)

2022-09-22 15:51:58 - [TEST_STEP][PASSED] - focus(findTestObject("Consulta y ajuste de saldo/Page_Metro de Medelln - Adquisicion - Punto de Venta -  Ajuste de Carga/input_Valor_ctl00ContentPlaceHolder1txtValor_pdvab")): Object: 'Object Repository/Consulta y ajuste de saldo/Page_Metro de Medelln - Adquisicion - Punto de Venta -  Ajuste de Carga/input_Valor_ctl00ContentPlaceHolder1txtValor_pdvab' is focused

2022-09-22 15:51:59 - [MESSAGE][PASSED] - Object: 'Object Repository/Consulta y ajuste de saldo/Page_Metro de Medelln - Adquisicion - Punto de Venta -  Ajuste de Carga/input_Valor_ctl00ContentPlaceHolder1txtValor_pdvab' is focused

2022-09-22 15:51:59 - [TEST_STEP][PASSED] - setText(findTestObject("Consulta y ajuste de saldo/Page_Metro de Medelln - Adquisicion - Punto de Venta -  Ajuste de Carga/input_Valor_ctl00ContentPlaceHolder1txtValor_pdvab"), "50000"): Text '50000' is set on object 'Object Repository/Consulta y ajuste de saldo/Page_Metro de Medelln - Adquisicion - Punto de Venta -  Ajuste de Carga/input_Valor_ctl00ContentPlaceHolder1txtValor_pdvab'

2022-09-22 15:52:00 - [MESSAGE][PASSED] - Text '50000' is set on object 'Object Repository/Consulta y ajuste de saldo/Page_Metro de Medelln - Adquisicion - Punto de Venta -  Ajuste de Carga/input_Valor_ctl00ContentPlaceHolder1txtValor_pdvab'

2022-09-22 15:52:00 - [TEST_STEP][PASSED] - click(findTestObject("Consulta y ajuste de saldo/Page_Metro de Medelln - Adquisicion - Punto de Venta -  Ajuste de Carga/select_- Seleccione - Motivo_pdvab")): Object: 'Object Repository/Consulta y ajuste de saldo/Page_Metro de Medelln - Adquisicion - Punto de Venta -  Ajuste de Carga/select_- Seleccione - Motivo_pdvab' is clicked on

2022-09-22 15:52:00 - [MESSAGE][PASSED] - Object: 'Object Repository/Consulta y ajuste de saldo/Page_Metro de Medelln - Adquisicion - Punto de Venta -  Ajuste de Carga/select_- Seleccione - Motivo_pdvab' is clicked on

2022-09-22 15:52:00 - [TEST_STEP][PASSED] - sendKeys(findTestObject("Consulta y ajuste de saldo/Page_Metro de Medelln - Adquisicion - Punto de Venta -  Ajuste de Carga/select_- Seleccione - Motivo_pdvab"), Keys.chord(ARROW_DOWN)): Keys 'DOWN + ' sent to object: 'Object Repository/Consulta y ajuste de saldo/Page_Metro de Medelln - Adquisicion - Punto de Venta -  Ajuste de Carga/select_- Seleccione - Motivo_pdvab'

2022-09-22 15:52:01 - [MESSAGE][PASSED] - Keys 'DOWN + ' sent to object: 'Object Repository/Consulta y ajuste de saldo/Page_Metro de Medelln - Adquisicion - Punto de Venta -  Ajuste de Carga/select_- Seleccione - Motivo_pdvab'

2022-09-22 15:52:01 - [TEST_STEP][PASSED] - sendKeys(findTestObject("Consulta y ajuste de saldo/Page_Metro de Medelln - Adquisicion - Punto de Venta -  Ajuste de Carga/select_- Seleccione - Motivo_pdvab"), Keys.chord(ENTER)): Keys 'ENTER + ' sent to object: 'Object Repository/Consulta y ajuste de saldo/Page_Metro de Medelln - Adquisicion - Punto de Venta -  Ajuste de Carga/select_- Seleccione - Motivo_pdvab'

2022-09-22 15:52:01 - [MESSAGE][PASSED] - Keys 'ENTER + ' sent to object: 'Object Repository/Consulta y ajuste de saldo/Page_Metro de Medelln - Adquisicion - Punto de Venta -  Ajuste de Carga/select_- Seleccione - Motivo_pdvab'

2022-09-22 15:52:01 - [TEST_STEP][PASSED] - click(findTestObject("Consulta y ajuste de saldo/Page_Metro de Medelln - Adquisicion - Punto de Venta -  Ajuste de Carga/textarea_Caracteres restantes  1000_ctl00ContentPlaceHolder1txtDescripcion_pdvab")): Object: 'Object Repository/Consulta y ajuste de saldo/Page_Metro de Medelln - Adquisicion - Punto de Venta -  Ajuste de Carga/textarea_Caracteres restantes  1000_ctl00ContentPlaceHolder1txtDescripcion_pdvab' is clicked on

2022-09-22 15:52:03 - [MESSAGE][PASSED] - Object: 'Object Repository/Consulta y ajuste de saldo/Page_Metro de Medelln - Adquisicion - Punto de Venta -  Ajuste de Carga/textarea_Caracteres restantes  1000_ctl00ContentPlaceHolder1txtDescripcion_pdvab' is clicked on

2022-09-22 15:52:03 - [TEST_STEP][PASSED] - setText(findTestObject("Consulta y ajuste de saldo/Page_Metro de Medelln - Adquisicion - Punto de Venta -  Ajuste de Carga/textarea_Caracteres restantes  1000_ctl00ContentPlaceHolder1txtDescripcion_pdvab"), "Prueba venta de tarjetas"): Text 'Prueba venta de tarjetas' is set on object 'Object Repository/Consulta y ajuste de saldo/Page_Metro de Medelln - Adquisicion - Punto de Venta -  Ajuste de Carga/textarea_Caracteres restantes  1000_ctl00ContentPlaceHolder1txtDescripcion_pdvab'

2022-09-22 15:52:04 - [MESSAGE][PASSED] - Text 'Prueba venta de tarjetas' is set on object 'Object Repository/Consulta y ajuste de saldo/Page_Metro de Medelln - Adquisicion - Punto de Venta -  Ajuste de Carga/textarea_Caracteres restantes  1000_ctl00ContentPlaceHolder1txtDescripcion_pdvab'

2022-09-22 15:52:04 - [TEST_STEP][PASSED] - click(findTestObject("Consulta y ajuste de saldo/Page_Metro de Medelln - Adquisicion - Punto de Venta -  Ajuste de Carga/input_Operador Modificacin_ctl00ContentPlaceHolder1btnConfirmar_pdvab")): Object: 'Object Repository/Consulta y ajuste de saldo/Page_Metro de Medelln - Adquisicion - Punto de Venta -  Ajuste de Carga/input_Operador Modificacin_ctl00ContentPlaceHolder1btnConfirmar_pdvab' is clicked on

2022-09-22 15:52:07 - [MESSAGE][PASSED] - Object: 'Object Repository/Consulta y ajuste de saldo/Page_Metro de Medelln - Adquisicion - Punto de Venta -  Ajuste de Carga/input_Operador Modificacin_ctl00ContentPlaceHolder1btnConfirmar_pdvab' is clicked on

2022-09-22 15:52:07 - [TEST_STEP][PASSED] - switchToWindowUrl("https://qabanco.civica.com.co/Civica/Includes/frmMensagem.aspx"): Switched to window with url: 'https://qabanco.civica.com.co/Civica/Includes/frmMensagem.aspx'

2022-09-22 15:52:07 - [MESSAGE][PASSED] - Switched to window with url: 'https://qabanco.civica.com.co/Civica/Includes/frmMensagem.aspx'

2022-09-22 15:52:07 - [TEST_STEP][PASSED] - click(findTestObject("Consulta y ajuste de saldo/Page_Metro Medelln -  Mensaje/input_Operacin efectuada con xito_btnOk_cpn")): Object: 'Object Repository/Consulta y ajuste de saldo/Page_Metro Medelln -  Mensaje/input_Operacin efectuada con xito_btnOk_cpn' is clicked on

2022-09-22 15:52:08 - [MESSAGE][PASSED] - Object: 'Object Repository/Consulta y ajuste de saldo/Page_Metro Medelln -  Mensaje/input_Operacin efectuada con xito_btnOk_cpn' is clicked on

2022-09-22 15:52:08 - [TEST_STEP][PASSED] - switchToWindowUrl("https://qabanco.civica.com.co/Civica/Adquisicion/PuntodeVenta/frmAjusteCargaDet.aspx?Cod=0"): Switched to window with url: 'https://qabanco.civica.com.co/Civica/Adquisicion/PuntodeVenta/frmAjusteCargaDet.aspx?Cod=0'

2022-09-22 15:52:08 - [MESSAGE][PASSED] - Switched to window with url: 'https://qabanco.civica.com.co/Civica/Adquisicion/PuntodeVenta/frmAjusteCargaDet.aspx?Cod=0'

2022-09-22 15:52:08 - [TEST_STEP][PASSED] - click(findTestObject("Consulta y ajuste de saldo/Page_Metro de Medelln - Adquisicion - Punto de Venta -  Ajuste de Carga/a_Aprobacin Ajuste de Carga_pdvab")): Object: 'Object Repository/Consulta y ajuste de saldo/Page_Metro de Medelln - Adquisicion - Punto de Venta -  Ajuste de Carga/a_Aprobacin Ajuste de Carga_pdvab' is clicked on

2022-09-22 15:52:09 - [MESSAGE][PASSED] - Object: 'Object Repository/Consulta y ajuste de saldo/Page_Metro de Medelln - Adquisicion - Punto de Venta -  Ajuste de Carga/a_Aprobacin Ajuste de Carga_pdvab' is clicked on

2022-09-22 15:52:09 - [TEST_STEP][PASSED] - click(findTestObject("Consulta y ajuste de saldo/Page_Metro de Medelln - Adquisicin - Pdv -  AproAju Carga/select_- Seleccione - Motivo Aprobacion_adqa")): Object: 'Object Repository/Consulta y ajuste de saldo/Page_Metro de Medelln - Adquisicin - Pdv -  AproAju Carga/select_- Seleccione - Motivo Aprobacion_adqa' is clicked on

2022-09-22 15:52:10 - [MESSAGE][PASSED] - Object: 'Object Repository/Consulta y ajuste de saldo/Page_Metro de Medelln - Adquisicin - Pdv -  AproAju Carga/select_- Seleccione - Motivo Aprobacion_adqa' is clicked on

2022-09-22 15:52:10 - [TEST_STEP][PASSED] - sendKeys(findTestObject("Consulta y ajuste de saldo/Page_Metro de Medelln - Adquisicin - Pdv -  AproAju Carga/select_- Seleccione - Motivo Aprobacion_adqa"), Keys.chord(ARROW_DOWN)): Keys 'DOWN + ' sent to object: 'Object Repository/Consulta y ajuste de saldo/Page_Metro de Medelln - Adquisicin - Pdv -  AproAju Carga/select_- Seleccione - Motivo Aprobacion_adqa'

2022-09-22 15:52:10 - [MESSAGE][PASSED] - Keys 'DOWN + ' sent to object: 'Object Repository/Consulta y ajuste de saldo/Page_Metro de Medelln - Adquisicin - Pdv -  AproAju Carga/select_- Seleccione - Motivo Aprobacion_adqa'

2022-09-22 15:52:10 - [TEST_STEP][PASSED] - sendKeys(findTestObject("Consulta y ajuste de saldo/Page_Metro de Medelln - Adquisicin - Pdv -  AproAju Carga/select_- Seleccione - Motivo Aprobacion_adqa"), Keys.chord(ENTER)): Keys 'ENTER + ' sent to object: 'Object Repository/Consulta y ajuste de saldo/Page_Metro de Medelln - Adquisicin - Pdv -  AproAju Carga/select_- Seleccione - Motivo Aprobacion_adqa'

2022-09-22 15:52:11 - [MESSAGE][PASSED] - Keys 'ENTER + ' sent to object: 'Object Repository/Consulta y ajuste de saldo/Page_Metro de Medelln - Adquisicin - Pdv -  AproAju Carga/select_- Seleccione - Motivo Aprobacion_adqa'

2022-09-22 15:52:11 - [TEST_STEP][PASSED] - click(findTestObject("Consulta y ajuste de saldo/Page_Metro de Medelln - Adquisicin - Pdv -  AproAju Carga/input__ctl00ContentPlaceHolder1btnBuscar_adqa")): Object: 'Object Repository/Consulta y ajuste de saldo/Page_Metro de Medelln - Adquisicin - Pdv -  AproAju Carga/input__ctl00ContentPlaceHolder1btnBuscar_adqa' is clicked on

2022-09-22 15:52:13 - [MESSAGE][PASSED] - Object: 'Object Repository/Consulta y ajuste de saldo/Page_Metro de Medelln - Adquisicin - Pdv -  AproAju Carga/input__ctl00ContentPlaceHolder1btnBuscar_adqa' is clicked on

2022-09-22 15:52:13 - [TEST_STEP][PASSED] - waitForPageLoad(30): Wait for page load successfully

2022-09-22 15:52:13 - [MESSAGE][PASSED] - Wait for page load successfully

2022-09-22 15:52:13 - [TEST_STEP][PASSED] - click(findTestObject("Consulta y ajuste de saldo/Page_Metro de Medelln - Adquisicin - Pdv -  AproAju Carga/input__ctl00ContentPlaceHolder1btnBuscar_adqa")): Object: 'Object Repository/Consulta y ajuste de saldo/Page_Metro de Medelln - Adquisicin - Pdv -  AproAju Carga/input__ctl00ContentPlaceHolder1btnBuscar_adqa' is clicked on

2022-09-22 15:52:14 - [MESSAGE][PASSED] - Object: 'Object Repository/Consulta y ajuste de saldo/Page_Metro de Medelln - Adquisicin - Pdv -  AproAju Carga/input__ctl00ContentPlaceHolder1btnBuscar_adqa' is clicked on

2022-09-22 15:52:14 - [TEST_STEP][PASSED] - waitForPageLoad(30): Wait for page load successfully

2022-09-22 15:52:14 - [MESSAGE][PASSED] - Wait for page load successfully

2022-09-22 15:52:14 - [TEST_STEP][PASSED] - check(findTestObject("Consulta y ajuste de saldo/Page_Metro de Medelln - Adquisicin - Pdv -  AproAju Carga/Aprobar_todos")): Object 'Object Repository/Consulta y ajuste de saldo/Page_Metro de Medelln - Adquisicin - Pdv -  AproAju Carga/Aprobar_todos' is checked

2022-09-22 15:52:15 - [MESSAGE][PASSED] - Object 'Object Repository/Consulta y ajuste de saldo/Page_Metro de Medelln - Adquisicin - Pdv -  AproAju Carga/Aprobar_todos' is checked

2022-09-22 15:52:15 - [TEST_STEP][PASSED] - click(findTestObject("Consulta y ajuste de saldo/Page_Metro de Medelln - Adquisicin - Pdv -  AproAju Carga/input_registro(s) encontrado(s)_ctl00ContentPlaceHolder1btnAprobar_adqa")): Object: 'Object Repository/Consulta y ajuste de saldo/Page_Metro de Medelln - Adquisicin - Pdv -  AproAju Carga/input_registro(s) encontrado(s)_ctl00ContentPlaceHolder1btnAprobar_adqa' is clicked on

2022-09-22 15:52:16 - [MESSAGE][PASSED] - Object: 'Object Repository/Consulta y ajuste de saldo/Page_Metro de Medelln - Adquisicin - Pdv -  AproAju Carga/input_registro(s) encontrado(s)_ctl00ContentPlaceHolder1btnAprobar_adqa' is clicked on

2022-09-22 15:52:16 - [TEST_STEP][PASSED] - delay(2): Delayed 2 second(s)

2022-09-22 15:52:18 - [MESSAGE][PASSED] - Delayed 2 second(s)

2022-09-22 15:52:18 - [TEST_STEP][PASSED] - click(findTestObject("Consulta y ajuste de saldo/Page_Metro de Medelln - Adquisicin - Pdv -  AproAju Carga/select_- Seleccione - Motivo Aprobacion_adqa")): Object: 'Object Repository/Consulta y ajuste de saldo/Page_Metro de Medelln - Adquisicin - Pdv -  AproAju Carga/select_- Seleccione - Motivo Aprobacion_adqa' is clicked on

2022-09-22 15:52:19 - [MESSAGE][PASSED] - Object: 'Object Repository/Consulta y ajuste de saldo/Page_Metro de Medelln - Adquisicin - Pdv -  AproAju Carga/select_- Seleccione - Motivo Aprobacion_adqa' is clicked on

2022-09-22 15:52:19 - [TEST_STEP][PASSED] - sendKeys(findTestObject("Consulta y ajuste de saldo/Page_Metro de Medelln - Adquisicin - Pdv -  AproAju Carga/select_- Seleccione - Motivo Aprobacion_adqa"), Keys.chord(ENTER)): Keys 'ENTER + ' sent to object: 'Object Repository/Consulta y ajuste de saldo/Page_Metro de Medelln - Adquisicin - Pdv -  AproAju Carga/select_- Seleccione - Motivo Aprobacion_adqa'

2022-09-22 15:52:20 - [MESSAGE][PASSED] - Keys 'ENTER + ' sent to object: 'Object Repository/Consulta y ajuste de saldo/Page_Metro de Medelln - Adquisicin - Pdv -  AproAju Carga/select_- Seleccione - Motivo Aprobacion_adqa'

2022-09-22 15:52:20 - [TEST_STEP][PASSED] - click(findTestObject("Consulta y ajuste de saldo/Page_Metro de Medelln - Adquisicin - Pdv -  AproAju Carga/input__ctl00ContentPlaceHolder1btnBuscar_adqa")): Object: 'Object Repository/Consulta y ajuste de saldo/Page_Metro de Medelln - Adquisicin - Pdv -  AproAju Carga/input__ctl00ContentPlaceHolder1btnBuscar_adqa' is clicked on

2022-09-22 15:52:21 - [MESSAGE][PASSED] - Object: 'Object Repository/Consulta y ajuste de saldo/Page_Metro de Medelln - Adquisicin - Pdv -  AproAju Carga/input__ctl00ContentPlaceHolder1btnBuscar_adqa' is clicked on

2022-09-22 15:52:21 - [TEST_STEP][PASSED] - waitForPageLoad(30): Wait for page load successfully

2022-09-22 15:52:21 - [MESSAGE][PASSED] - Wait for page load successfully

2022-09-22 15:52:21 - [TEST_STEP][PASSED] - click(findTestObject("Consulta y ajuste de saldo/Page_Metro de Medelln - Adquisicin - Pdv -  AproAju Carga/input__ctl00ContentPlaceHolder1btnBuscar_adqa")): Object: 'Object Repository/Consulta y ajuste de saldo/Page_Metro de Medelln - Adquisicin - Pdv -  AproAju Carga/input__ctl00ContentPlaceHolder1btnBuscar_adqa' is clicked on

2022-09-22 15:52:23 - [MESSAGE][PASSED] - Object: 'Object Repository/Consulta y ajuste de saldo/Page_Metro de Medelln - Adquisicin - Pdv -  AproAju Carga/input__ctl00ContentPlaceHolder1btnBuscar_adqa' is clicked on

2022-09-22 15:52:23 - [TEST_STEP][PASSED] - waitForPageLoad(30): Wait for page load successfully

2022-09-22 15:52:23 - [MESSAGE][PASSED] - Wait for page load successfully

2022-09-22 15:52:23 - [TEST_STEP][PASSED] - check(findTestObject("Consulta y ajuste de saldo/Page_Metro de Medelln - Adquisicin - Pdv -  AproAju Carga/Aprobar_todos")): Object 'Object Repository/Consulta y ajuste de saldo/Page_Metro de Medelln - Adquisicin - Pdv -  AproAju Carga/Aprobar_todos' is checked

2022-09-22 15:52:23 - [MESSAGE][PASSED] - Object 'Object Repository/Consulta y ajuste de saldo/Page_Metro de Medelln - Adquisicin - Pdv -  AproAju Carga/Aprobar_todos' is checked

2022-09-22 15:52:23 - [TEST_STEP][PASSED] - click(findTestObject("Consulta y ajuste de saldo/Page_Metro de Medelln - Adquisicin - Pdv -  AproAju Carga/input_registro(s) encontrado(s)_ctl00ContentPlaceHolder1btnAprobar_adqa")): Object: 'Object Repository/Consulta y ajuste de saldo/Page_Metro de Medelln - Adquisicin - Pdv -  AproAju Carga/input_registro(s) encontrado(s)_ctl00ContentPlaceHolder1btnAprobar_adqa' is clicked on

2022-09-22 15:52:24 - [MESSAGE][PASSED] - Object: 'Object Repository/Consulta y ajuste de saldo/Page_Metro de Medelln - Adquisicin - Pdv -  AproAju Carga/input_registro(s) encontrado(s)_ctl00ContentPlaceHolder1btnAprobar_adqa' is clicked on

2022-09-22 15:52:24 - [TEST_STEP][PASSED] - acceptAlert(): Alert accepted

2022-09-22 15:52:24 - [MESSAGE][PASSED] - Alert accepted

2022-09-22 15:52:24 - [TEST_STEP][PASSED] - delay(3): Delayed 3 second(s)

2022-09-22 15:52:27 - [MESSAGE][PASSED] - Delayed 3 second(s)

2022-09-22 15:52:27 - [TEST_STEP][PASSED] - closeBrowser(): Browser is closed

2022-09-22 15:52:43 - [MESSAGE][PASSED] - Browser is closed]]></system-out>
         <system-err><![CDATA[]]></system-err>
      </testcase>
      <system-out><![CDATA[2022-09-22 15:48:31 - [TEST_SUITE][PASSED] - Ajuste Credito: Test Cases/Ajuste credito - 50000]]></system-out>
      <system-err><![CDATA[]]></system-err>
   </testsuite>
</testsuites>
