<?xml version="1.0" encoding="UTF-8"?>
<testsuites name="Ajuste Credito" time="264.662" tests="3" failures="0" errors="0">
   <testsuite name="Ajuste Credito" tests="3" failures="0" errors="0" time="264.662" skipped="0" timestamp="2022-09-22 15:53:24" hostname="feflorez - UENOP029.metrodemedellin.gov.co" id="Test Suites/Ajuste Credito">
      <properties>
         <property name="deviceName" value=""/>
         <property name="devicePlatform" value=""/>
         <property name="logFolder" value="C:\\Users\\feflorez\\git\\Automatizacion-de-procesos-QA-Metro\\Reports\\20220922_155307\\Ajuste Credito\\20220922_155307"/>
         <property name="logFiles" value="C:\\Users\\feflorez\\git\\Automatizacion-de-procesos-QA-Metro\\Reports\\20220922_155307\\Ajuste Credito\\20220922_155307\\execution0.log"/>
         <property name="attachments" value=""/>
         <property name="hostName" value="feflorez - UENOP029.metrodemedellin.gov.co"/>
         <property name="os" value="Windows 10 64bit"/>
         <property name="katalonVersion" value="8.4.1.208"/>
         <property name="browser" value="Chrome 105.0.0.0"/>
         <property name="hostAddress" value="172.23.20.156"/>
         <property name="sessionId" value="66b74e9daf46537b9fdff4c35d7cebc9"/>
         <property name="seleniumVersion" value="3.141.59"/>
         <property name="proxyInformation" value="ProxyInformation { proxyOption=NO_PROXY, proxyServerType=HTTP, username=, password=********, proxyServerAddress=, proxyServerPort=0, executionList=&quot;&quot;, isApplyToDesiredCapabilities=true }"/>
         <property name="platform" value="Windows 10"/>
      </properties>
      <testcase name="Test Cases/Ajuste credito - 10000" time="121.697" classname="Test Cases/Ajuste credito - 10000" status="PASSED">
         <system-out><![CDATA[2022-09-22 15:53:25 - [TEST_CASE][PASSED] - Test Cases/Ajuste credito - 10000: Test Cases/Ajuste credito - 10000

2022-09-22 15:53:26 - [TEST_STEP][PASSED] - openBrowser("https://qabanco.civica.com.co/civica/index.aspx"): Browser is opened with url: 'https://qabanco.civica.com.co/civica/index.aspx'

2022-09-22 15:53:27 - [MESSAGE][INFO] - Starting 'Chrome' driver

2022-09-22 15:53:27 - [MESSAGE][INFO] - Action delay is set to 0 milliseconds

2022-09-22 15:53:53 - [MESSAGE][PASSED] - Browser is opened with url: 'https://qabanco.civica.com.co/civica/index.aspx'

2022-09-22 15:53:53 - [TEST_STEP][PASSED] - waitForPageLoad(30): Wait for page load successfully

2022-09-22 15:53:55 - [MESSAGE][PASSED] - Wait for page load successfully

2022-09-22 15:53:55 - [TEST_STEP][PASSED] - maximizeWindow(): Current window maximized

2022-09-22 15:53:56 - [MESSAGE][PASSED] - Current window maximized

2022-09-22 15:53:56 - [TEST_STEP][PASSED] - focus(findTestObject("Inicio de sesion - Cívica Calidad/Inicio de sesion_Civica Calidad/input_Cdula usuario_txtLogin")): Object: 'Object Repository/Inicio de sesion - Cívica Calidad/Inicio de sesion_Civica Calidad/input_Cdula usuario_txtLogin' is focused

2022-09-22 15:53:56 - [MESSAGE][PASSED] - Object: 'Object Repository/Inicio de sesion - Cívica Calidad/Inicio de sesion_Civica Calidad/input_Cdula usuario_txtLogin' is focused

2022-09-22 15:53:56 - [TEST_STEP][PASSED] - setText(findTestObject("Inicio de sesion - Cívica Calidad/Inicio de sesion_Civica Calidad/input_Cdula usuario_txtLogin"), findTestData("Usuarios/Usuarios login").getValue(1, 1)): Text '1028015407' is set on object 'Object Repository/Inicio de sesion - Cívica Calidad/Inicio de sesion_Civica Calidad/input_Cdula usuario_txtLogin'

2022-09-22 15:54:01 - [MESSAGE][PASSED] - Text '1028015407' is set on object 'Object Repository/Inicio de sesion - Cívica Calidad/Inicio de sesion_Civica Calidad/input_Cdula usuario_txtLogin'

2022-09-22 15:54:01 - [TEST_STEP][PASSED] - focus(findTestObject("Inicio de sesion - Cívica Calidad/Inicio de sesion_Civica Calidad/input_Contrasea_txtSena")): Object: 'Object Repository/Inicio de sesion - Cívica Calidad/Inicio de sesion_Civica Calidad/input_Contrasea_txtSena' is focused

2022-09-22 15:54:03 - [MESSAGE][PASSED] - Object: 'Object Repository/Inicio de sesion - Cívica Calidad/Inicio de sesion_Civica Calidad/input_Contrasea_txtSena' is focused

2022-09-22 15:54:03 - [TEST_STEP][PASSED] - setText(findTestObject("Inicio de sesion - Cívica Calidad/Inicio de sesion_Civica Calidad/input_Contrasea_txtSena"), findTestData("Usuarios/Usuarios login").getValue(2, 1)): Text '12345678' is set on object 'Object Repository/Inicio de sesion - Cívica Calidad/Inicio de sesion_Civica Calidad/input_Contrasea_txtSena'

2022-09-22 15:54:04 - [MESSAGE][PASSED] - Text '12345678' is set on object 'Object Repository/Inicio de sesion - Cívica Calidad/Inicio de sesion_Civica Calidad/input_Contrasea_txtSena'

2022-09-22 15:54:04 - [TEST_STEP][PASSED] - click(findTestObject("Inicio de sesion - Cívica Calidad/Inicio de sesion_Civica Calidad/input_Contrasea_btnOk")): Object: 'Object Repository/Inicio de sesion - Cívica Calidad/Inicio de sesion_Civica Calidad/input_Contrasea_btnOk' is clicked on

2022-09-22 15:54:11 - [MESSAGE][PASSED] - Object: 'Object Repository/Inicio de sesion - Cívica Calidad/Inicio de sesion_Civica Calidad/input_Contrasea_btnOk' is clicked on

2022-09-22 15:54:11 - [TEST_STEP][PASSED] - waitForPageLoad(30): Wait for page load successfully

2022-09-22 15:54:11 - [MESSAGE][PASSED] - Wait for page load successfully

2022-09-22 15:54:11 - [TEST_STEP][PASSED] - click(findTestObject("Pagina inicial/Page_Metro de Medelln - Sea bienvenido/em_Adquisicin_bv")): Object: 'Object Repository/Pagina inicial/Page_Metro de Medelln - Sea bienvenido/em_Adquisicin_bv' is clicked on

2022-09-22 15:54:14 - [MESSAGE][PASSED] - Object: 'Object Repository/Pagina inicial/Page_Metro de Medelln - Sea bienvenido/em_Adquisicin_bv' is clicked on

2022-09-22 15:54:14 - [TEST_STEP][PASSED] - waitForPageLoad(30): Wait for page load successfully

2022-09-22 15:54:14 - [MESSAGE][PASSED] - Wait for page load successfully

2022-09-22 15:54:14 - [TEST_STEP][PASSED] - click(findTestObject("Consulta y ajuste de saldo/Page_Metro de Medellin -  Adquisicin/a_Punto de Venta_adq")): Object: 'Object Repository/Consulta y ajuste de saldo/Page_Metro de Medellin -  Adquisicin/a_Punto de Venta_adq' is clicked on

2022-09-22 15:54:17 - [MESSAGE][PASSED] - Object: 'Object Repository/Consulta y ajuste de saldo/Page_Metro de Medellin -  Adquisicin/a_Punto de Venta_adq' is clicked on

2022-09-22 15:54:17 - [TEST_STEP][PASSED] - waitForPageLoad(30): Wait for page load successfully

2022-09-22 15:54:17 - [MESSAGE][PASSED] - Wait for page load successfully

2022-09-22 15:54:17 - [TEST_STEP][PASSED] - click(findTestObject("Consulta y ajuste de saldo/Page_Metro de Medelln - Adquisicin - Punto de Venta -  Ajuste de Carga/a_Ajuste de Carga_pdva")): Object: 'Object Repository/Consulta y ajuste de saldo/Page_Metro de Medelln - Adquisicin - Punto de Venta -  Ajuste de Carga/a_Ajuste de Carga_pdva' is clicked on

2022-09-22 15:54:23 - [MESSAGE][PASSED] - Object: 'Object Repository/Consulta y ajuste de saldo/Page_Metro de Medelln - Adquisicin - Punto de Venta -  Ajuste de Carga/a_Ajuste de Carga_pdva' is clicked on

2022-09-22 15:54:23 - [TEST_STEP][PASSED] - waitForPageLoad(30): Wait for page load successfully

2022-09-22 15:54:23 - [MESSAGE][PASSED] - Wait for page load successfully

2022-09-22 15:54:23 - [TEST_STEP][PASSED] - click(findTestObject("Consulta y ajuste de saldo/Page_Metro de Medelln - Adquisicin - Punto de Venta -  Ajuste de Carga/a_Nuevo Registro_pdva")): Object: 'Object Repository/Consulta y ajuste de saldo/Page_Metro de Medelln - Adquisicin - Punto de Venta -  Ajuste de Carga/a_Nuevo Registro_pdva' is clicked on

2022-09-22 15:54:38 - [MESSAGE][PASSED] - Object: 'Object Repository/Consulta y ajuste de saldo/Page_Metro de Medelln - Adquisicin - Punto de Venta -  Ajuste de Carga/a_Nuevo Registro_pdva' is clicked on

2022-09-22 15:54:38 - [TEST_STEP][PASSED] - waitForPageLoad(30): Wait for page load successfully

2022-09-22 15:54:38 - [MESSAGE][PASSED] - Wait for page load successfully

2022-09-22 15:54:38 - [TEST_STEP][PASSED] - click(findTestObject("Consulta y ajuste de saldo/Page_Metro de Medelln - Adquisicion - Punto de Venta -  Ajuste de Carga/input_Apellidos_ctl00ContentPlaceHolder1btnBuscarUsu_pdvab")): Object: 'Object Repository/Consulta y ajuste de saldo/Page_Metro de Medelln - Adquisicion - Punto de Venta -  Ajuste de Carga/input_Apellidos_ctl00ContentPlaceHolder1btnBuscarUsu_pdvab' is clicked on

2022-09-22 15:54:42 - [MESSAGE][PASSED] - Object: 'Object Repository/Consulta y ajuste de saldo/Page_Metro de Medelln - Adquisicion - Punto de Venta -  Ajuste de Carga/input_Apellidos_ctl00ContentPlaceHolder1btnBuscarUsu_pdvab' is clicked on

2022-09-22 15:54:42 - [TEST_STEP][PASSED] - waitForPageLoad(30): Wait for page load successfully

2022-09-22 15:54:42 - [MESSAGE][PASSED] - Wait for page load successfully

2022-09-22 15:54:42 - [TEST_STEP][PASSED] - switchToWindowUrl("https://qabanco.civica.com.co/Civica/Usuarios/Registros/frmUsuariosPNTarjetaPopup.aspx?nombre=&cedula=&tarjeta="): Switched to window with url: 'https://qabanco.civica.com.co/Civica/Usuarios/Registros/frmUsuariosPNTarjetaPopup.aspx?nombre=&cedula=&tarjeta='

2022-09-22 15:54:42 - [MESSAGE][PASSED] - Switched to window with url: 'https://qabanco.civica.com.co/Civica/Usuarios/Registros/frmUsuariosPNTarjetaPopup.aspx?nombre=&cedula=&tarjeta='

2022-09-22 15:54:42 - [TEST_STEP][PASSED] - focus(findTestObject("Consulta y ajuste de saldo/Page_Metro Medelln -  ConsulPN/input_Nm. Tarjeta_txtNumeroTarjeta_cpn")): Object: 'Object Repository/Consulta y ajuste de saldo/Page_Metro Medelln -  ConsulPN/input_Nm. Tarjeta_txtNumeroTarjeta_cpn' is focused

2022-09-22 15:54:43 - [MESSAGE][PASSED] - Object: 'Object Repository/Consulta y ajuste de saldo/Page_Metro Medelln -  ConsulPN/input_Nm. Tarjeta_txtNumeroTarjeta_cpn' is focused

2022-09-22 15:54:43 - [TEST_STEP][PASSED] - setText(findTestObject("Consulta y ajuste de saldo/Page_Metro Medelln -  ConsulPN/input_Nm. Tarjeta_txtNumeroTarjeta_cpn"), "1267161"): Text '1267161' is set on object 'Object Repository/Consulta y ajuste de saldo/Page_Metro Medelln -  ConsulPN/input_Nm. Tarjeta_txtNumeroTarjeta_cpn'

2022-09-22 15:54:44 - [MESSAGE][PASSED] - Text '1267161' is set on object 'Object Repository/Consulta y ajuste de saldo/Page_Metro Medelln -  ConsulPN/input_Nm. Tarjeta_txtNumeroTarjeta_cpn'

2022-09-22 15:54:44 - [TEST_STEP][PASSED] - click(findTestObject("Consulta y ajuste de saldo/Page_Metro Medelln -  ConsulPN/input_REGISTRO BLOQUEADO_btnBuscar_cpn")): Object: 'Object Repository/Consulta y ajuste de saldo/Page_Metro Medelln -  ConsulPN/input_REGISTRO BLOQUEADO_btnBuscar_cpn' is clicked on

2022-09-22 15:54:45 - [MESSAGE][PASSED] - Object: 'Object Repository/Consulta y ajuste de saldo/Page_Metro Medelln -  ConsulPN/input_REGISTRO BLOQUEADO_btnBuscar_cpn' is clicked on

2022-09-22 15:54:45 - [TEST_STEP][PASSED] - click(findTestObject("Consulta y ajuste de saldo/Page_Metro Medelln -  ConsulPN/img_cpn")): Object: 'Object Repository/Consulta y ajuste de saldo/Page_Metro Medelln -  ConsulPN/img_cpn' is clicked on

2022-09-22 15:54:46 - [MESSAGE][PASSED] - Object: 'Object Repository/Consulta y ajuste de saldo/Page_Metro Medelln -  ConsulPN/img_cpn' is clicked on

2022-09-22 15:54:46 - [TEST_STEP][PASSED] - switchToWindowUrl("https://qabanco.civica.com.co/Civica/Adquisicion/PuntodeVenta/frmAjusteCargaDet.aspx"): Switched to window with url: 'https://qabanco.civica.com.co/Civica/Adquisicion/PuntodeVenta/frmAjusteCargaDet.aspx'

2022-09-22 15:54:46 - [MESSAGE][PASSED] - Switched to window with url: 'https://qabanco.civica.com.co/Civica/Adquisicion/PuntodeVenta/frmAjusteCargaDet.aspx'

2022-09-22 15:54:46 - [TEST_STEP][PASSED] - click(findTestObject("Page_MedeMe - Adqcion - PdV -  Ajuste credito/Chechk credito")): Object: 'Object Repository/Page_MedeMe - Adqcion - PdV -  Ajuste credito/Chechk credito' is clicked on

2022-09-22 15:54:46 - [MESSAGE][PASSED] - Object: 'Object Repository/Page_MedeMe - Adqcion - PdV -  Ajuste credito/Chechk credito' is clicked on

2022-09-22 15:54:46 - [TEST_STEP][PASSED] - delay(2): Delayed 2 second(s)

2022-09-22 15:54:48 - [MESSAGE][PASSED] - Delayed 2 second(s)

2022-09-22 15:54:48 - [TEST_STEP][PASSED] - focus(findTestObject("Consulta y ajuste de saldo/Page_Metro de Medelln - Adquisicion - Punto de Venta -  Ajuste de Carga/input_Valor_ctl00ContentPlaceHolder1txtValor_pdvab")): Object: 'Object Repository/Consulta y ajuste de saldo/Page_Metro de Medelln - Adquisicion - Punto de Venta -  Ajuste de Carga/input_Valor_ctl00ContentPlaceHolder1txtValor_pdvab' is focused

2022-09-22 15:54:49 - [MESSAGE][PASSED] - Object: 'Object Repository/Consulta y ajuste de saldo/Page_Metro de Medelln - Adquisicion - Punto de Venta -  Ajuste de Carga/input_Valor_ctl00ContentPlaceHolder1txtValor_pdvab' is focused

2022-09-22 15:54:49 - [TEST_STEP][PASSED] - setText(findTestObject("Consulta y ajuste de saldo/Page_Metro de Medelln - Adquisicion - Punto de Venta -  Ajuste de Carga/input_Valor_ctl00ContentPlaceHolder1txtValor_pdvab"), "10000"): Text '10000' is set on object 'Object Repository/Consulta y ajuste de saldo/Page_Metro de Medelln - Adquisicion - Punto de Venta -  Ajuste de Carga/input_Valor_ctl00ContentPlaceHolder1txtValor_pdvab'

2022-09-22 15:54:50 - [MESSAGE][PASSED] - Text '10000' is set on object 'Object Repository/Consulta y ajuste de saldo/Page_Metro de Medelln - Adquisicion - Punto de Venta -  Ajuste de Carga/input_Valor_ctl00ContentPlaceHolder1txtValor_pdvab'

2022-09-22 15:54:50 - [TEST_STEP][PASSED] - click(findTestObject("Consulta y ajuste de saldo/Page_Metro de Medelln - Adquisicion - Punto de Venta -  Ajuste de Carga/select_- Seleccione - Motivo_pdvab")): Object: 'Object Repository/Consulta y ajuste de saldo/Page_Metro de Medelln - Adquisicion - Punto de Venta -  Ajuste de Carga/select_- Seleccione - Motivo_pdvab' is clicked on

2022-09-22 15:54:50 - [MESSAGE][PASSED] - Object: 'Object Repository/Consulta y ajuste de saldo/Page_Metro de Medelln - Adquisicion - Punto de Venta -  Ajuste de Carga/select_- Seleccione - Motivo_pdvab' is clicked on

2022-09-22 15:54:50 - [TEST_STEP][PASSED] - sendKeys(findTestObject("Consulta y ajuste de saldo/Page_Metro de Medelln - Adquisicion - Punto de Venta -  Ajuste de Carga/select_- Seleccione - Motivo_pdvab"), Keys.chord(ARROW_DOWN)): Keys 'DOWN + ' sent to object: 'Object Repository/Consulta y ajuste de saldo/Page_Metro de Medelln - Adquisicion - Punto de Venta -  Ajuste de Carga/select_- Seleccione - Motivo_pdvab'

2022-09-22 15:54:51 - [MESSAGE][PASSED] - Keys 'DOWN + ' sent to object: 'Object Repository/Consulta y ajuste de saldo/Page_Metro de Medelln - Adquisicion - Punto de Venta -  Ajuste de Carga/select_- Seleccione - Motivo_pdvab'

2022-09-22 15:54:51 - [TEST_STEP][PASSED] - sendKeys(findTestObject("Consulta y ajuste de saldo/Page_Metro de Medelln - Adquisicion - Punto de Venta -  Ajuste de Carga/select_- Seleccione - Motivo_pdvab"), Keys.chord(ENTER)): Keys 'ENTER + ' sent to object: 'Object Repository/Consulta y ajuste de saldo/Page_Metro de Medelln - Adquisicion - Punto de Venta -  Ajuste de Carga/select_- Seleccione - Motivo_pdvab'

2022-09-22 15:54:52 - [MESSAGE][PASSED] - Keys 'ENTER + ' sent to object: 'Object Repository/Consulta y ajuste de saldo/Page_Metro de Medelln - Adquisicion - Punto de Venta -  Ajuste de Carga/select_- Seleccione - Motivo_pdvab'

2022-09-22 15:54:52 - [TEST_STEP][PASSED] - click(findTestObject("Consulta y ajuste de saldo/Page_Metro de Medelln - Adquisicion - Punto de Venta -  Ajuste de Carga/textarea_Caracteres restantes  1000_ctl00ContentPlaceHolder1txtDescripcion_pdvab")): Object: 'Object Repository/Consulta y ajuste de saldo/Page_Metro de Medelln - Adquisicion - Punto de Venta -  Ajuste de Carga/textarea_Caracteres restantes  1000_ctl00ContentPlaceHolder1txtDescripcion_pdvab' is clicked on

2022-09-22 15:54:53 - [MESSAGE][PASSED] - Object: 'Object Repository/Consulta y ajuste de saldo/Page_Metro de Medelln - Adquisicion - Punto de Venta -  Ajuste de Carga/textarea_Caracteres restantes  1000_ctl00ContentPlaceHolder1txtDescripcion_pdvab' is clicked on

2022-09-22 15:54:53 - [TEST_STEP][PASSED] - setText(findTestObject("Consulta y ajuste de saldo/Page_Metro de Medelln - Adquisicion - Punto de Venta -  Ajuste de Carga/textarea_Caracteres restantes  1000_ctl00ContentPlaceHolder1txtDescripcion_pdvab"), "Prueba venta de tarjetas"): Text 'Prueba venta de tarjetas' is set on object 'Object Repository/Consulta y ajuste de saldo/Page_Metro de Medelln - Adquisicion - Punto de Venta -  Ajuste de Carga/textarea_Caracteres restantes  1000_ctl00ContentPlaceHolder1txtDescripcion_pdvab'

2022-09-22 15:54:55 - [MESSAGE][PASSED] - Text 'Prueba venta de tarjetas' is set on object 'Object Repository/Consulta y ajuste de saldo/Page_Metro de Medelln - Adquisicion - Punto de Venta -  Ajuste de Carga/textarea_Caracteres restantes  1000_ctl00ContentPlaceHolder1txtDescripcion_pdvab'

2022-09-22 15:54:55 - [TEST_STEP][PASSED] - click(findTestObject("Consulta y ajuste de saldo/Page_Metro de Medelln - Adquisicion - Punto de Venta -  Ajuste de Carga/input_Operador Modificacin_ctl00ContentPlaceHolder1btnConfirmar_pdvab")): Object: 'Object Repository/Consulta y ajuste de saldo/Page_Metro de Medelln - Adquisicion - Punto de Venta -  Ajuste de Carga/input_Operador Modificacin_ctl00ContentPlaceHolder1btnConfirmar_pdvab' is clicked on

2022-09-22 15:54:57 - [MESSAGE][PASSED] - Object: 'Object Repository/Consulta y ajuste de saldo/Page_Metro de Medelln - Adquisicion - Punto de Venta -  Ajuste de Carga/input_Operador Modificacin_ctl00ContentPlaceHolder1btnConfirmar_pdvab' is clicked on

2022-09-22 15:54:58 - [TEST_STEP][PASSED] - switchToWindowUrl("https://qabanco.civica.com.co/Civica/Includes/frmMensagem.aspx"): Switched to window with url: 'https://qabanco.civica.com.co/Civica/Includes/frmMensagem.aspx'

2022-09-22 15:54:58 - [MESSAGE][PASSED] - Switched to window with url: 'https://qabanco.civica.com.co/Civica/Includes/frmMensagem.aspx'

2022-09-22 15:54:58 - [TEST_STEP][PASSED] - click(findTestObject("Consulta y ajuste de saldo/Page_Metro Medelln -  Mensaje/input_Operacin efectuada con xito_btnOk_cpn")): Object: 'Object Repository/Consulta y ajuste de saldo/Page_Metro Medelln -  Mensaje/input_Operacin efectuada con xito_btnOk_cpn' is clicked on

2022-09-22 15:54:59 - [MESSAGE][PASSED] - Object: 'Object Repository/Consulta y ajuste de saldo/Page_Metro Medelln -  Mensaje/input_Operacin efectuada con xito_btnOk_cpn' is clicked on

2022-09-22 15:54:59 - [TEST_STEP][PASSED] - switchToWindowUrl("https://qabanco.civica.com.co/Civica/Adquisicion/PuntodeVenta/frmAjusteCargaDet.aspx?Cod=0"): Switched to window with url: 'https://qabanco.civica.com.co/Civica/Adquisicion/PuntodeVenta/frmAjusteCargaDet.aspx?Cod=0'

2022-09-22 15:54:59 - [MESSAGE][PASSED] - Switched to window with url: 'https://qabanco.civica.com.co/Civica/Adquisicion/PuntodeVenta/frmAjusteCargaDet.aspx?Cod=0'

2022-09-22 15:54:59 - [TEST_STEP][PASSED] - click(findTestObject("Consulta y ajuste de saldo/Page_Metro de Medelln - Adquisicion - Punto de Venta -  Ajuste de Carga/a_Aprobacin Ajuste de Carga_pdvab")): Object: 'Object Repository/Consulta y ajuste de saldo/Page_Metro de Medelln - Adquisicion - Punto de Venta -  Ajuste de Carga/a_Aprobacin Ajuste de Carga_pdvab' is clicked on

2022-09-22 15:55:01 - [MESSAGE][PASSED] - Object: 'Object Repository/Consulta y ajuste de saldo/Page_Metro de Medelln - Adquisicion - Punto de Venta -  Ajuste de Carga/a_Aprobacin Ajuste de Carga_pdvab' is clicked on

2022-09-22 15:55:01 - [TEST_STEP][PASSED] - click(findTestObject("Consulta y ajuste de saldo/Page_Metro de Medelln - Adquisicin - Pdv -  AproAju Carga/select_- Seleccione - Motivo Aprobacion_adqa")): Object: 'Object Repository/Consulta y ajuste de saldo/Page_Metro de Medelln - Adquisicin - Pdv -  AproAju Carga/select_- Seleccione - Motivo Aprobacion_adqa' is clicked on

2022-09-22 15:55:02 - [MESSAGE][PASSED] - Object: 'Object Repository/Consulta y ajuste de saldo/Page_Metro de Medelln - Adquisicin - Pdv -  AproAju Carga/select_- Seleccione - Motivo Aprobacion_adqa' is clicked on

2022-09-22 15:55:02 - [TEST_STEP][PASSED] - sendKeys(findTestObject("Consulta y ajuste de saldo/Page_Metro de Medelln - Adquisicin - Pdv -  AproAju Carga/select_- Seleccione - Motivo Aprobacion_adqa"), Keys.chord(ARROW_DOWN)): Keys 'DOWN + ' sent to object: 'Object Repository/Consulta y ajuste de saldo/Page_Metro de Medelln - Adquisicin - Pdv -  AproAju Carga/select_- Seleccione - Motivo Aprobacion_adqa'

2022-09-22 15:55:02 - [MESSAGE][PASSED] - Keys 'DOWN + ' sent to object: 'Object Repository/Consulta y ajuste de saldo/Page_Metro de Medelln - Adquisicin - Pdv -  AproAju Carga/select_- Seleccione - Motivo Aprobacion_adqa'

2022-09-22 15:55:02 - [TEST_STEP][PASSED] - sendKeys(findTestObject("Consulta y ajuste de saldo/Page_Metro de Medelln - Adquisicin - Pdv -  AproAju Carga/select_- Seleccione - Motivo Aprobacion_adqa"), Keys.chord(ENTER)): Keys 'ENTER + ' sent to object: 'Object Repository/Consulta y ajuste de saldo/Page_Metro de Medelln - Adquisicin - Pdv -  AproAju Carga/select_- Seleccione - Motivo Aprobacion_adqa'

2022-09-22 15:55:03 - [MESSAGE][PASSED] - Keys 'ENTER + ' sent to object: 'Object Repository/Consulta y ajuste de saldo/Page_Metro de Medelln - Adquisicin - Pdv -  AproAju Carga/select_- Seleccione - Motivo Aprobacion_adqa'

2022-09-22 15:55:03 - [TEST_STEP][PASSED] - click(findTestObject("Consulta y ajuste de saldo/Page_Metro de Medelln - Adquisicin - Pdv -  AproAju Carga/input__ctl00ContentPlaceHolder1btnBuscar_adqa")): Object: 'Object Repository/Consulta y ajuste de saldo/Page_Metro de Medelln - Adquisicin - Pdv -  AproAju Carga/input__ctl00ContentPlaceHolder1btnBuscar_adqa' is clicked on

2022-09-22 15:55:05 - [MESSAGE][PASSED] - Object: 'Object Repository/Consulta y ajuste de saldo/Page_Metro de Medelln - Adquisicin - Pdv -  AproAju Carga/input__ctl00ContentPlaceHolder1btnBuscar_adqa' is clicked on

2022-09-22 15:55:05 - [TEST_STEP][PASSED] - waitForPageLoad(30): Wait for page load successfully

2022-09-22 15:55:05 - [MESSAGE][PASSED] - Wait for page load successfully

2022-09-22 15:55:05 - [TEST_STEP][PASSED] - click(findTestObject("Consulta y ajuste de saldo/Page_Metro de Medelln - Adquisicin - Pdv -  AproAju Carga/input__ctl00ContentPlaceHolder1btnBuscar_adqa")): Object: 'Object Repository/Consulta y ajuste de saldo/Page_Metro de Medelln - Adquisicin - Pdv -  AproAju Carga/input__ctl00ContentPlaceHolder1btnBuscar_adqa' is clicked on

2022-09-22 15:55:06 - [MESSAGE][PASSED] - Object: 'Object Repository/Consulta y ajuste de saldo/Page_Metro de Medelln - Adquisicin - Pdv -  AproAju Carga/input__ctl00ContentPlaceHolder1btnBuscar_adqa' is clicked on

2022-09-22 15:55:06 - [TEST_STEP][PASSED] - waitForPageLoad(30): Wait for page load successfully

2022-09-22 15:55:06 - [MESSAGE][PASSED] - Wait for page load successfully

2022-09-22 15:55:06 - [TEST_STEP][PASSED] - check(findTestObject("Consulta y ajuste de saldo/Page_Metro de Medelln - Adquisicin - Pdv -  AproAju Carga/Aprobar_todos")): Object 'Object Repository/Consulta y ajuste de saldo/Page_Metro de Medelln - Adquisicin - Pdv -  AproAju Carga/Aprobar_todos' is checked

2022-09-22 15:55:07 - [MESSAGE][PASSED] - Object 'Object Repository/Consulta y ajuste de saldo/Page_Metro de Medelln - Adquisicin - Pdv -  AproAju Carga/Aprobar_todos' is checked

2022-09-22 15:55:07 - [TEST_STEP][PASSED] - click(findTestObject("Consulta y ajuste de saldo/Page_Metro de Medelln - Adquisicin - Pdv -  AproAju Carga/input_registro(s) encontrado(s)_ctl00ContentPlaceHolder1btnAprobar_adqa")): Object: 'Object Repository/Consulta y ajuste de saldo/Page_Metro de Medelln - Adquisicin - Pdv -  AproAju Carga/input_registro(s) encontrado(s)_ctl00ContentPlaceHolder1btnAprobar_adqa' is clicked on

2022-09-22 15:55:07 - [MESSAGE][PASSED] - Object: 'Object Repository/Consulta y ajuste de saldo/Page_Metro de Medelln - Adquisicin - Pdv -  AproAju Carga/input_registro(s) encontrado(s)_ctl00ContentPlaceHolder1btnAprobar_adqa' is clicked on

2022-09-22 15:55:07 - [TEST_STEP][PASSED] - delay(2): Delayed 2 second(s)

2022-09-22 15:55:09 - [MESSAGE][PASSED] - Delayed 2 second(s)

2022-09-22 15:55:09 - [TEST_STEP][PASSED] - click(findTestObject("Consulta y ajuste de saldo/Page_Metro de Medelln - Adquisicin - Pdv -  AproAju Carga/select_- Seleccione - Motivo Aprobacion_adqa")): Object: 'Object Repository/Consulta y ajuste de saldo/Page_Metro de Medelln - Adquisicin - Pdv -  AproAju Carga/select_- Seleccione - Motivo Aprobacion_adqa' is clicked on

2022-09-22 15:55:10 - [MESSAGE][PASSED] - Object: 'Object Repository/Consulta y ajuste de saldo/Page_Metro de Medelln - Adquisicin - Pdv -  AproAju Carga/select_- Seleccione - Motivo Aprobacion_adqa' is clicked on

2022-09-22 15:55:10 - [TEST_STEP][PASSED] - sendKeys(findTestObject("Consulta y ajuste de saldo/Page_Metro de Medelln - Adquisicin - Pdv -  AproAju Carga/select_- Seleccione - Motivo Aprobacion_adqa"), Keys.chord(ENTER)): Keys 'ENTER + ' sent to object: 'Object Repository/Consulta y ajuste de saldo/Page_Metro de Medelln - Adquisicin - Pdv -  AproAju Carga/select_- Seleccione - Motivo Aprobacion_adqa'

2022-09-22 15:55:11 - [MESSAGE][PASSED] - Keys 'ENTER + ' sent to object: 'Object Repository/Consulta y ajuste de saldo/Page_Metro de Medelln - Adquisicin - Pdv -  AproAju Carga/select_- Seleccione - Motivo Aprobacion_adqa'

2022-09-22 15:55:11 - [TEST_STEP][PASSED] - click(findTestObject("Consulta y ajuste de saldo/Page_Metro de Medelln - Adquisicin - Pdv -  AproAju Carga/input__ctl00ContentPlaceHolder1btnBuscar_adqa")): Object: 'Object Repository/Consulta y ajuste de saldo/Page_Metro de Medelln - Adquisicin - Pdv -  AproAju Carga/input__ctl00ContentPlaceHolder1btnBuscar_adqa' is clicked on

2022-09-22 15:55:12 - [MESSAGE][PASSED] - Object: 'Object Repository/Consulta y ajuste de saldo/Page_Metro de Medelln - Adquisicin - Pdv -  AproAju Carga/input__ctl00ContentPlaceHolder1btnBuscar_adqa' is clicked on

2022-09-22 15:55:12 - [TEST_STEP][PASSED] - waitForPageLoad(30): Wait for page load successfully

2022-09-22 15:55:12 - [MESSAGE][PASSED] - Wait for page load successfully

2022-09-22 15:55:12 - [TEST_STEP][PASSED] - click(findTestObject("Consulta y ajuste de saldo/Page_Metro de Medelln - Adquisicin - Pdv -  AproAju Carga/input__ctl00ContentPlaceHolder1btnBuscar_adqa")): Object: 'Object Repository/Consulta y ajuste de saldo/Page_Metro de Medelln - Adquisicin - Pdv -  AproAju Carga/input__ctl00ContentPlaceHolder1btnBuscar_adqa' is clicked on

2022-09-22 15:55:14 - [MESSAGE][PASSED] - Object: 'Object Repository/Consulta y ajuste de saldo/Page_Metro de Medelln - Adquisicin - Pdv -  AproAju Carga/input__ctl00ContentPlaceHolder1btnBuscar_adqa' is clicked on

2022-09-22 15:55:14 - [TEST_STEP][PASSED] - waitForPageLoad(30): Wait for page load successfully

2022-09-22 15:55:14 - [MESSAGE][PASSED] - Wait for page load successfully

2022-09-22 15:55:14 - [TEST_STEP][PASSED] - check(findTestObject("Consulta y ajuste de saldo/Page_Metro de Medelln - Adquisicin - Pdv -  AproAju Carga/Aprobar_todos")): Object 'Object Repository/Consulta y ajuste de saldo/Page_Metro de Medelln - Adquisicin - Pdv -  AproAju Carga/Aprobar_todos' is checked

2022-09-22 15:55:14 - [MESSAGE][PASSED] - Object 'Object Repository/Consulta y ajuste de saldo/Page_Metro de Medelln - Adquisicin - Pdv -  AproAju Carga/Aprobar_todos' is checked

2022-09-22 15:55:14 - [TEST_STEP][PASSED] - click(findTestObject("Consulta y ajuste de saldo/Page_Metro de Medelln - Adquisicin - Pdv -  AproAju Carga/input_registro(s) encontrado(s)_ctl00ContentPlaceHolder1btnAprobar_adqa")): Object: 'Object Repository/Consulta y ajuste de saldo/Page_Metro de Medelln - Adquisicin - Pdv -  AproAju Carga/input_registro(s) encontrado(s)_ctl00ContentPlaceHolder1btnAprobar_adqa' is clicked on

2022-09-22 15:55:15 - [MESSAGE][PASSED] - Object: 'Object Repository/Consulta y ajuste de saldo/Page_Metro de Medelln - Adquisicin - Pdv -  AproAju Carga/input_registro(s) encontrado(s)_ctl00ContentPlaceHolder1btnAprobar_adqa' is clicked on

2022-09-22 15:55:15 - [TEST_STEP][PASSED] - acceptAlert(): Alert accepted

2022-09-22 15:55:19 - [MESSAGE][PASSED] - Alert accepted

2022-09-22 15:55:19 - [TEST_STEP][PASSED] - delay(3): Delayed 3 second(s)

2022-09-22 15:55:22 - [MESSAGE][PASSED] - Delayed 3 second(s)

2022-09-22 15:55:23 - [TEST_STEP][PASSED] - closeBrowser(): Browser is closed

2022-09-22 15:55:26 - [MESSAGE][PASSED] - Browser is closed]]></system-out>
         <system-err><![CDATA[]]></system-err>
      </testcase>
      <testcase name="Test Cases/Ajuste credito - 20000" time="74.478" classname="Test Cases/Ajuste credito - 20000" status="PASSED">
         <system-out><![CDATA[2022-09-22 15:55:26 - [TEST_CASE][PASSED] - Test Cases/Ajuste credito - 20000: Test Cases/Ajuste credito - 20000

2022-09-22 15:55:27 - [TEST_STEP][PASSED] - openBrowser("https://qabanco.civica.com.co/civica/index.aspx"): Browser is opened with url: 'https://qabanco.civica.com.co/civica/index.aspx'

2022-09-22 15:55:27 - [MESSAGE][INFO] - Starting 'Chrome' driver

2022-09-22 15:55:27 - [MESSAGE][INFO] - Action delay is set to 0 milliseconds

2022-09-22 15:55:45 - [MESSAGE][PASSED] - Browser is opened with url: 'https://qabanco.civica.com.co/civica/index.aspx'

2022-09-22 15:55:45 - [TEST_STEP][PASSED] - waitForPageLoad(30): Wait for page load successfully

2022-09-22 15:55:45 - [MESSAGE][PASSED] - Wait for page load successfully

2022-09-22 15:55:45 - [TEST_STEP][PASSED] - maximizeWindow(): Current window maximized

2022-09-22 15:55:45 - [MESSAGE][PASSED] - Current window maximized

2022-09-22 15:55:45 - [TEST_STEP][PASSED] - focus(findTestObject("Inicio de sesion - Cívica Calidad/Inicio de sesion_Civica Calidad/input_Cdula usuario_txtLogin")): Object: 'Object Repository/Inicio de sesion - Cívica Calidad/Inicio de sesion_Civica Calidad/input_Cdula usuario_txtLogin' is focused

2022-09-22 15:55:46 - [MESSAGE][PASSED] - Object: 'Object Repository/Inicio de sesion - Cívica Calidad/Inicio de sesion_Civica Calidad/input_Cdula usuario_txtLogin' is focused

2022-09-22 15:55:46 - [TEST_STEP][PASSED] - setText(findTestObject("Inicio de sesion - Cívica Calidad/Inicio de sesion_Civica Calidad/input_Cdula usuario_txtLogin"), findTestData("Usuarios/Usuarios login").getValue(1, 1)): Text '1028015407' is set on object 'Object Repository/Inicio de sesion - Cívica Calidad/Inicio de sesion_Civica Calidad/input_Cdula usuario_txtLogin'

2022-09-22 15:55:48 - [MESSAGE][PASSED] - Text '1028015407' is set on object 'Object Repository/Inicio de sesion - Cívica Calidad/Inicio de sesion_Civica Calidad/input_Cdula usuario_txtLogin'

2022-09-22 15:55:48 - [TEST_STEP][PASSED] - focus(findTestObject("Inicio de sesion - Cívica Calidad/Inicio de sesion_Civica Calidad/input_Contrasea_txtSena")): Object: 'Object Repository/Inicio de sesion - Cívica Calidad/Inicio de sesion_Civica Calidad/input_Contrasea_txtSena' is focused

2022-09-22 15:55:48 - [MESSAGE][PASSED] - Object: 'Object Repository/Inicio de sesion - Cívica Calidad/Inicio de sesion_Civica Calidad/input_Contrasea_txtSena' is focused

2022-09-22 15:55:48 - [TEST_STEP][PASSED] - setText(findTestObject("Inicio de sesion - Cívica Calidad/Inicio de sesion_Civica Calidad/input_Contrasea_txtSena"), findTestData("Usuarios/Usuarios login").getValue(2, 1)): Text '12345678' is set on object 'Object Repository/Inicio de sesion - Cívica Calidad/Inicio de sesion_Civica Calidad/input_Contrasea_txtSena'

2022-09-22 15:55:49 - [MESSAGE][PASSED] - Text '12345678' is set on object 'Object Repository/Inicio de sesion - Cívica Calidad/Inicio de sesion_Civica Calidad/input_Contrasea_txtSena'

2022-09-22 15:55:49 - [TEST_STEP][PASSED] - click(findTestObject("Inicio de sesion - Cívica Calidad/Inicio de sesion_Civica Calidad/input_Contrasea_btnOk")): Object: 'Object Repository/Inicio de sesion - Cívica Calidad/Inicio de sesion_Civica Calidad/input_Contrasea_btnOk' is clicked on

2022-09-22 15:55:55 - [MESSAGE][PASSED] - Object: 'Object Repository/Inicio de sesion - Cívica Calidad/Inicio de sesion_Civica Calidad/input_Contrasea_btnOk' is clicked on

2022-09-22 15:55:55 - [TEST_STEP][PASSED] - waitForPageLoad(30): Wait for page load successfully

2022-09-22 15:55:55 - [MESSAGE][PASSED] - Wait for page load successfully

2022-09-22 15:55:55 - [TEST_STEP][PASSED] - click(findTestObject("Pagina inicial/Page_Metro de Medelln - Sea bienvenido/em_Adquisicin_bv")): Object: 'Object Repository/Pagina inicial/Page_Metro de Medelln - Sea bienvenido/em_Adquisicin_bv' is clicked on

2022-09-22 15:55:56 - [MESSAGE][PASSED] - Object: 'Object Repository/Pagina inicial/Page_Metro de Medelln - Sea bienvenido/em_Adquisicin_bv' is clicked on

2022-09-22 15:55:56 - [TEST_STEP][PASSED] - waitForPageLoad(30): Wait for page load successfully

2022-09-22 15:55:56 - [MESSAGE][PASSED] - Wait for page load successfully

2022-09-22 15:55:56 - [TEST_STEP][PASSED] - click(findTestObject("Consulta y ajuste de saldo/Page_Metro de Medellin -  Adquisicin/a_Punto de Venta_adq")): Object: 'Object Repository/Consulta y ajuste de saldo/Page_Metro de Medellin -  Adquisicin/a_Punto de Venta_adq' is clicked on

2022-09-22 15:55:57 - [MESSAGE][PASSED] - Object: 'Object Repository/Consulta y ajuste de saldo/Page_Metro de Medellin -  Adquisicin/a_Punto de Venta_adq' is clicked on

2022-09-22 15:55:57 - [TEST_STEP][PASSED] - waitForPageLoad(30): Wait for page load successfully

2022-09-22 15:55:57 - [MESSAGE][PASSED] - Wait for page load successfully

2022-09-22 15:55:57 - [TEST_STEP][PASSED] - click(findTestObject("Consulta y ajuste de saldo/Page_Metro de Medelln - Adquisicin - Punto de Venta -  Ajuste de Carga/a_Ajuste de Carga_pdva")): Object: 'Object Repository/Consulta y ajuste de saldo/Page_Metro de Medelln - Adquisicin - Punto de Venta -  Ajuste de Carga/a_Ajuste de Carga_pdva' is clicked on

2022-09-22 15:55:59 - [MESSAGE][PASSED] - Object: 'Object Repository/Consulta y ajuste de saldo/Page_Metro de Medelln - Adquisicin - Punto de Venta -  Ajuste de Carga/a_Ajuste de Carga_pdva' is clicked on

2022-09-22 15:55:59 - [TEST_STEP][PASSED] - waitForPageLoad(30): Wait for page load successfully

2022-09-22 15:55:59 - [MESSAGE][PASSED] - Wait for page load successfully

2022-09-22 15:55:59 - [TEST_STEP][PASSED] - click(findTestObject("Consulta y ajuste de saldo/Page_Metro de Medelln - Adquisicin - Punto de Venta -  Ajuste de Carga/a_Nuevo Registro_pdva")): Object: 'Object Repository/Consulta y ajuste de saldo/Page_Metro de Medelln - Adquisicin - Punto de Venta -  Ajuste de Carga/a_Nuevo Registro_pdva' is clicked on

2022-09-22 15:55:59 - [MESSAGE][PASSED] - Object: 'Object Repository/Consulta y ajuste de saldo/Page_Metro de Medelln - Adquisicin - Punto de Venta -  Ajuste de Carga/a_Nuevo Registro_pdva' is clicked on

2022-09-22 15:55:59 - [TEST_STEP][PASSED] - waitForPageLoad(30): Wait for page load successfully

2022-09-22 15:56:01 - [MESSAGE][PASSED] - Wait for page load successfully

2022-09-22 15:56:01 - [TEST_STEP][PASSED] - click(findTestObject("Consulta y ajuste de saldo/Page_Metro de Medelln - Adquisicion - Punto de Venta -  Ajuste de Carga/input_Apellidos_ctl00ContentPlaceHolder1btnBuscarUsu_pdvab")): Object: 'Object Repository/Consulta y ajuste de saldo/Page_Metro de Medelln - Adquisicion - Punto de Venta -  Ajuste de Carga/input_Apellidos_ctl00ContentPlaceHolder1btnBuscarUsu_pdvab' is clicked on

2022-09-22 15:56:04 - [MESSAGE][PASSED] - Object: 'Object Repository/Consulta y ajuste de saldo/Page_Metro de Medelln - Adquisicion - Punto de Venta -  Ajuste de Carga/input_Apellidos_ctl00ContentPlaceHolder1btnBuscarUsu_pdvab' is clicked on

2022-09-22 15:56:04 - [TEST_STEP][PASSED] - waitForPageLoad(30): Wait for page load successfully

2022-09-22 15:56:04 - [MESSAGE][PASSED] - Wait for page load successfully

2022-09-22 15:56:04 - [TEST_STEP][PASSED] - switchToWindowUrl("https://qabanco.civica.com.co/Civica/Usuarios/Registros/frmUsuariosPNTarjetaPopup.aspx?nombre=&cedula=&tarjeta="): Switched to window with url: 'https://qabanco.civica.com.co/Civica/Usuarios/Registros/frmUsuariosPNTarjetaPopup.aspx?nombre=&cedula=&tarjeta='

2022-09-22 15:56:04 - [MESSAGE][PASSED] - Switched to window with url: 'https://qabanco.civica.com.co/Civica/Usuarios/Registros/frmUsuariosPNTarjetaPopup.aspx?nombre=&cedula=&tarjeta='

2022-09-22 15:56:04 - [TEST_STEP][PASSED] - focus(findTestObject("Consulta y ajuste de saldo/Page_Metro Medelln -  ConsulPN/input_Nm. Tarjeta_txtNumeroTarjeta_cpn")): Object: 'Object Repository/Consulta y ajuste de saldo/Page_Metro Medelln -  ConsulPN/input_Nm. Tarjeta_txtNumeroTarjeta_cpn' is focused

2022-09-22 15:56:05 - [MESSAGE][PASSED] - Object: 'Object Repository/Consulta y ajuste de saldo/Page_Metro Medelln -  ConsulPN/input_Nm. Tarjeta_txtNumeroTarjeta_cpn' is focused

2022-09-22 15:56:05 - [TEST_STEP][PASSED] - setText(findTestObject("Consulta y ajuste de saldo/Page_Metro Medelln -  ConsulPN/input_Nm. Tarjeta_txtNumeroTarjeta_cpn"), "8516299"): Text '8516299' is set on object 'Object Repository/Consulta y ajuste de saldo/Page_Metro Medelln -  ConsulPN/input_Nm. Tarjeta_txtNumeroTarjeta_cpn'

2022-09-22 15:56:05 - [MESSAGE][PASSED] - Text '8516299' is set on object 'Object Repository/Consulta y ajuste de saldo/Page_Metro Medelln -  ConsulPN/input_Nm. Tarjeta_txtNumeroTarjeta_cpn'

2022-09-22 15:56:05 - [TEST_STEP][PASSED] - click(findTestObject("Consulta y ajuste de saldo/Page_Metro Medelln -  ConsulPN/input_REGISTRO BLOQUEADO_btnBuscar_cpn")): Object: 'Object Repository/Consulta y ajuste de saldo/Page_Metro Medelln -  ConsulPN/input_REGISTRO BLOQUEADO_btnBuscar_cpn' is clicked on

2022-09-22 15:56:06 - [MESSAGE][PASSED] - Object: 'Object Repository/Consulta y ajuste de saldo/Page_Metro Medelln -  ConsulPN/input_REGISTRO BLOQUEADO_btnBuscar_cpn' is clicked on

2022-09-22 15:56:06 - [TEST_STEP][PASSED] - click(findTestObject("Consulta y ajuste de saldo/Page_Metro Medelln -  ConsulPN/img_cpn")): Object: 'Object Repository/Consulta y ajuste de saldo/Page_Metro Medelln -  ConsulPN/img_cpn' is clicked on

2022-09-22 15:56:07 - [MESSAGE][PASSED] - Object: 'Object Repository/Consulta y ajuste de saldo/Page_Metro Medelln -  ConsulPN/img_cpn' is clicked on

2022-09-22 15:56:07 - [TEST_STEP][PASSED] - switchToWindowUrl("https://qabanco.civica.com.co/Civica/Adquisicion/PuntodeVenta/frmAjusteCargaDet.aspx"): Switched to window with url: 'https://qabanco.civica.com.co/Civica/Adquisicion/PuntodeVenta/frmAjusteCargaDet.aspx'

2022-09-22 15:56:07 - [MESSAGE][PASSED] - Switched to window with url: 'https://qabanco.civica.com.co/Civica/Adquisicion/PuntodeVenta/frmAjusteCargaDet.aspx'

2022-09-22 15:56:07 - [TEST_STEP][PASSED] - click(findTestObject("Page_MedeMe - Adqcion - PdV -  Ajuste credito/Chechk credito")): Object: 'Object Repository/Page_MedeMe - Adqcion - PdV -  Ajuste credito/Chechk credito' is clicked on

2022-09-22 15:56:08 - [MESSAGE][PASSED] - Object: 'Object Repository/Page_MedeMe - Adqcion - PdV -  Ajuste credito/Chechk credito' is clicked on

2022-09-22 15:56:08 - [TEST_STEP][PASSED] - delay(2): Delayed 2 second(s)

2022-09-22 15:56:10 - [MESSAGE][PASSED] - Delayed 2 second(s)

2022-09-22 15:56:10 - [TEST_STEP][PASSED] - focus(findTestObject("Consulta y ajuste de saldo/Page_Metro de Medelln - Adquisicion - Punto de Venta -  Ajuste de Carga/input_Valor_ctl00ContentPlaceHolder1txtValor_pdvab")): Object: 'Object Repository/Consulta y ajuste de saldo/Page_Metro de Medelln - Adquisicion - Punto de Venta -  Ajuste de Carga/input_Valor_ctl00ContentPlaceHolder1txtValor_pdvab' is focused

2022-09-22 15:56:10 - [MESSAGE][PASSED] - Object: 'Object Repository/Consulta y ajuste de saldo/Page_Metro de Medelln - Adquisicion - Punto de Venta -  Ajuste de Carga/input_Valor_ctl00ContentPlaceHolder1txtValor_pdvab' is focused

2022-09-22 15:56:10 - [TEST_STEP][PASSED] - setText(findTestObject("Consulta y ajuste de saldo/Page_Metro de Medelln - Adquisicion - Punto de Venta -  Ajuste de Carga/input_Valor_ctl00ContentPlaceHolder1txtValor_pdvab"), "20000"): Text '20000' is set on object 'Object Repository/Consulta y ajuste de saldo/Page_Metro de Medelln - Adquisicion - Punto de Venta -  Ajuste de Carga/input_Valor_ctl00ContentPlaceHolder1txtValor_pdvab'

2022-09-22 15:56:11 - [MESSAGE][PASSED] - Text '20000' is set on object 'Object Repository/Consulta y ajuste de saldo/Page_Metro de Medelln - Adquisicion - Punto de Venta -  Ajuste de Carga/input_Valor_ctl00ContentPlaceHolder1txtValor_pdvab'

2022-09-22 15:56:11 - [TEST_STEP][PASSED] - click(findTestObject("Consulta y ajuste de saldo/Page_Metro de Medelln - Adquisicion - Punto de Venta -  Ajuste de Carga/select_- Seleccione - Motivo_pdvab")): Object: 'Object Repository/Consulta y ajuste de saldo/Page_Metro de Medelln - Adquisicion - Punto de Venta -  Ajuste de Carga/select_- Seleccione - Motivo_pdvab' is clicked on

2022-09-22 15:56:12 - [MESSAGE][PASSED] - Object: 'Object Repository/Consulta y ajuste de saldo/Page_Metro de Medelln - Adquisicion - Punto de Venta -  Ajuste de Carga/select_- Seleccione - Motivo_pdvab' is clicked on

2022-09-22 15:56:12 - [TEST_STEP][PASSED] - sendKeys(findTestObject("Consulta y ajuste de saldo/Page_Metro de Medelln - Adquisicion - Punto de Venta -  Ajuste de Carga/select_- Seleccione - Motivo_pdvab"), Keys.chord(ARROW_DOWN)): Keys 'DOWN + ' sent to object: 'Object Repository/Consulta y ajuste de saldo/Page_Metro de Medelln - Adquisicion - Punto de Venta -  Ajuste de Carga/select_- Seleccione - Motivo_pdvab'

2022-09-22 15:56:12 - [MESSAGE][PASSED] - Keys 'DOWN + ' sent to object: 'Object Repository/Consulta y ajuste de saldo/Page_Metro de Medelln - Adquisicion - Punto de Venta -  Ajuste de Carga/select_- Seleccione - Motivo_pdvab'

2022-09-22 15:56:12 - [TEST_STEP][PASSED] - sendKeys(findTestObject("Consulta y ajuste de saldo/Page_Metro de Medelln - Adquisicion - Punto de Venta -  Ajuste de Carga/select_- Seleccione - Motivo_pdvab"), Keys.chord(ENTER)): Keys 'ENTER + ' sent to object: 'Object Repository/Consulta y ajuste de saldo/Page_Metro de Medelln - Adquisicion - Punto de Venta -  Ajuste de Carga/select_- Seleccione - Motivo_pdvab'

2022-09-22 15:56:13 - [MESSAGE][PASSED] - Keys 'ENTER + ' sent to object: 'Object Repository/Consulta y ajuste de saldo/Page_Metro de Medelln - Adquisicion - Punto de Venta -  Ajuste de Carga/select_- Seleccione - Motivo_pdvab'

2022-09-22 15:56:13 - [TEST_STEP][PASSED] - click(findTestObject("Consulta y ajuste de saldo/Page_Metro de Medelln - Adquisicion - Punto de Venta -  Ajuste de Carga/textarea_Caracteres restantes  1000_ctl00ContentPlaceHolder1txtDescripcion_pdvab")): Object: 'Object Repository/Consulta y ajuste de saldo/Page_Metro de Medelln - Adquisicion - Punto de Venta -  Ajuste de Carga/textarea_Caracteres restantes  1000_ctl00ContentPlaceHolder1txtDescripcion_pdvab' is clicked on

2022-09-22 15:56:14 - [MESSAGE][PASSED] - Object: 'Object Repository/Consulta y ajuste de saldo/Page_Metro de Medelln - Adquisicion - Punto de Venta -  Ajuste de Carga/textarea_Caracteres restantes  1000_ctl00ContentPlaceHolder1txtDescripcion_pdvab' is clicked on

2022-09-22 15:56:14 - [TEST_STEP][PASSED] - setText(findTestObject("Consulta y ajuste de saldo/Page_Metro de Medelln - Adquisicion - Punto de Venta -  Ajuste de Carga/textarea_Caracteres restantes  1000_ctl00ContentPlaceHolder1txtDescripcion_pdvab"), "Prueba venta de tarjetas"): Text 'Prueba venta de tarjetas' is set on object 'Object Repository/Consulta y ajuste de saldo/Page_Metro de Medelln - Adquisicion - Punto de Venta -  Ajuste de Carga/textarea_Caracteres restantes  1000_ctl00ContentPlaceHolder1txtDescripcion_pdvab'

2022-09-22 15:56:15 - [MESSAGE][PASSED] - Text 'Prueba venta de tarjetas' is set on object 'Object Repository/Consulta y ajuste de saldo/Page_Metro de Medelln - Adquisicion - Punto de Venta -  Ajuste de Carga/textarea_Caracteres restantes  1000_ctl00ContentPlaceHolder1txtDescripcion_pdvab'

2022-09-22 15:56:15 - [TEST_STEP][PASSED] - click(findTestObject("Consulta y ajuste de saldo/Page_Metro de Medelln - Adquisicion - Punto de Venta -  Ajuste de Carga/input_Operador Modificacin_ctl00ContentPlaceHolder1btnConfirmar_pdvab")): Object: 'Object Repository/Consulta y ajuste de saldo/Page_Metro de Medelln - Adquisicion - Punto de Venta -  Ajuste de Carga/input_Operador Modificacin_ctl00ContentPlaceHolder1btnConfirmar_pdvab' is clicked on

2022-09-22 15:56:19 - [MESSAGE][PASSED] - Object: 'Object Repository/Consulta y ajuste de saldo/Page_Metro de Medelln - Adquisicion - Punto de Venta -  Ajuste de Carga/input_Operador Modificacin_ctl00ContentPlaceHolder1btnConfirmar_pdvab' is clicked on

2022-09-22 15:56:19 - [TEST_STEP][PASSED] - switchToWindowUrl("https://qabanco.civica.com.co/Civica/Includes/frmMensagem.aspx"): Switched to window with url: 'https://qabanco.civica.com.co/Civica/Includes/frmMensagem.aspx'

2022-09-22 15:56:20 - [MESSAGE][PASSED] - Switched to window with url: 'https://qabanco.civica.com.co/Civica/Includes/frmMensagem.aspx'

2022-09-22 15:56:20 - [TEST_STEP][PASSED] - click(findTestObject("Consulta y ajuste de saldo/Page_Metro Medelln -  Mensaje/input_Operacin efectuada con xito_btnOk_cpn")): Object: 'Object Repository/Consulta y ajuste de saldo/Page_Metro Medelln -  Mensaje/input_Operacin efectuada con xito_btnOk_cpn' is clicked on

2022-09-22 15:56:20 - [MESSAGE][PASSED] - Object: 'Object Repository/Consulta y ajuste de saldo/Page_Metro Medelln -  Mensaje/input_Operacin efectuada con xito_btnOk_cpn' is clicked on

2022-09-22 15:56:20 - [TEST_STEP][PASSED] - switchToWindowUrl("https://qabanco.civica.com.co/Civica/Adquisicion/PuntodeVenta/frmAjusteCargaDet.aspx?Cod=0"): Switched to window with url: 'https://qabanco.civica.com.co/Civica/Adquisicion/PuntodeVenta/frmAjusteCargaDet.aspx?Cod=0'

2022-09-22 15:56:21 - [MESSAGE][PASSED] - Switched to window with url: 'https://qabanco.civica.com.co/Civica/Adquisicion/PuntodeVenta/frmAjusteCargaDet.aspx?Cod=0'

2022-09-22 15:56:21 - [TEST_STEP][PASSED] - click(findTestObject("Consulta y ajuste de saldo/Page_Metro de Medelln - Adquisicion - Punto de Venta -  Ajuste de Carga/a_Aprobacin Ajuste de Carga_pdvab")): Object: 'Object Repository/Consulta y ajuste de saldo/Page_Metro de Medelln - Adquisicion - Punto de Venta -  Ajuste de Carga/a_Aprobacin Ajuste de Carga_pdvab' is clicked on

2022-09-22 15:56:22 - [MESSAGE][PASSED] - Object: 'Object Repository/Consulta y ajuste de saldo/Page_Metro de Medelln - Adquisicion - Punto de Venta -  Ajuste de Carga/a_Aprobacin Ajuste de Carga_pdvab' is clicked on

2022-09-22 15:56:22 - [TEST_STEP][PASSED] - click(findTestObject("Consulta y ajuste de saldo/Page_Metro de Medelln - Adquisicin - Pdv -  AproAju Carga/select_- Seleccione - Motivo Aprobacion_adqa")): Object: 'Object Repository/Consulta y ajuste de saldo/Page_Metro de Medelln - Adquisicin - Pdv -  AproAju Carga/select_- Seleccione - Motivo Aprobacion_adqa' is clicked on

2022-09-22 15:56:23 - [MESSAGE][PASSED] - Object: 'Object Repository/Consulta y ajuste de saldo/Page_Metro de Medelln - Adquisicin - Pdv -  AproAju Carga/select_- Seleccione - Motivo Aprobacion_adqa' is clicked on

2022-09-22 15:56:23 - [TEST_STEP][PASSED] - sendKeys(findTestObject("Consulta y ajuste de saldo/Page_Metro de Medelln - Adquisicin - Pdv -  AproAju Carga/select_- Seleccione - Motivo Aprobacion_adqa"), Keys.chord(ARROW_DOWN)): Keys 'DOWN + ' sent to object: 'Object Repository/Consulta y ajuste de saldo/Page_Metro de Medelln - Adquisicin - Pdv -  AproAju Carga/select_- Seleccione - Motivo Aprobacion_adqa'

2022-09-22 15:56:23 - [MESSAGE][PASSED] - Keys 'DOWN + ' sent to object: 'Object Repository/Consulta y ajuste de saldo/Page_Metro de Medelln - Adquisicin - Pdv -  AproAju Carga/select_- Seleccione - Motivo Aprobacion_adqa'

2022-09-22 15:56:23 - [TEST_STEP][PASSED] - sendKeys(findTestObject("Consulta y ajuste de saldo/Page_Metro de Medelln - Adquisicin - Pdv -  AproAju Carga/select_- Seleccione - Motivo Aprobacion_adqa"), Keys.chord(ENTER)): Keys 'ENTER + ' sent to object: 'Object Repository/Consulta y ajuste de saldo/Page_Metro de Medelln - Adquisicin - Pdv -  AproAju Carga/select_- Seleccione - Motivo Aprobacion_adqa'

2022-09-22 15:56:24 - [MESSAGE][PASSED] - Keys 'ENTER + ' sent to object: 'Object Repository/Consulta y ajuste de saldo/Page_Metro de Medelln - Adquisicin - Pdv -  AproAju Carga/select_- Seleccione - Motivo Aprobacion_adqa'

2022-09-22 15:56:24 - [TEST_STEP][PASSED] - click(findTestObject("Consulta y ajuste de saldo/Page_Metro de Medelln - Adquisicin - Pdv -  AproAju Carga/input__ctl00ContentPlaceHolder1btnBuscar_adqa")): Object: 'Object Repository/Consulta y ajuste de saldo/Page_Metro de Medelln - Adquisicin - Pdv -  AproAju Carga/input__ctl00ContentPlaceHolder1btnBuscar_adqa' is clicked on

2022-09-22 15:56:26 - [MESSAGE][PASSED] - Object: 'Object Repository/Consulta y ajuste de saldo/Page_Metro de Medelln - Adquisicin - Pdv -  AproAju Carga/input__ctl00ContentPlaceHolder1btnBuscar_adqa' is clicked on

2022-09-22 15:56:26 - [TEST_STEP][PASSED] - waitForPageLoad(30): Wait for page load successfully

2022-09-22 15:56:26 - [MESSAGE][PASSED] - Wait for page load successfully

2022-09-22 15:56:26 - [TEST_STEP][PASSED] - click(findTestObject("Consulta y ajuste de saldo/Page_Metro de Medelln - Adquisicin - Pdv -  AproAju Carga/input__ctl00ContentPlaceHolder1btnBuscar_adqa")): Object: 'Object Repository/Consulta y ajuste de saldo/Page_Metro de Medelln - Adquisicin - Pdv -  AproAju Carga/input__ctl00ContentPlaceHolder1btnBuscar_adqa' is clicked on

2022-09-22 15:56:27 - [MESSAGE][PASSED] - Object: 'Object Repository/Consulta y ajuste de saldo/Page_Metro de Medelln - Adquisicin - Pdv -  AproAju Carga/input__ctl00ContentPlaceHolder1btnBuscar_adqa' is clicked on

2022-09-22 15:56:27 - [TEST_STEP][PASSED] - waitForPageLoad(30): Wait for page load successfully

2022-09-22 15:56:27 - [MESSAGE][PASSED] - Wait for page load successfully

2022-09-22 15:56:27 - [TEST_STEP][PASSED] - check(findTestObject("Consulta y ajuste de saldo/Page_Metro de Medelln - Adquisicin - Pdv -  AproAju Carga/Aprobar_todos")): Object 'Object Repository/Consulta y ajuste de saldo/Page_Metro de Medelln - Adquisicin - Pdv -  AproAju Carga/Aprobar_todos' is checked

2022-09-22 15:56:28 - [MESSAGE][PASSED] - Object 'Object Repository/Consulta y ajuste de saldo/Page_Metro de Medelln - Adquisicin - Pdv -  AproAju Carga/Aprobar_todos' is checked

2022-09-22 15:56:28 - [TEST_STEP][PASSED] - click(findTestObject("Consulta y ajuste de saldo/Page_Metro de Medelln - Adquisicin - Pdv -  AproAju Carga/input_registro(s) encontrado(s)_ctl00ContentPlaceHolder1btnAprobar_adqa")): Object: 'Object Repository/Consulta y ajuste de saldo/Page_Metro de Medelln - Adquisicin - Pdv -  AproAju Carga/input_registro(s) encontrado(s)_ctl00ContentPlaceHolder1btnAprobar_adqa' is clicked on

2022-09-22 15:56:28 - [MESSAGE][PASSED] - Object: 'Object Repository/Consulta y ajuste de saldo/Page_Metro de Medelln - Adquisicin - Pdv -  AproAju Carga/input_registro(s) encontrado(s)_ctl00ContentPlaceHolder1btnAprobar_adqa' is clicked on

2022-09-22 15:56:28 - [TEST_STEP][PASSED] - delay(2): Delayed 2 second(s)

2022-09-22 15:56:30 - [MESSAGE][PASSED] - Delayed 2 second(s)

2022-09-22 15:56:30 - [TEST_STEP][PASSED] - click(findTestObject("Consulta y ajuste de saldo/Page_Metro de Medelln - Adquisicin - Pdv -  AproAju Carga/select_- Seleccione - Motivo Aprobacion_adqa")): Object: 'Object Repository/Consulta y ajuste de saldo/Page_Metro de Medelln - Adquisicin - Pdv -  AproAju Carga/select_- Seleccione - Motivo Aprobacion_adqa' is clicked on

2022-09-22 15:56:30 - [MESSAGE][PASSED] - Object: 'Object Repository/Consulta y ajuste de saldo/Page_Metro de Medelln - Adquisicin - Pdv -  AproAju Carga/select_- Seleccione - Motivo Aprobacion_adqa' is clicked on

2022-09-22 15:56:30 - [TEST_STEP][PASSED] - sendKeys(findTestObject("Consulta y ajuste de saldo/Page_Metro de Medelln - Adquisicin - Pdv -  AproAju Carga/select_- Seleccione - Motivo Aprobacion_adqa"), Keys.chord(ENTER)): Keys 'ENTER + ' sent to object: 'Object Repository/Consulta y ajuste de saldo/Page_Metro de Medelln - Adquisicin - Pdv -  AproAju Carga/select_- Seleccione - Motivo Aprobacion_adqa'

2022-09-22 15:56:31 - [MESSAGE][PASSED] - Keys 'ENTER + ' sent to object: 'Object Repository/Consulta y ajuste de saldo/Page_Metro de Medelln - Adquisicin - Pdv -  AproAju Carga/select_- Seleccione - Motivo Aprobacion_adqa'

2022-09-22 15:56:31 - [TEST_STEP][PASSED] - click(findTestObject("Consulta y ajuste de saldo/Page_Metro de Medelln - Adquisicin - Pdv -  AproAju Carga/input__ctl00ContentPlaceHolder1btnBuscar_adqa")): Object: 'Object Repository/Consulta y ajuste de saldo/Page_Metro de Medelln - Adquisicin - Pdv -  AproAju Carga/input__ctl00ContentPlaceHolder1btnBuscar_adqa' is clicked on

2022-09-22 15:56:33 - [MESSAGE][PASSED] - Object: 'Object Repository/Consulta y ajuste de saldo/Page_Metro de Medelln - Adquisicin - Pdv -  AproAju Carga/input__ctl00ContentPlaceHolder1btnBuscar_adqa' is clicked on

2022-09-22 15:56:33 - [TEST_STEP][PASSED] - waitForPageLoad(30): Wait for page load successfully

2022-09-22 15:56:33 - [MESSAGE][PASSED] - Wait for page load successfully

2022-09-22 15:56:33 - [TEST_STEP][PASSED] - click(findTestObject("Consulta y ajuste de saldo/Page_Metro de Medelln - Adquisicin - Pdv -  AproAju Carga/input__ctl00ContentPlaceHolder1btnBuscar_adqa")): Object: 'Object Repository/Consulta y ajuste de saldo/Page_Metro de Medelln - Adquisicin - Pdv -  AproAju Carga/input__ctl00ContentPlaceHolder1btnBuscar_adqa' is clicked on

2022-09-22 15:56:34 - [MESSAGE][PASSED] - Object: 'Object Repository/Consulta y ajuste de saldo/Page_Metro de Medelln - Adquisicin - Pdv -  AproAju Carga/input__ctl00ContentPlaceHolder1btnBuscar_adqa' is clicked on

2022-09-22 15:56:34 - [TEST_STEP][PASSED] - waitForPageLoad(30): Wait for page load successfully

2022-09-22 15:56:34 - [MESSAGE][PASSED] - Wait for page load successfully

2022-09-22 15:56:34 - [TEST_STEP][PASSED] - check(findTestObject("Consulta y ajuste de saldo/Page_Metro de Medelln - Adquisicin - Pdv -  AproAju Carga/Aprobar_todos")): Object 'Object Repository/Consulta y ajuste de saldo/Page_Metro de Medelln - Adquisicin - Pdv -  AproAju Carga/Aprobar_todos' is checked

2022-09-22 15:56:35 - [MESSAGE][PASSED] - Object 'Object Repository/Consulta y ajuste de saldo/Page_Metro de Medelln - Adquisicin - Pdv -  AproAju Carga/Aprobar_todos' is checked

2022-09-22 15:56:35 - [TEST_STEP][PASSED] - click(findTestObject("Consulta y ajuste de saldo/Page_Metro de Medelln - Adquisicin - Pdv -  AproAju Carga/input_registro(s) encontrado(s)_ctl00ContentPlaceHolder1btnAprobar_adqa")): Object: 'Object Repository/Consulta y ajuste de saldo/Page_Metro de Medelln - Adquisicin - Pdv -  AproAju Carga/input_registro(s) encontrado(s)_ctl00ContentPlaceHolder1btnAprobar_adqa' is clicked on

2022-09-22 15:56:35 - [MESSAGE][PASSED] - Object: 'Object Repository/Consulta y ajuste de saldo/Page_Metro de Medelln - Adquisicin - Pdv -  AproAju Carga/input_registro(s) encontrado(s)_ctl00ContentPlaceHolder1btnAprobar_adqa' is clicked on

2022-09-22 15:56:35 - [TEST_STEP][PASSED] - acceptAlert(): Alert accepted

2022-09-22 15:56:35 - [MESSAGE][PASSED] - Alert accepted

2022-09-22 15:56:35 - [TEST_STEP][PASSED] - delay(3): Delayed 3 second(s)

2022-09-22 15:56:38 - [MESSAGE][PASSED] - Delayed 3 second(s)

2022-09-22 15:56:38 - [TEST_STEP][PASSED] - closeBrowser(): Browser is closed

2022-09-22 15:56:41 - [MESSAGE][PASSED] - Browser is closed]]></system-out>
         <system-err><![CDATA[]]></system-err>
      </testcase>
      <testcase name="Test Cases/Ajuste credito - 50000" time="67.721" classname="Test Cases/Ajuste credito - 50000" status="PASSED">
         <system-out><![CDATA[2022-09-22 15:56:41 - [TEST_CASE][PASSED] - Test Cases/Ajuste credito - 50000: Test Cases/Ajuste credito - 50000

2022-09-22 15:56:42 - [TEST_STEP][PASSED] - openBrowser("https://qabanco.civica.com.co/civica/index.aspx"): Browser is opened with url: 'https://qabanco.civica.com.co/civica/index.aspx'

2022-09-22 15:56:42 - [MESSAGE][INFO] - Starting 'Chrome' driver

2022-09-22 15:56:42 - [MESSAGE][INFO] - Action delay is set to 0 milliseconds

2022-09-22 15:56:53 - [MESSAGE][PASSED] - Browser is opened with url: 'https://qabanco.civica.com.co/civica/index.aspx'

2022-09-22 15:56:53 - [TEST_STEP][PASSED] - waitForPageLoad(30): Wait for page load successfully

2022-09-22 15:56:53 - [MESSAGE][PASSED] - Wait for page load successfully

2022-09-22 15:56:53 - [TEST_STEP][PASSED] - maximizeWindow(): Current window maximized

2022-09-22 15:56:53 - [MESSAGE][PASSED] - Current window maximized

2022-09-22 15:56:53 - [TEST_STEP][PASSED] - focus(findTestObject("Inicio de sesion - Cívica Calidad/Inicio de sesion_Civica Calidad/input_Cdula usuario_txtLogin")): Object: 'Object Repository/Inicio de sesion - Cívica Calidad/Inicio de sesion_Civica Calidad/input_Cdula usuario_txtLogin' is focused

2022-09-22 15:56:53 - [MESSAGE][PASSED] - Object: 'Object Repository/Inicio de sesion - Cívica Calidad/Inicio de sesion_Civica Calidad/input_Cdula usuario_txtLogin' is focused

2022-09-22 15:56:53 - [TEST_STEP][PASSED] - setText(findTestObject("Inicio de sesion - Cívica Calidad/Inicio de sesion_Civica Calidad/input_Cdula usuario_txtLogin"), findTestData("Usuarios/Usuarios login").getValue(1, 1)): Text '1028015407' is set on object 'Object Repository/Inicio de sesion - Cívica Calidad/Inicio de sesion_Civica Calidad/input_Cdula usuario_txtLogin'

2022-09-22 15:56:54 - [MESSAGE][PASSED] - Text '1028015407' is set on object 'Object Repository/Inicio de sesion - Cívica Calidad/Inicio de sesion_Civica Calidad/input_Cdula usuario_txtLogin'

2022-09-22 15:56:54 - [TEST_STEP][PASSED] - focus(findTestObject("Inicio de sesion - Cívica Calidad/Inicio de sesion_Civica Calidad/input_Contrasea_txtSena")): Object: 'Object Repository/Inicio de sesion - Cívica Calidad/Inicio de sesion_Civica Calidad/input_Contrasea_txtSena' is focused

2022-09-22 15:56:55 - [MESSAGE][PASSED] - Object: 'Object Repository/Inicio de sesion - Cívica Calidad/Inicio de sesion_Civica Calidad/input_Contrasea_txtSena' is focused

2022-09-22 15:56:55 - [TEST_STEP][PASSED] - setText(findTestObject("Inicio de sesion - Cívica Calidad/Inicio de sesion_Civica Calidad/input_Contrasea_txtSena"), findTestData("Usuarios/Usuarios login").getValue(2, 1)): Text '12345678' is set on object 'Object Repository/Inicio de sesion - Cívica Calidad/Inicio de sesion_Civica Calidad/input_Contrasea_txtSena'

2022-09-22 15:56:56 - [MESSAGE][PASSED] - Text '12345678' is set on object 'Object Repository/Inicio de sesion - Cívica Calidad/Inicio de sesion_Civica Calidad/input_Contrasea_txtSena'

2022-09-22 15:56:56 - [TEST_STEP][PASSED] - click(findTestObject("Inicio de sesion - Cívica Calidad/Inicio de sesion_Civica Calidad/input_Contrasea_btnOk")): Object: 'Object Repository/Inicio de sesion - Cívica Calidad/Inicio de sesion_Civica Calidad/input_Contrasea_btnOk' is clicked on

2022-09-22 15:57:02 - [MESSAGE][PASSED] - Object: 'Object Repository/Inicio de sesion - Cívica Calidad/Inicio de sesion_Civica Calidad/input_Contrasea_btnOk' is clicked on

2022-09-22 15:57:02 - [TEST_STEP][PASSED] - waitForPageLoad(30): Wait for page load successfully

2022-09-22 15:57:02 - [MESSAGE][PASSED] - Wait for page load successfully

2022-09-22 15:57:02 - [TEST_STEP][PASSED] - click(findTestObject("Pagina inicial/Page_Metro de Medelln - Sea bienvenido/em_Adquisicin_bv")): Object: 'Object Repository/Pagina inicial/Page_Metro de Medelln - Sea bienvenido/em_Adquisicin_bv' is clicked on

2022-09-22 15:57:03 - [MESSAGE][PASSED] - Object: 'Object Repository/Pagina inicial/Page_Metro de Medelln - Sea bienvenido/em_Adquisicin_bv' is clicked on

2022-09-22 15:57:03 - [TEST_STEP][PASSED] - waitForPageLoad(30): Wait for page load successfully

2022-09-22 15:57:03 - [MESSAGE][PASSED] - Wait for page load successfully

2022-09-22 15:57:03 - [TEST_STEP][PASSED] - click(findTestObject("Consulta y ajuste de saldo/Page_Metro de Medellin -  Adquisicin/a_Punto de Venta_adq")): Object: 'Object Repository/Consulta y ajuste de saldo/Page_Metro de Medellin -  Adquisicin/a_Punto de Venta_adq' is clicked on

2022-09-22 15:57:04 - [MESSAGE][PASSED] - Object: 'Object Repository/Consulta y ajuste de saldo/Page_Metro de Medellin -  Adquisicin/a_Punto de Venta_adq' is clicked on

2022-09-22 15:57:04 - [TEST_STEP][PASSED] - waitForPageLoad(30): Wait for page load successfully

2022-09-22 15:57:04 - [MESSAGE][PASSED] - Wait for page load successfully

2022-09-22 15:57:04 - [TEST_STEP][PASSED] - click(findTestObject("Consulta y ajuste de saldo/Page_Metro de Medelln - Adquisicin - Punto de Venta -  Ajuste de Carga/a_Ajuste de Carga_pdva")): Object: 'Object Repository/Consulta y ajuste de saldo/Page_Metro de Medelln - Adquisicin - Punto de Venta -  Ajuste de Carga/a_Ajuste de Carga_pdva' is clicked on

2022-09-22 15:57:06 - [MESSAGE][PASSED] - Object: 'Object Repository/Consulta y ajuste de saldo/Page_Metro de Medelln - Adquisicin - Punto de Venta -  Ajuste de Carga/a_Ajuste de Carga_pdva' is clicked on

2022-09-22 15:57:06 - [TEST_STEP][PASSED] - waitForPageLoad(30): Wait for page load successfully

2022-09-22 15:57:06 - [MESSAGE][PASSED] - Wait for page load successfully

2022-09-22 15:57:06 - [TEST_STEP][PASSED] - click(findTestObject("Consulta y ajuste de saldo/Page_Metro de Medelln - Adquisicin - Punto de Venta -  Ajuste de Carga/a_Nuevo Registro_pdva")): Object: 'Object Repository/Consulta y ajuste de saldo/Page_Metro de Medelln - Adquisicin - Punto de Venta -  Ajuste de Carga/a_Nuevo Registro_pdva' is clicked on

2022-09-22 15:57:07 - [MESSAGE][PASSED] - Object: 'Object Repository/Consulta y ajuste de saldo/Page_Metro de Medelln - Adquisicin - Punto de Venta -  Ajuste de Carga/a_Nuevo Registro_pdva' is clicked on

2022-09-22 15:57:07 - [TEST_STEP][PASSED] - waitForPageLoad(30): Wait for page load successfully

2022-09-22 15:57:09 - [MESSAGE][PASSED] - Wait for page load successfully

2022-09-22 15:57:09 - [TEST_STEP][PASSED] - click(findTestObject("Consulta y ajuste de saldo/Page_Metro de Medelln - Adquisicion - Punto de Venta -  Ajuste de Carga/input_Apellidos_ctl00ContentPlaceHolder1btnBuscarUsu_pdvab")): Object: 'Object Repository/Consulta y ajuste de saldo/Page_Metro de Medelln - Adquisicion - Punto de Venta -  Ajuste de Carga/input_Apellidos_ctl00ContentPlaceHolder1btnBuscarUsu_pdvab' is clicked on

2022-09-22 15:57:12 - [MESSAGE][PASSED] - Object: 'Object Repository/Consulta y ajuste de saldo/Page_Metro de Medelln - Adquisicion - Punto de Venta -  Ajuste de Carga/input_Apellidos_ctl00ContentPlaceHolder1btnBuscarUsu_pdvab' is clicked on

2022-09-22 15:57:12 - [TEST_STEP][PASSED] - waitForPageLoad(30): Wait for page load successfully

2022-09-22 15:57:12 - [MESSAGE][PASSED] - Wait for page load successfully

2022-09-22 15:57:12 - [TEST_STEP][PASSED] - switchToWindowUrl("https://qabanco.civica.com.co/Civica/Usuarios/Registros/frmUsuariosPNTarjetaPopup.aspx?nombre=&cedula=&tarjeta="): Switched to window with url: 'https://qabanco.civica.com.co/Civica/Usuarios/Registros/frmUsuariosPNTarjetaPopup.aspx?nombre=&cedula=&tarjeta='

2022-09-22 15:57:12 - [MESSAGE][PASSED] - Switched to window with url: 'https://qabanco.civica.com.co/Civica/Usuarios/Registros/frmUsuariosPNTarjetaPopup.aspx?nombre=&cedula=&tarjeta='

2022-09-22 15:57:12 - [TEST_STEP][PASSED] - focus(findTestObject("Consulta y ajuste de saldo/Page_Metro Medelln -  ConsulPN/input_Nm. Tarjeta_txtNumeroTarjeta_cpn")): Object: 'Object Repository/Consulta y ajuste de saldo/Page_Metro Medelln -  ConsulPN/input_Nm. Tarjeta_txtNumeroTarjeta_cpn' is focused

2022-09-22 15:57:13 - [MESSAGE][PASSED] - Object: 'Object Repository/Consulta y ajuste de saldo/Page_Metro Medelln -  ConsulPN/input_Nm. Tarjeta_txtNumeroTarjeta_cpn' is focused

2022-09-22 15:57:13 - [TEST_STEP][PASSED] - setText(findTestObject("Consulta y ajuste de saldo/Page_Metro Medelln -  ConsulPN/input_Nm. Tarjeta_txtNumeroTarjeta_cpn"), "1267657"): Text '1267657' is set on object 'Object Repository/Consulta y ajuste de saldo/Page_Metro Medelln -  ConsulPN/input_Nm. Tarjeta_txtNumeroTarjeta_cpn'

2022-09-22 15:57:14 - [MESSAGE][PASSED] - Text '1267657' is set on object 'Object Repository/Consulta y ajuste de saldo/Page_Metro Medelln -  ConsulPN/input_Nm. Tarjeta_txtNumeroTarjeta_cpn'

2022-09-22 15:57:14 - [TEST_STEP][PASSED] - click(findTestObject("Consulta y ajuste de saldo/Page_Metro Medelln -  ConsulPN/input_REGISTRO BLOQUEADO_btnBuscar_cpn")): Object: 'Object Repository/Consulta y ajuste de saldo/Page_Metro Medelln -  ConsulPN/input_REGISTRO BLOQUEADO_btnBuscar_cpn' is clicked on

2022-09-22 15:57:15 - [MESSAGE][PASSED] - Object: 'Object Repository/Consulta y ajuste de saldo/Page_Metro Medelln -  ConsulPN/input_REGISTRO BLOQUEADO_btnBuscar_cpn' is clicked on

2022-09-22 15:57:15 - [TEST_STEP][PASSED] - click(findTestObject("Consulta y ajuste de saldo/Page_Metro Medelln -  ConsulPN/img_cpn")): Object: 'Object Repository/Consulta y ajuste de saldo/Page_Metro Medelln -  ConsulPN/img_cpn' is clicked on

2022-09-22 15:57:15 - [MESSAGE][PASSED] - Object: 'Object Repository/Consulta y ajuste de saldo/Page_Metro Medelln -  ConsulPN/img_cpn' is clicked on

2022-09-22 15:57:15 - [TEST_STEP][PASSED] - switchToWindowUrl("https://qabanco.civica.com.co/Civica/Adquisicion/PuntodeVenta/frmAjusteCargaDet.aspx"): Switched to window with url: 'https://qabanco.civica.com.co/Civica/Adquisicion/PuntodeVenta/frmAjusteCargaDet.aspx'

2022-09-22 15:57:16 - [MESSAGE][PASSED] - Switched to window with url: 'https://qabanco.civica.com.co/Civica/Adquisicion/PuntodeVenta/frmAjusteCargaDet.aspx'

2022-09-22 15:57:16 - [TEST_STEP][PASSED] - click(findTestObject("Page_MedeMe - Adqcion - PdV -  Ajuste credito/Chechk credito")): Object: 'Object Repository/Page_MedeMe - Adqcion - PdV -  Ajuste credito/Chechk credito' is clicked on

2022-09-22 15:57:16 - [MESSAGE][PASSED] - Object: 'Object Repository/Page_MedeMe - Adqcion - PdV -  Ajuste credito/Chechk credito' is clicked on

2022-09-22 15:57:16 - [TEST_STEP][PASSED] - delay(2): Delayed 2 second(s)

2022-09-22 15:57:18 - [MESSAGE][PASSED] - Delayed 2 second(s)

2022-09-22 15:57:18 - [TEST_STEP][PASSED] - focus(findTestObject("Consulta y ajuste de saldo/Page_Metro de Medelln - Adquisicion - Punto de Venta -  Ajuste de Carga/input_Valor_ctl00ContentPlaceHolder1txtValor_pdvab")): Object: 'Object Repository/Consulta y ajuste de saldo/Page_Metro de Medelln - Adquisicion - Punto de Venta -  Ajuste de Carga/input_Valor_ctl00ContentPlaceHolder1txtValor_pdvab' is focused

2022-09-22 15:57:19 - [MESSAGE][PASSED] - Object: 'Object Repository/Consulta y ajuste de saldo/Page_Metro de Medelln - Adquisicion - Punto de Venta -  Ajuste de Carga/input_Valor_ctl00ContentPlaceHolder1txtValor_pdvab' is focused

2022-09-22 15:57:19 - [TEST_STEP][PASSED] - setText(findTestObject("Consulta y ajuste de saldo/Page_Metro de Medelln - Adquisicion - Punto de Venta -  Ajuste de Carga/input_Valor_ctl00ContentPlaceHolder1txtValor_pdvab"), "50000"): Text '50000' is set on object 'Object Repository/Consulta y ajuste de saldo/Page_Metro de Medelln - Adquisicion - Punto de Venta -  Ajuste de Carga/input_Valor_ctl00ContentPlaceHolder1txtValor_pdvab'

2022-09-22 15:57:19 - [MESSAGE][PASSED] - Text '50000' is set on object 'Object Repository/Consulta y ajuste de saldo/Page_Metro de Medelln - Adquisicion - Punto de Venta -  Ajuste de Carga/input_Valor_ctl00ContentPlaceHolder1txtValor_pdvab'

2022-09-22 15:57:19 - [TEST_STEP][PASSED] - click(findTestObject("Consulta y ajuste de saldo/Page_Metro de Medelln - Adquisicion - Punto de Venta -  Ajuste de Carga/select_- Seleccione - Motivo_pdvab")): Object: 'Object Repository/Consulta y ajuste de saldo/Page_Metro de Medelln - Adquisicion - Punto de Venta -  Ajuste de Carga/select_- Seleccione - Motivo_pdvab' is clicked on

2022-09-22 15:57:20 - [MESSAGE][PASSED] - Object: 'Object Repository/Consulta y ajuste de saldo/Page_Metro de Medelln - Adquisicion - Punto de Venta -  Ajuste de Carga/select_- Seleccione - Motivo_pdvab' is clicked on

2022-09-22 15:57:20 - [TEST_STEP][PASSED] - sendKeys(findTestObject("Consulta y ajuste de saldo/Page_Metro de Medelln - Adquisicion - Punto de Venta -  Ajuste de Carga/select_- Seleccione - Motivo_pdvab"), Keys.chord(ARROW_DOWN)): Keys 'DOWN + ' sent to object: 'Object Repository/Consulta y ajuste de saldo/Page_Metro de Medelln - Adquisicion - Punto de Venta -  Ajuste de Carga/select_- Seleccione - Motivo_pdvab'

2022-09-22 15:57:21 - [MESSAGE][PASSED] - Keys 'DOWN + ' sent to object: 'Object Repository/Consulta y ajuste de saldo/Page_Metro de Medelln - Adquisicion - Punto de Venta -  Ajuste de Carga/select_- Seleccione - Motivo_pdvab'

2022-09-22 15:57:21 - [TEST_STEP][PASSED] - sendKeys(findTestObject("Consulta y ajuste de saldo/Page_Metro de Medelln - Adquisicion - Punto de Venta -  Ajuste de Carga/select_- Seleccione - Motivo_pdvab"), Keys.chord(ENTER)): Keys 'ENTER + ' sent to object: 'Object Repository/Consulta y ajuste de saldo/Page_Metro de Medelln - Adquisicion - Punto de Venta -  Ajuste de Carga/select_- Seleccione - Motivo_pdvab'

2022-09-22 15:57:21 - [MESSAGE][PASSED] - Keys 'ENTER + ' sent to object: 'Object Repository/Consulta y ajuste de saldo/Page_Metro de Medelln - Adquisicion - Punto de Venta -  Ajuste de Carga/select_- Seleccione - Motivo_pdvab'

2022-09-22 15:57:21 - [TEST_STEP][PASSED] - click(findTestObject("Consulta y ajuste de saldo/Page_Metro de Medelln - Adquisicion - Punto de Venta -  Ajuste de Carga/textarea_Caracteres restantes  1000_ctl00ContentPlaceHolder1txtDescripcion_pdvab")): Object: 'Object Repository/Consulta y ajuste de saldo/Page_Metro de Medelln - Adquisicion - Punto de Venta -  Ajuste de Carga/textarea_Caracteres restantes  1000_ctl00ContentPlaceHolder1txtDescripcion_pdvab' is clicked on

2022-09-22 15:57:23 - [MESSAGE][PASSED] - Object: 'Object Repository/Consulta y ajuste de saldo/Page_Metro de Medelln - Adquisicion - Punto de Venta -  Ajuste de Carga/textarea_Caracteres restantes  1000_ctl00ContentPlaceHolder1txtDescripcion_pdvab' is clicked on

2022-09-22 15:57:23 - [TEST_STEP][PASSED] - setText(findTestObject("Consulta y ajuste de saldo/Page_Metro de Medelln - Adquisicion - Punto de Venta -  Ajuste de Carga/textarea_Caracteres restantes  1000_ctl00ContentPlaceHolder1txtDescripcion_pdvab"), "Prueba venta de tarjetas"): Text 'Prueba venta de tarjetas' is set on object 'Object Repository/Consulta y ajuste de saldo/Page_Metro de Medelln - Adquisicion - Punto de Venta -  Ajuste de Carga/textarea_Caracteres restantes  1000_ctl00ContentPlaceHolder1txtDescripcion_pdvab'

2022-09-22 15:57:24 - [MESSAGE][PASSED] - Text 'Prueba venta de tarjetas' is set on object 'Object Repository/Consulta y ajuste de saldo/Page_Metro de Medelln - Adquisicion - Punto de Venta -  Ajuste de Carga/textarea_Caracteres restantes  1000_ctl00ContentPlaceHolder1txtDescripcion_pdvab'

2022-09-22 15:57:24 - [TEST_STEP][PASSED] - click(findTestObject("Consulta y ajuste de saldo/Page_Metro de Medelln - Adquisicion - Punto de Venta -  Ajuste de Carga/input_Operador Modificacin_ctl00ContentPlaceHolder1btnConfirmar_pdvab")): Object: 'Object Repository/Consulta y ajuste de saldo/Page_Metro de Medelln - Adquisicion - Punto de Venta -  Ajuste de Carga/input_Operador Modificacin_ctl00ContentPlaceHolder1btnConfirmar_pdvab' is clicked on

2022-09-22 15:57:26 - [MESSAGE][PASSED] - Object: 'Object Repository/Consulta y ajuste de saldo/Page_Metro de Medelln - Adquisicion - Punto de Venta -  Ajuste de Carga/input_Operador Modificacin_ctl00ContentPlaceHolder1btnConfirmar_pdvab' is clicked on

2022-09-22 15:57:26 - [TEST_STEP][PASSED] - switchToWindowUrl("https://qabanco.civica.com.co/Civica/Includes/frmMensagem.aspx"): Switched to window with url: 'https://qabanco.civica.com.co/Civica/Includes/frmMensagem.aspx'

2022-09-22 15:57:26 - [MESSAGE][PASSED] - Switched to window with url: 'https://qabanco.civica.com.co/Civica/Includes/frmMensagem.aspx'

2022-09-22 15:57:26 - [TEST_STEP][PASSED] - click(findTestObject("Consulta y ajuste de saldo/Page_Metro Medelln -  Mensaje/input_Operacin efectuada con xito_btnOk_cpn")): Object: 'Object Repository/Consulta y ajuste de saldo/Page_Metro Medelln -  Mensaje/input_Operacin efectuada con xito_btnOk_cpn' is clicked on

2022-09-22 15:57:27 - [MESSAGE][PASSED] - Object: 'Object Repository/Consulta y ajuste de saldo/Page_Metro Medelln -  Mensaje/input_Operacin efectuada con xito_btnOk_cpn' is clicked on

2022-09-22 15:57:27 - [TEST_STEP][PASSED] - switchToWindowUrl("https://qabanco.civica.com.co/Civica/Adquisicion/PuntodeVenta/frmAjusteCargaDet.aspx?Cod=0"): Switched to window with url: 'https://qabanco.civica.com.co/Civica/Adquisicion/PuntodeVenta/frmAjusteCargaDet.aspx?Cod=0'

2022-09-22 15:57:27 - [MESSAGE][PASSED] - Switched to window with url: 'https://qabanco.civica.com.co/Civica/Adquisicion/PuntodeVenta/frmAjusteCargaDet.aspx?Cod=0'

2022-09-22 15:57:27 - [TEST_STEP][PASSED] - click(findTestObject("Consulta y ajuste de saldo/Page_Metro de Medelln - Adquisicion - Punto de Venta -  Ajuste de Carga/a_Aprobacin Ajuste de Carga_pdvab")): Object: 'Object Repository/Consulta y ajuste de saldo/Page_Metro de Medelln - Adquisicion - Punto de Venta -  Ajuste de Carga/a_Aprobacin Ajuste de Carga_pdvab' is clicked on

2022-09-22 15:57:29 - [MESSAGE][PASSED] - Object: 'Object Repository/Consulta y ajuste de saldo/Page_Metro de Medelln - Adquisicion - Punto de Venta -  Ajuste de Carga/a_Aprobacin Ajuste de Carga_pdvab' is clicked on

2022-09-22 15:57:29 - [TEST_STEP][PASSED] - click(findTestObject("Consulta y ajuste de saldo/Page_Metro de Medelln - Adquisicin - Pdv -  AproAju Carga/select_- Seleccione - Motivo Aprobacion_adqa")): Object: 'Object Repository/Consulta y ajuste de saldo/Page_Metro de Medelln - Adquisicin - Pdv -  AproAju Carga/select_- Seleccione - Motivo Aprobacion_adqa' is clicked on

2022-09-22 15:57:29 - [MESSAGE][PASSED] - Object: 'Object Repository/Consulta y ajuste de saldo/Page_Metro de Medelln - Adquisicin - Pdv -  AproAju Carga/select_- Seleccione - Motivo Aprobacion_adqa' is clicked on

2022-09-22 15:57:29 - [TEST_STEP][PASSED] - sendKeys(findTestObject("Consulta y ajuste de saldo/Page_Metro de Medelln - Adquisicin - Pdv -  AproAju Carga/select_- Seleccione - Motivo Aprobacion_adqa"), Keys.chord(ARROW_DOWN)): Keys 'DOWN + ' sent to object: 'Object Repository/Consulta y ajuste de saldo/Page_Metro de Medelln - Adquisicin - Pdv -  AproAju Carga/select_- Seleccione - Motivo Aprobacion_adqa'

2022-09-22 15:57:30 - [MESSAGE][PASSED] - Keys 'DOWN + ' sent to object: 'Object Repository/Consulta y ajuste de saldo/Page_Metro de Medelln - Adquisicin - Pdv -  AproAju Carga/select_- Seleccione - Motivo Aprobacion_adqa'

2022-09-22 15:57:30 - [TEST_STEP][PASSED] - sendKeys(findTestObject("Consulta y ajuste de saldo/Page_Metro de Medelln - Adquisicin - Pdv -  AproAju Carga/select_- Seleccione - Motivo Aprobacion_adqa"), Keys.chord(ENTER)): Keys 'ENTER + ' sent to object: 'Object Repository/Consulta y ajuste de saldo/Page_Metro de Medelln - Adquisicin - Pdv -  AproAju Carga/select_- Seleccione - Motivo Aprobacion_adqa'

2022-09-22 15:57:30 - [MESSAGE][PASSED] - Keys 'ENTER + ' sent to object: 'Object Repository/Consulta y ajuste de saldo/Page_Metro de Medelln - Adquisicin - Pdv -  AproAju Carga/select_- Seleccione - Motivo Aprobacion_adqa'

2022-09-22 15:57:30 - [TEST_STEP][PASSED] - click(findTestObject("Consulta y ajuste de saldo/Page_Metro de Medelln - Adquisicin - Pdv -  AproAju Carga/input__ctl00ContentPlaceHolder1btnBuscar_adqa")): Object: 'Object Repository/Consulta y ajuste de saldo/Page_Metro de Medelln - Adquisicin - Pdv -  AproAju Carga/input__ctl00ContentPlaceHolder1btnBuscar_adqa' is clicked on

2022-09-22 15:57:32 - [MESSAGE][PASSED] - Object: 'Object Repository/Consulta y ajuste de saldo/Page_Metro de Medelln - Adquisicin - Pdv -  AproAju Carga/input__ctl00ContentPlaceHolder1btnBuscar_adqa' is clicked on

2022-09-22 15:57:32 - [TEST_STEP][PASSED] - waitForPageLoad(30): Wait for page load successfully

2022-09-22 15:57:32 - [MESSAGE][PASSED] - Wait for page load successfully

2022-09-22 15:57:32 - [TEST_STEP][PASSED] - click(findTestObject("Consulta y ajuste de saldo/Page_Metro de Medelln - Adquisicin - Pdv -  AproAju Carga/input__ctl00ContentPlaceHolder1btnBuscar_adqa")): Object: 'Object Repository/Consulta y ajuste de saldo/Page_Metro de Medelln - Adquisicin - Pdv -  AproAju Carga/input__ctl00ContentPlaceHolder1btnBuscar_adqa' is clicked on

2022-09-22 15:57:33 - [MESSAGE][PASSED] - Object: 'Object Repository/Consulta y ajuste de saldo/Page_Metro de Medelln - Adquisicin - Pdv -  AproAju Carga/input__ctl00ContentPlaceHolder1btnBuscar_adqa' is clicked on

2022-09-22 15:57:33 - [TEST_STEP][PASSED] - waitForPageLoad(30): Wait for page load successfully

2022-09-22 15:57:33 - [MESSAGE][PASSED] - Wait for page load successfully

2022-09-22 15:57:33 - [TEST_STEP][PASSED] - check(findTestObject("Consulta y ajuste de saldo/Page_Metro de Medelln - Adquisicin - Pdv -  AproAju Carga/Aprobar_todos")): Object 'Object Repository/Consulta y ajuste de saldo/Page_Metro de Medelln - Adquisicin - Pdv -  AproAju Carga/Aprobar_todos' is checked

2022-09-22 15:57:34 - [MESSAGE][PASSED] - Object 'Object Repository/Consulta y ajuste de saldo/Page_Metro de Medelln - Adquisicin - Pdv -  AproAju Carga/Aprobar_todos' is checked

2022-09-22 15:57:34 - [TEST_STEP][PASSED] - click(findTestObject("Consulta y ajuste de saldo/Page_Metro de Medelln - Adquisicin - Pdv -  AproAju Carga/input_registro(s) encontrado(s)_ctl00ContentPlaceHolder1btnAprobar_adqa")): Object: 'Object Repository/Consulta y ajuste de saldo/Page_Metro de Medelln - Adquisicin - Pdv -  AproAju Carga/input_registro(s) encontrado(s)_ctl00ContentPlaceHolder1btnAprobar_adqa' is clicked on

2022-09-22 15:57:34 - [MESSAGE][PASSED] - Object: 'Object Repository/Consulta y ajuste de saldo/Page_Metro de Medelln - Adquisicin - Pdv -  AproAju Carga/input_registro(s) encontrado(s)_ctl00ContentPlaceHolder1btnAprobar_adqa' is clicked on

2022-09-22 15:57:34 - [TEST_STEP][PASSED] - delay(2): Delayed 2 second(s)

2022-09-22 15:57:36 - [MESSAGE][PASSED] - Delayed 2 second(s)

2022-09-22 15:57:36 - [TEST_STEP][PASSED] - click(findTestObject("Consulta y ajuste de saldo/Page_Metro de Medelln - Adquisicin - Pdv -  AproAju Carga/select_- Seleccione - Motivo Aprobacion_adqa")): Object: 'Object Repository/Consulta y ajuste de saldo/Page_Metro de Medelln - Adquisicin - Pdv -  AproAju Carga/select_- Seleccione - Motivo Aprobacion_adqa' is clicked on

2022-09-22 15:57:37 - [MESSAGE][PASSED] - Object: 'Object Repository/Consulta y ajuste de saldo/Page_Metro de Medelln - Adquisicin - Pdv -  AproAju Carga/select_- Seleccione - Motivo Aprobacion_adqa' is clicked on

2022-09-22 15:57:37 - [TEST_STEP][PASSED] - sendKeys(findTestObject("Consulta y ajuste de saldo/Page_Metro de Medelln - Adquisicin - Pdv -  AproAju Carga/select_- Seleccione - Motivo Aprobacion_adqa"), Keys.chord(ENTER)): Keys 'ENTER + ' sent to object: 'Object Repository/Consulta y ajuste de saldo/Page_Metro de Medelln - Adquisicin - Pdv -  AproAju Carga/select_- Seleccione - Motivo Aprobacion_adqa'

2022-09-22 15:57:37 - [MESSAGE][PASSED] - Keys 'ENTER + ' sent to object: 'Object Repository/Consulta y ajuste de saldo/Page_Metro de Medelln - Adquisicin - Pdv -  AproAju Carga/select_- Seleccione - Motivo Aprobacion_adqa'

2022-09-22 15:57:37 - [TEST_STEP][PASSED] - click(findTestObject("Consulta y ajuste de saldo/Page_Metro de Medelln - Adquisicin - Pdv -  AproAju Carga/input__ctl00ContentPlaceHolder1btnBuscar_adqa")): Object: 'Object Repository/Consulta y ajuste de saldo/Page_Metro de Medelln - Adquisicin - Pdv -  AproAju Carga/input__ctl00ContentPlaceHolder1btnBuscar_adqa' is clicked on

2022-09-22 15:57:39 - [MESSAGE][PASSED] - Object: 'Object Repository/Consulta y ajuste de saldo/Page_Metro de Medelln - Adquisicin - Pdv -  AproAju Carga/input__ctl00ContentPlaceHolder1btnBuscar_adqa' is clicked on

2022-09-22 15:57:39 - [TEST_STEP][PASSED] - waitForPageLoad(30): Wait for page load successfully

2022-09-22 15:57:39 - [MESSAGE][PASSED] - Wait for page load successfully

2022-09-22 15:57:39 - [TEST_STEP][PASSED] - click(findTestObject("Consulta y ajuste de saldo/Page_Metro de Medelln - Adquisicin - Pdv -  AproAju Carga/input__ctl00ContentPlaceHolder1btnBuscar_adqa")): Object: 'Object Repository/Consulta y ajuste de saldo/Page_Metro de Medelln - Adquisicin - Pdv -  AproAju Carga/input__ctl00ContentPlaceHolder1btnBuscar_adqa' is clicked on

2022-09-22 15:57:40 - [MESSAGE][PASSED] - Object: 'Object Repository/Consulta y ajuste de saldo/Page_Metro de Medelln - Adquisicin - Pdv -  AproAju Carga/input__ctl00ContentPlaceHolder1btnBuscar_adqa' is clicked on

2022-09-22 15:57:40 - [TEST_STEP][PASSED] - waitForPageLoad(30): Wait for page load successfully

2022-09-22 15:57:40 - [MESSAGE][PASSED] - Wait for page load successfully

2022-09-22 15:57:40 - [TEST_STEP][PASSED] - check(findTestObject("Consulta y ajuste de saldo/Page_Metro de Medelln - Adquisicin - Pdv -  AproAju Carga/Aprobar_todos")): Object 'Object Repository/Consulta y ajuste de saldo/Page_Metro de Medelln - Adquisicin - Pdv -  AproAju Carga/Aprobar_todos' is checked

2022-09-22 15:57:41 - [MESSAGE][PASSED] - Object 'Object Repository/Consulta y ajuste de saldo/Page_Metro de Medelln - Adquisicin - Pdv -  AproAju Carga/Aprobar_todos' is checked

2022-09-22 15:57:41 - [TEST_STEP][PASSED] - click(findTestObject("Consulta y ajuste de saldo/Page_Metro de Medelln - Adquisicin - Pdv -  AproAju Carga/input_registro(s) encontrado(s)_ctl00ContentPlaceHolder1btnAprobar_adqa")): Object: 'Object Repository/Consulta y ajuste de saldo/Page_Metro de Medelln - Adquisicin - Pdv -  AproAju Carga/input_registro(s) encontrado(s)_ctl00ContentPlaceHolder1btnAprobar_adqa' is clicked on

2022-09-22 15:57:41 - [MESSAGE][PASSED] - Object: 'Object Repository/Consulta y ajuste de saldo/Page_Metro de Medelln - Adquisicin - Pdv -  AproAju Carga/input_registro(s) encontrado(s)_ctl00ContentPlaceHolder1btnAprobar_adqa' is clicked on

2022-09-22 15:57:41 - [TEST_STEP][PASSED] - acceptAlert(): Alert accepted

2022-09-22 15:57:41 - [MESSAGE][PASSED] - Alert accepted

2022-09-22 15:57:41 - [TEST_STEP][PASSED] - delay(3): Delayed 3 second(s)

2022-09-22 15:57:44 - [MESSAGE][PASSED] - Delayed 3 second(s)

2022-09-22 15:57:44 - [TEST_STEP][PASSED] - closeBrowser(): Browser is closed

2022-09-22 15:57:48 - [MESSAGE][PASSED] - Browser is closed]]></system-out>
         <system-err><![CDATA[]]></system-err>
      </testcase>
      <system-out><![CDATA[2022-09-22 15:53:24 - [TEST_SUITE][PASSED] - Ajuste Credito: Test Cases/Ajuste credito - 50000]]></system-out>
      <system-err><![CDATA[]]></system-err>
   </testsuite>
</testsuites>
