<?xml version="1.0" encoding="UTF-8"?>
<testsuites name="Preparacion tarjeta venta" time="151.165" tests="1" failures="0" errors="0">
   <testsuite name="Preparacion tarjeta venta" tests="1" failures="0" errors="0" time="151.165" skipped="0" timestamp="2022-09-15 14:21:11" hostname="feflorez - UENOP029.metrodemedellin.gov.co" id="Test Suites/Preparacion tarjeta venta">
      <properties>
         <property name="deviceName" value=""/>
         <property name="devicePlatform" value=""/>
         <property name="logFolder" value="C:\\Users\\feflorez\\git\\Automatizacion-de-procesos-QA-Metro\\Reports\\20220915_142038\\Preparacion tarjeta venta\\20220915_142038"/>
         <property name="logFiles" value="C:\\Users\\feflorez\\git\\Automatizacion-de-procesos-QA-Metro\\Reports\\20220915_142038\\Preparacion tarjeta venta\\20220915_142038\\execution0.log"/>
         <property name="attachments" value=""/>
         <property name="hostName" value="feflorez - UENOP029.metrodemedellin.gov.co"/>
         <property name="os" value="Windows 10 64bit"/>
         <property name="katalonVersion" value="8.4.1.208"/>
         <property name="browser" value="Chrome 104.0.5112.102"/>
         <property name="hostAddress" value="172.23.20.156"/>
         <property name="sessionId" value="47dd0c5b9daf140cee5c81d1cd1d14bf"/>
         <property name="seleniumVersion" value="3.141.59"/>
         <property name="proxyInformation" value="ProxyInformation { proxyOption=NO_PROXY, proxyServerType=HTTP, username=, password=********, proxyServerAddress=, proxyServerPort=0, executionList=&quot;&quot;, isApplyToDesiredCapabilities=true }"/>
         <property name="platform" value="Windows 10"/>
      </properties>
      <testcase name="Test Cases/Preparacion tarjeta venta" time="69.343" classname="Test Cases/Preparacion tarjeta venta" status="PASSED">
         <system-out><![CDATA[2022-09-15 14:22:33 - [TEST_CASE][PASSED] - Test Cases/Preparacion tarjeta venta: Test Cases/Preparacion tarjeta venta

2022-09-15 14:22:33 - [TEST_STEP][PASSED] - openBrowser("https://qabanco.civica.com.co/civica/index.aspx"): Browser is opened with url: 'https://qabanco.civica.com.co/civica/index.aspx'

2022-09-15 14:22:33 - [MESSAGE][WARNING] - A browser is already opened. Closing browser and opening a new one

2022-09-15 14:22:38 - [MESSAGE][INFO] - Starting 'Chrome' driver

2022-09-15 14:22:38 - [MESSAGE][INFO] - Action delay is set to 0 milliseconds

2022-09-15 14:22:44 - [MESSAGE][PASSED] - Browser is opened with url: 'https://qabanco.civica.com.co/civica/index.aspx'

2022-09-15 14:22:44 - [TEST_STEP][PASSED] - waitForPageLoad(30): Wait for page load successfully

2022-09-15 14:22:44 - [MESSAGE][PASSED] - Wait for page load successfully

2022-09-15 14:22:44 - [TEST_STEP][PASSED] - maximizeWindow(): Current window maximized

2022-09-15 14:22:44 - [MESSAGE][PASSED] - Current window maximized

2022-09-15 14:22:44 - [TEST_STEP][PASSED] - focus(findTestObject("Inicio de sesion - Cívica Calidad/Inicio de sesion_Civica Calidad/input_Cdula usuario_txtLogin")): Object: 'Object Repository/Inicio de sesion - Cívica Calidad/Inicio de sesion_Civica Calidad/input_Cdula usuario_txtLogin' is focused

2022-09-15 14:22:45 - [MESSAGE][PASSED] - Object: 'Object Repository/Inicio de sesion - Cívica Calidad/Inicio de sesion_Civica Calidad/input_Cdula usuario_txtLogin' is focused

2022-09-15 14:22:45 - [TEST_STEP][PASSED] - setText(findTestObject("Inicio de sesion - Cívica Calidad/Inicio de sesion_Civica Calidad/input_Cdula usuario_txtLogin"), findTestData("Usuarios/Usuarios login").getValue(1, 1)): Text '1028015407' is set on object 'Object Repository/Inicio de sesion - Cívica Calidad/Inicio de sesion_Civica Calidad/input_Cdula usuario_txtLogin'

2022-09-15 14:22:46 - [MESSAGE][PASSED] - Text '1028015407' is set on object 'Object Repository/Inicio de sesion - Cívica Calidad/Inicio de sesion_Civica Calidad/input_Cdula usuario_txtLogin'

2022-09-15 14:22:46 - [TEST_STEP][PASSED] - focus(findTestObject("Inicio de sesion - Cívica Calidad/Inicio de sesion_Civica Calidad/input_Contrasea_txtSena")): Object: 'Object Repository/Inicio de sesion - Cívica Calidad/Inicio de sesion_Civica Calidad/input_Contrasea_txtSena' is focused

2022-09-15 14:22:46 - [MESSAGE][PASSED] - Object: 'Object Repository/Inicio de sesion - Cívica Calidad/Inicio de sesion_Civica Calidad/input_Contrasea_txtSena' is focused

2022-09-15 14:22:46 - [TEST_STEP][PASSED] - setText(findTestObject("Inicio de sesion - Cívica Calidad/Inicio de sesion_Civica Calidad/input_Contrasea_txtSena"), findTestData("Usuarios/Usuarios login").getValue(2, 1)): Text '12345678' is set on object 'Object Repository/Inicio de sesion - Cívica Calidad/Inicio de sesion_Civica Calidad/input_Contrasea_txtSena'

2022-09-15 14:22:47 - [MESSAGE][PASSED] - Text '12345678' is set on object 'Object Repository/Inicio de sesion - Cívica Calidad/Inicio de sesion_Civica Calidad/input_Contrasea_txtSena'

2022-09-15 14:22:47 - [TEST_STEP][PASSED] - click(findTestObject("Inicio de sesion - Cívica Calidad/Inicio de sesion_Civica Calidad/input_Contrasea_btnOk")): Object: 'Object Repository/Inicio de sesion - Cívica Calidad/Inicio de sesion_Civica Calidad/input_Contrasea_btnOk' is clicked on

2022-09-15 14:22:53 - [MESSAGE][PASSED] - Object: 'Object Repository/Inicio de sesion - Cívica Calidad/Inicio de sesion_Civica Calidad/input_Contrasea_btnOk' is clicked on

2022-09-15 14:22:53 - [TEST_STEP][PASSED] - waitForPageLoad(30): Wait for page load successfully

2022-09-15 14:22:53 - [MESSAGE][PASSED] - Wait for page load successfully

2022-09-15 14:22:53 - [TEST_STEP][PASSED] - click(findTestObject("Pagina inicial/Page_Metro de Medelln - Sea bienvenido/em_Atencin_bv")): Object: 'Object Repository/Pagina inicial/Page_Metro de Medelln - Sea bienvenido/em_Atencin_bv' is clicked on

2022-09-15 14:22:54 - [MESSAGE][PASSED] - Object: 'Object Repository/Pagina inicial/Page_Metro de Medelln - Sea bienvenido/em_Atencin_bv' is clicked on

2022-09-15 14:22:54 - [TEST_STEP][PASSED] - waitForPageLoad(30): Wait for page load successfully

2022-09-15 14:22:54 - [MESSAGE][PASSED] - Wait for page load successfully

2022-09-15 14:22:54 - [TEST_STEP][PASSED] - click(findTestObject("Consulta y ajuste de saldo/Page_Metro de Medelln -  Atencin/a_Consultas_at")): Object: 'Object Repository/Consulta y ajuste de saldo/Page_Metro de Medelln -  Atencin/a_Consultas_at' is clicked on

2022-09-15 14:22:55 - [MESSAGE][PASSED] - Object: 'Object Repository/Consulta y ajuste de saldo/Page_Metro de Medelln -  Atencin/a_Consultas_at' is clicked on

2022-09-15 14:22:55 - [TEST_STEP][PASSED] - waitForPageLoad(30): Wait for page load successfully

2022-09-15 14:22:55 - [MESSAGE][PASSED] - Wait for page load successfully

2022-09-15 14:22:55 - [TEST_STEP][PASSED] - click(findTestObject("Consulta y ajuste de saldo/Page_Metro de Medelln - Atencin -  Consultas/a_Extracto PN_atc")): Object: 'Object Repository/Consulta y ajuste de saldo/Page_Metro de Medelln - Atencin -  Consultas/a_Extracto PN_atc' is clicked on

2022-09-15 14:22:57 - [MESSAGE][PASSED] - Object: 'Object Repository/Consulta y ajuste de saldo/Page_Metro de Medelln - Atencin -  Consultas/a_Extracto PN_atc' is clicked on

2022-09-15 14:22:57 - [TEST_STEP][PASSED] - focus(findTestObject("Consulta y ajuste de saldo/Page_Metro de Medelln - Atencin - ConsExtraUsuPersNat/input__ctl00ContentPlaceHolder1txtTarjeta_atcex")): Object: 'Object Repository/Consulta y ajuste de saldo/Page_Metro de Medelln - Atencin - ConsExtraUsuPersNat/input__ctl00ContentPlaceHolder1txtTarjeta_atcex' is focused

2022-09-15 14:22:57 - [MESSAGE][PASSED] - Object: 'Object Repository/Consulta y ajuste de saldo/Page_Metro de Medelln - Atencin - ConsExtraUsuPersNat/input__ctl00ContentPlaceHolder1txtTarjeta_atcex' is focused

2022-09-15 14:22:57 - [TEST_STEP][PASSED] - setText(findTestObject("Consulta y ajuste de saldo/Page_Metro de Medelln - Atencin - ConsExtraUsuPersNat/input__ctl00ContentPlaceHolder1txtTarjeta_atcex"), "3456920"): Text '3456920' is set on object 'Object Repository/Consulta y ajuste de saldo/Page_Metro de Medelln - Atencin - ConsExtraUsuPersNat/input__ctl00ContentPlaceHolder1txtTarjeta_atcex'

2022-09-15 14:22:58 - [MESSAGE][PASSED] - Text '3456920' is set on object 'Object Repository/Consulta y ajuste de saldo/Page_Metro de Medelln - Atencin - ConsExtraUsuPersNat/input__ctl00ContentPlaceHolder1txtTarjeta_atcex'

2022-09-15 14:22:58 - [TEST_STEP][PASSED] - click(findTestObject("Consulta y ajuste de saldo/Page_Metro de Medelln - Atencin - ConsExtraUsuPersNat/input__ctl00ContentPlaceHolder1btnBuscar_atcex")): Object: 'Object Repository/Consulta y ajuste de saldo/Page_Metro de Medelln - Atencin - ConsExtraUsuPersNat/input__ctl00ContentPlaceHolder1btnBuscar_atcex' is clicked on

2022-09-15 14:23:01 - [MESSAGE][PASSED] - Object: 'Object Repository/Consulta y ajuste de saldo/Page_Metro de Medelln - Atencin - ConsExtraUsuPersNat/input__ctl00ContentPlaceHolder1btnBuscar_atcex' is clicked on

2022-09-15 14:23:01 - [TEST_STEP][PASSED] - waitForPageLoad(30): Wait for page load successfully

2022-09-15 14:23:01 - [MESSAGE][PASSED] - Wait for page load successfully

2022-09-15 14:23:01 - [TEST_STEP][PASSED] - click(findTestObject("Consulta y ajuste de saldo/Page_Metro de Medelln - Usuarios - ConsExtrUsuPerNatDeta/input__ctl00ContentPlaceHolder1btnBuscar_atcexd")): Object: 'Object Repository/Consulta y ajuste de saldo/Page_Metro de Medelln - Usuarios - ConsExtrUsuPerNatDeta/input__ctl00ContentPlaceHolder1btnBuscar_atcexd' is clicked on

2022-09-15 14:23:03 - [MESSAGE][PASSED] - Object: 'Object Repository/Consulta y ajuste de saldo/Page_Metro de Medelln - Usuarios - ConsExtrUsuPerNatDeta/input__ctl00ContentPlaceHolder1btnBuscar_atcexd' is clicked on

2022-09-15 14:23:03 - [TEST_STEP][PASSED] - waitForPageLoad(30): Wait for page load successfully

2022-09-15 14:23:03 - [MESSAGE][PASSED] - Wait for page load successfully

2022-09-15 14:23:03 - [TEST_STEP][PASSED] - saldodebito = getText(findTestObject("Consulta y ajuste de saldo/Page_Metro de Medelln - Usuarios - ConsExtrUsuPerNatDeta/span_1.009.010.785_atcexd"), STOP_ON_FAILURE): Text of object 'Object Repository/Consulta y ajuste de saldo/Page_Metro de Medelln - Usuarios - ConsExtrUsuPerNatDeta/span_1.009.010.785_atcexd' is: '23.041.754'

2022-09-15 14:23:04 - [MESSAGE][PASSED] - Text of object 'Object Repository/Consulta y ajuste de saldo/Page_Metro de Medelln - Usuarios - ConsExtrUsuPerNatDeta/span_1.009.010.785_atcexd' is: '23.041.754'

2022-09-15 14:23:04 - [TEST_STEP][PASSED] - click(findTestObject("Consulta y ajuste de saldo/Page_Metro de Medelln - Usuarios - ConsExtrUsuPerNatDeta/em_Adquisicin_atcexd")): Object: 'Object Repository/Consulta y ajuste de saldo/Page_Metro de Medelln - Usuarios - ConsExtrUsuPerNatDeta/em_Adquisicin_atcexd' is clicked on

2022-09-15 14:23:05 - [MESSAGE][PASSED] - Object: 'Object Repository/Consulta y ajuste de saldo/Page_Metro de Medelln - Usuarios - ConsExtrUsuPerNatDeta/em_Adquisicin_atcexd' is clicked on

2022-09-15 14:23:05 - [TEST_STEP][PASSED] - waitForPageLoad(30): Wait for page load successfully

2022-09-15 14:23:05 - [MESSAGE][PASSED] - Wait for page load successfully

2022-09-15 14:23:05 - [TEST_STEP][PASSED] - click(findTestObject("Consulta y ajuste de saldo/Page_Metro de Medellin -  Adquisicin/a_Punto de Venta_adq")): Object: 'Object Repository/Consulta y ajuste de saldo/Page_Metro de Medellin -  Adquisicin/a_Punto de Venta_adq' is clicked on

2022-09-15 14:23:05 - [MESSAGE][PASSED] - Object: 'Object Repository/Consulta y ajuste de saldo/Page_Metro de Medellin -  Adquisicin/a_Punto de Venta_adq' is clicked on

2022-09-15 14:23:05 - [TEST_STEP][PASSED] - waitForPageLoad(30): Wait for page load successfully

2022-09-15 14:23:05 - [MESSAGE][PASSED] - Wait for page load successfully

2022-09-15 14:23:05 - [TEST_STEP][PASSED] - click(findTestObject("Consulta y ajuste de saldo/Page_Metro de Medelln - Adquisicin - Punto de Venta -  Ajuste de Carga/a_Ajuste de Carga_pdva")): Object: 'Object Repository/Consulta y ajuste de saldo/Page_Metro de Medelln - Adquisicin - Punto de Venta -  Ajuste de Carga/a_Ajuste de Carga_pdva' is clicked on

2022-09-15 14:23:07 - [MESSAGE][PASSED] - Object: 'Object Repository/Consulta y ajuste de saldo/Page_Metro de Medelln - Adquisicin - Punto de Venta -  Ajuste de Carga/a_Ajuste de Carga_pdva' is clicked on

2022-09-15 14:23:07 - [TEST_STEP][PASSED] - waitForPageLoad(30): Wait for page load successfully

2022-09-15 14:23:07 - [MESSAGE][PASSED] - Wait for page load successfully

2022-09-15 14:23:07 - [TEST_STEP][PASSED] - click(findTestObject("Consulta y ajuste de saldo/Page_Metro de Medelln - Adquisicin - Punto de Venta -  Ajuste de Carga/a_Nuevo Registro_pdva")): Object: 'Object Repository/Consulta y ajuste de saldo/Page_Metro de Medelln - Adquisicin - Punto de Venta -  Ajuste de Carga/a_Nuevo Registro_pdva' is clicked on

2022-09-15 14:23:08 - [MESSAGE][PASSED] - Object: 'Object Repository/Consulta y ajuste de saldo/Page_Metro de Medelln - Adquisicin - Punto de Venta -  Ajuste de Carga/a_Nuevo Registro_pdva' is clicked on

2022-09-15 14:23:08 - [TEST_STEP][PASSED] - waitForPageLoad(30): Wait for page load successfully

2022-09-15 14:23:09 - [MESSAGE][PASSED] - Wait for page load successfully

2022-09-15 14:23:09 - [TEST_STEP][PASSED] - click(findTestObject("Consulta y ajuste de saldo/Page_Metro de Medelln - Adquisicion - Punto de Venta -  Ajuste de Carga/input_Apellidos_ctl00ContentPlaceHolder1btnBuscarUsu_pdvab")): Object: 'Object Repository/Consulta y ajuste de saldo/Page_Metro de Medelln - Adquisicion - Punto de Venta -  Ajuste de Carga/input_Apellidos_ctl00ContentPlaceHolder1btnBuscarUsu_pdvab' is clicked on

2022-09-15 14:23:12 - [MESSAGE][PASSED] - Object: 'Object Repository/Consulta y ajuste de saldo/Page_Metro de Medelln - Adquisicion - Punto de Venta -  Ajuste de Carga/input_Apellidos_ctl00ContentPlaceHolder1btnBuscarUsu_pdvab' is clicked on

2022-09-15 14:23:12 - [TEST_STEP][PASSED] - waitForPageLoad(30): Wait for page load successfully

2022-09-15 14:23:12 - [MESSAGE][PASSED] - Wait for page load successfully

2022-09-15 14:23:12 - [TEST_STEP][PASSED] - switchToWindowUrl("https://qabanco.civica.com.co/Civica/Usuarios/Registros/frmUsuariosPNTarjetaPopup.aspx?nombre=&cedula=&tarjeta="): Switched to window with url: 'https://qabanco.civica.com.co/Civica/Usuarios/Registros/frmUsuariosPNTarjetaPopup.aspx?nombre=&cedula=&tarjeta='

2022-09-15 14:23:12 - [MESSAGE][PASSED] - Switched to window with url: 'https://qabanco.civica.com.co/Civica/Usuarios/Registros/frmUsuariosPNTarjetaPopup.aspx?nombre=&cedula=&tarjeta='

2022-09-15 14:23:12 - [TEST_STEP][PASSED] - focus(findTestObject("Consulta y ajuste de saldo/Page_Metro Medelln -  ConsulPN/input_Nm. Tarjeta_txtNumeroTarjeta_cpn")): Object: 'Object Repository/Consulta y ajuste de saldo/Page_Metro Medelln -  ConsulPN/input_Nm. Tarjeta_txtNumeroTarjeta_cpn' is focused

2022-09-15 14:23:12 - [MESSAGE][PASSED] - Object: 'Object Repository/Consulta y ajuste de saldo/Page_Metro Medelln -  ConsulPN/input_Nm. Tarjeta_txtNumeroTarjeta_cpn' is focused

2022-09-15 14:23:12 - [TEST_STEP][PASSED] - setText(findTestObject("Consulta y ajuste de saldo/Page_Metro Medelln -  ConsulPN/input_Nm. Tarjeta_txtNumeroTarjeta_cpn"), "3456920"): Text '3456920' is set on object 'Object Repository/Consulta y ajuste de saldo/Page_Metro Medelln -  ConsulPN/input_Nm. Tarjeta_txtNumeroTarjeta_cpn'

2022-09-15 14:23:13 - [MESSAGE][PASSED] - Text '3456920' is set on object 'Object Repository/Consulta y ajuste de saldo/Page_Metro Medelln -  ConsulPN/input_Nm. Tarjeta_txtNumeroTarjeta_cpn'

2022-09-15 14:23:13 - [TEST_STEP][PASSED] - click(findTestObject("Consulta y ajuste de saldo/Page_Metro Medelln -  ConsulPN/input_REGISTRO BLOQUEADO_btnBuscar_cpn")): Object: 'Object Repository/Consulta y ajuste de saldo/Page_Metro Medelln -  ConsulPN/input_REGISTRO BLOQUEADO_btnBuscar_cpn' is clicked on

2022-09-15 14:23:14 - [MESSAGE][PASSED] - Object: 'Object Repository/Consulta y ajuste de saldo/Page_Metro Medelln -  ConsulPN/input_REGISTRO BLOQUEADO_btnBuscar_cpn' is clicked on

2022-09-15 14:23:14 - [TEST_STEP][PASSED] - click(findTestObject("Consulta y ajuste de saldo/Page_Metro Medelln -  ConsulPN/img_cpn")): Object: 'Object Repository/Consulta y ajuste de saldo/Page_Metro Medelln -  ConsulPN/img_cpn' is clicked on

2022-09-15 14:23:15 - [MESSAGE][PASSED] - Object: 'Object Repository/Consulta y ajuste de saldo/Page_Metro Medelln -  ConsulPN/img_cpn' is clicked on

2022-09-15 14:23:15 - [TEST_STEP][PASSED] - switchToWindowUrl("https://qabanco.civica.com.co/Civica/Adquisicion/PuntodeVenta/frmAjusteCargaDet.aspx"): Switched to window with url: 'https://qabanco.civica.com.co/Civica/Adquisicion/PuntodeVenta/frmAjusteCargaDet.aspx'

2022-09-15 14:23:15 - [MESSAGE][PASSED] - Switched to window with url: 'https://qabanco.civica.com.co/Civica/Adquisicion/PuntodeVenta/frmAjusteCargaDet.aspx'

2022-09-15 14:23:15 - [TEST_STEP][PASSED] - focus(findTestObject("Consulta y ajuste de saldo/Page_Metro de Medelln - Adquisicion - Punto de Venta -  Ajuste de Carga/input_Valor_ctl00ContentPlaceHolder1txtValor_pdvab")): Object: 'Object Repository/Consulta y ajuste de saldo/Page_Metro de Medelln - Adquisicion - Punto de Venta -  Ajuste de Carga/input_Valor_ctl00ContentPlaceHolder1txtValor_pdvab' is focused

2022-09-15 14:23:15 - [MESSAGE][PASSED] - Object: 'Object Repository/Consulta y ajuste de saldo/Page_Metro de Medelln - Adquisicion - Punto de Venta -  Ajuste de Carga/input_Valor_ctl00ContentPlaceHolder1txtValor_pdvab' is focused

2022-09-15 14:23:15 - [TEST_STEP][PASSED] - setText(findTestObject("Consulta y ajuste de saldo/Page_Metro de Medelln - Adquisicion - Punto de Venta -  Ajuste de Carga/input_Valor_ctl00ContentPlaceHolder1txtValor_pdvab"), saldodebito): Text '23.041.754' is set on object 'Object Repository/Consulta y ajuste de saldo/Page_Metro de Medelln - Adquisicion - Punto de Venta -  Ajuste de Carga/input_Valor_ctl00ContentPlaceHolder1txtValor_pdvab'

2022-09-15 14:23:16 - [MESSAGE][PASSED] - Text '23.041.754' is set on object 'Object Repository/Consulta y ajuste de saldo/Page_Metro de Medelln - Adquisicion - Punto de Venta -  Ajuste de Carga/input_Valor_ctl00ContentPlaceHolder1txtValor_pdvab'

2022-09-15 14:23:16 - [TEST_STEP][PASSED] - click(findTestObject("Consulta y ajuste de saldo/Page_Metro de Medelln - Adquisicion - Punto de Venta -  Ajuste de Carga/select_- Seleccione - Motivo_pdvab")): Object: 'Object Repository/Consulta y ajuste de saldo/Page_Metro de Medelln - Adquisicion - Punto de Venta -  Ajuste de Carga/select_- Seleccione - Motivo_pdvab' is clicked on

2022-09-15 14:23:17 - [MESSAGE][PASSED] - Object: 'Object Repository/Consulta y ajuste de saldo/Page_Metro de Medelln - Adquisicion - Punto de Venta -  Ajuste de Carga/select_- Seleccione - Motivo_pdvab' is clicked on

2022-09-15 14:23:17 - [TEST_STEP][PASSED] - sendKeys(findTestObject("Consulta y ajuste de saldo/Page_Metro de Medelln - Adquisicion - Punto de Venta -  Ajuste de Carga/select_- Seleccione - Motivo_pdvab"), Keys.chord(ARROW_DOWN)): Keys 'DOWN + ' sent to object: 'Object Repository/Consulta y ajuste de saldo/Page_Metro de Medelln - Adquisicion - Punto de Venta -  Ajuste de Carga/select_- Seleccione - Motivo_pdvab'

2022-09-15 14:23:18 - [MESSAGE][PASSED] - Keys 'DOWN + ' sent to object: 'Object Repository/Consulta y ajuste de saldo/Page_Metro de Medelln - Adquisicion - Punto de Venta -  Ajuste de Carga/select_- Seleccione - Motivo_pdvab'

2022-09-15 14:23:18 - [TEST_STEP][PASSED] - sendKeys(findTestObject("Consulta y ajuste de saldo/Page_Metro de Medelln - Adquisicion - Punto de Venta -  Ajuste de Carga/select_- Seleccione - Motivo_pdvab"), Keys.chord(ENTER)): Keys 'ENTER + ' sent to object: 'Object Repository/Consulta y ajuste de saldo/Page_Metro de Medelln - Adquisicion - Punto de Venta -  Ajuste de Carga/select_- Seleccione - Motivo_pdvab'

2022-09-15 14:23:18 - [MESSAGE][PASSED] - Keys 'ENTER + ' sent to object: 'Object Repository/Consulta y ajuste de saldo/Page_Metro de Medelln - Adquisicion - Punto de Venta -  Ajuste de Carga/select_- Seleccione - Motivo_pdvab'

2022-09-15 14:23:18 - [TEST_STEP][PASSED] - click(findTestObject("Consulta y ajuste de saldo/Page_Metro de Medelln - Adquisicion - Punto de Venta -  Ajuste de Carga/textarea_Caracteres restantes  1000_ctl00ContentPlaceHolder1txtDescripcion_pdvab")): Object: 'Object Repository/Consulta y ajuste de saldo/Page_Metro de Medelln - Adquisicion - Punto de Venta -  Ajuste de Carga/textarea_Caracteres restantes  1000_ctl00ContentPlaceHolder1txtDescripcion_pdvab' is clicked on

2022-09-15 14:23:19 - [MESSAGE][PASSED] - Object: 'Object Repository/Consulta y ajuste de saldo/Page_Metro de Medelln - Adquisicion - Punto de Venta -  Ajuste de Carga/textarea_Caracteres restantes  1000_ctl00ContentPlaceHolder1txtDescripcion_pdvab' is clicked on

2022-09-15 14:23:19 - [TEST_STEP][PASSED] - setText(findTestObject("Consulta y ajuste de saldo/Page_Metro de Medelln - Adquisicion - Punto de Venta -  Ajuste de Carga/textarea_Caracteres restantes  1000_ctl00ContentPlaceHolder1txtDescripcion_pdvab"), "Prueba venta de tarjetas"): Text 'Prueba venta de tarjetas' is set on object 'Object Repository/Consulta y ajuste de saldo/Page_Metro de Medelln - Adquisicion - Punto de Venta -  Ajuste de Carga/textarea_Caracteres restantes  1000_ctl00ContentPlaceHolder1txtDescripcion_pdvab'

2022-09-15 14:23:20 - [MESSAGE][PASSED] - Text 'Prueba venta de tarjetas' is set on object 'Object Repository/Consulta y ajuste de saldo/Page_Metro de Medelln - Adquisicion - Punto de Venta -  Ajuste de Carga/textarea_Caracteres restantes  1000_ctl00ContentPlaceHolder1txtDescripcion_pdvab'

2022-09-15 14:23:20 - [TEST_STEP][PASSED] - click(findTestObject("Consulta y ajuste de saldo/Page_Metro de Medelln - Adquisicion - Punto de Venta -  Ajuste de Carga/input_Operador Modificacin_ctl00ContentPlaceHolder1btnConfirmar_pdvab")): Object: 'Object Repository/Consulta y ajuste de saldo/Page_Metro de Medelln - Adquisicion - Punto de Venta -  Ajuste de Carga/input_Operador Modificacin_ctl00ContentPlaceHolder1btnConfirmar_pdvab' is clicked on

2022-09-15 14:23:23 - [MESSAGE][PASSED] - Object: 'Object Repository/Consulta y ajuste de saldo/Page_Metro de Medelln - Adquisicion - Punto de Venta -  Ajuste de Carga/input_Operador Modificacin_ctl00ContentPlaceHolder1btnConfirmar_pdvab' is clicked on

2022-09-15 14:23:23 - [TEST_STEP][PASSED] - switchToWindowUrl("https://qabanco.civica.com.co/Civica/Includes/frmMensagem.aspx"): Switched to window with url: 'https://qabanco.civica.com.co/Civica/Includes/frmMensagem.aspx'

2022-09-15 14:23:23 - [MESSAGE][PASSED] - Switched to window with url: 'https://qabanco.civica.com.co/Civica/Includes/frmMensagem.aspx'

2022-09-15 14:23:23 - [TEST_STEP][PASSED] - click(findTestObject("Consulta y ajuste de saldo/Page_Metro Medelln -  Mensaje/input_Operacin efectuada con xito_btnOk_cpn")): Object: 'Object Repository/Consulta y ajuste de saldo/Page_Metro Medelln -  Mensaje/input_Operacin efectuada con xito_btnOk_cpn' is clicked on

2022-09-15 14:23:24 - [MESSAGE][PASSED] - Object: 'Object Repository/Consulta y ajuste de saldo/Page_Metro Medelln -  Mensaje/input_Operacin efectuada con xito_btnOk_cpn' is clicked on

2022-09-15 14:23:24 - [TEST_STEP][PASSED] - switchToWindowUrl("https://qabanco.civica.com.co/Civica/Adquisicion/PuntodeVenta/frmAjusteCargaDet.aspx?Cod=0"): Switched to window with url: 'https://qabanco.civica.com.co/Civica/Adquisicion/PuntodeVenta/frmAjusteCargaDet.aspx?Cod=0'

2022-09-15 14:23:24 - [MESSAGE][PASSED] - Switched to window with url: 'https://qabanco.civica.com.co/Civica/Adquisicion/PuntodeVenta/frmAjusteCargaDet.aspx?Cod=0'

2022-09-15 14:23:24 - [TEST_STEP][PASSED] - click(findTestObject("Consulta y ajuste de saldo/Page_Metro de Medelln - Adquisicion - Punto de Venta -  Ajuste de Carga/a_Aprobacin Ajuste de Carga_pdvab")): Object: 'Object Repository/Consulta y ajuste de saldo/Page_Metro de Medelln - Adquisicion - Punto de Venta -  Ajuste de Carga/a_Aprobacin Ajuste de Carga_pdvab' is clicked on

2022-09-15 14:23:25 - [MESSAGE][PASSED] - Object: 'Object Repository/Consulta y ajuste de saldo/Page_Metro de Medelln - Adquisicion - Punto de Venta -  Ajuste de Carga/a_Aprobacin Ajuste de Carga_pdvab' is clicked on

2022-09-15 14:23:25 - [TEST_STEP][PASSED] - click(findTestObject("Consulta y ajuste de saldo/Page_Metro de Medelln - Adquisicin - Pdv -  AproAju Carga/select_- Seleccione - Motivo Aprobacion_adqa")): Object: 'Object Repository/Consulta y ajuste de saldo/Page_Metro de Medelln - Adquisicin - Pdv -  AproAju Carga/select_- Seleccione - Motivo Aprobacion_adqa' is clicked on

2022-09-15 14:23:26 - [MESSAGE][PASSED] - Object: 'Object Repository/Consulta y ajuste de saldo/Page_Metro de Medelln - Adquisicin - Pdv -  AproAju Carga/select_- Seleccione - Motivo Aprobacion_adqa' is clicked on

2022-09-15 14:23:26 - [TEST_STEP][PASSED] - sendKeys(findTestObject("Consulta y ajuste de saldo/Page_Metro de Medelln - Adquisicin - Pdv -  AproAju Carga/select_- Seleccione - Motivo Aprobacion_adqa"), Keys.chord(ARROW_DOWN)): Keys 'DOWN + ' sent to object: 'Object Repository/Consulta y ajuste de saldo/Page_Metro de Medelln - Adquisicin - Pdv -  AproAju Carga/select_- Seleccione - Motivo Aprobacion_adqa'

2022-09-15 14:23:26 - [MESSAGE][PASSED] - Keys 'DOWN + ' sent to object: 'Object Repository/Consulta y ajuste de saldo/Page_Metro de Medelln - Adquisicin - Pdv -  AproAju Carga/select_- Seleccione - Motivo Aprobacion_adqa'

2022-09-15 14:23:26 - [TEST_STEP][PASSED] - sendKeys(findTestObject("Consulta y ajuste de saldo/Page_Metro de Medelln - Adquisicin - Pdv -  AproAju Carga/select_- Seleccione - Motivo Aprobacion_adqa"), Keys.chord(ENTER)): Keys 'ENTER + ' sent to object: 'Object Repository/Consulta y ajuste de saldo/Page_Metro de Medelln - Adquisicin - Pdv -  AproAju Carga/select_- Seleccione - Motivo Aprobacion_adqa'

2022-09-15 14:23:27 - [MESSAGE][PASSED] - Keys 'ENTER + ' sent to object: 'Object Repository/Consulta y ajuste de saldo/Page_Metro de Medelln - Adquisicin - Pdv -  AproAju Carga/select_- Seleccione - Motivo Aprobacion_adqa'

2022-09-15 14:23:27 - [TEST_STEP][PASSED] - click(findTestObject("Consulta y ajuste de saldo/Page_Metro de Medelln - Adquisicin - Pdv -  AproAju Carga/input__ctl00ContentPlaceHolder1btnBuscar_adqa")): Object: 'Object Repository/Consulta y ajuste de saldo/Page_Metro de Medelln - Adquisicin - Pdv -  AproAju Carga/input__ctl00ContentPlaceHolder1btnBuscar_adqa' is clicked on

2022-09-15 14:23:28 - [MESSAGE][PASSED] - Object: 'Object Repository/Consulta y ajuste de saldo/Page_Metro de Medelln - Adquisicin - Pdv -  AproAju Carga/input__ctl00ContentPlaceHolder1btnBuscar_adqa' is clicked on

2022-09-15 14:23:28 - [TEST_STEP][PASSED] - waitForPageLoad(30): Wait for page load successfully

2022-09-15 14:23:28 - [MESSAGE][PASSED] - Wait for page load successfully

2022-09-15 14:23:28 - [TEST_STEP][PASSED] - click(findTestObject("Consulta y ajuste de saldo/Page_Metro de Medelln - Adquisicin - Pdv -  AproAju Carga/input__ctl00ContentPlaceHolder1btnBuscar_adqa")): Object: 'Object Repository/Consulta y ajuste de saldo/Page_Metro de Medelln - Adquisicin - Pdv -  AproAju Carga/input__ctl00ContentPlaceHolder1btnBuscar_adqa' is clicked on

2022-09-15 14:23:30 - [MESSAGE][PASSED] - Object: 'Object Repository/Consulta y ajuste de saldo/Page_Metro de Medelln - Adquisicin - Pdv -  AproAju Carga/input__ctl00ContentPlaceHolder1btnBuscar_adqa' is clicked on

2022-09-15 14:23:30 - [TEST_STEP][PASSED] - waitForPageLoad(30): Wait for page load successfully

2022-09-15 14:23:30 - [MESSAGE][PASSED] - Wait for page load successfully

2022-09-15 14:23:30 - [TEST_STEP][PASSED] - check(findTestObject("Consulta y ajuste de saldo/Page_Metro de Medelln - Adquisicin - Pdv -  AproAju Carga/Aprobar_todos")): Object 'Object Repository/Consulta y ajuste de saldo/Page_Metro de Medelln - Adquisicin - Pdv -  AproAju Carga/Aprobar_todos' is checked

2022-09-15 14:23:30 - [MESSAGE][PASSED] - Object 'Object Repository/Consulta y ajuste de saldo/Page_Metro de Medelln - Adquisicin - Pdv -  AproAju Carga/Aprobar_todos' is checked

2022-09-15 14:23:30 - [TEST_STEP][PASSED] - click(findTestObject("Consulta y ajuste de saldo/Page_Metro de Medelln - Adquisicin - Pdv -  AproAju Carga/input_registro(s) encontrado(s)_ctl00ContentPlaceHolder1btnAprobar_adqa")): Object: 'Object Repository/Consulta y ajuste de saldo/Page_Metro de Medelln - Adquisicin - Pdv -  AproAju Carga/input_registro(s) encontrado(s)_ctl00ContentPlaceHolder1btnAprobar_adqa' is clicked on

2022-09-15 14:23:31 - [MESSAGE][PASSED] - Object: 'Object Repository/Consulta y ajuste de saldo/Page_Metro de Medelln - Adquisicin - Pdv -  AproAju Carga/input_registro(s) encontrado(s)_ctl00ContentPlaceHolder1btnAprobar_adqa' is clicked on

2022-09-15 14:23:31 - [TEST_STEP][PASSED] - delay(2): Delayed 2 second(s)

2022-09-15 14:23:33 - [MESSAGE][PASSED] - Delayed 2 second(s)

2022-09-15 14:23:33 - [TEST_STEP][PASSED] - click(findTestObject("Consulta y ajuste de saldo/Page_Metro de Medelln - Adquisicin - Pdv -  AproAju Carga/select_- Seleccione - Motivo Aprobacion_adqa")): Object: 'Object Repository/Consulta y ajuste de saldo/Page_Metro de Medelln - Adquisicin - Pdv -  AproAju Carga/select_- Seleccione - Motivo Aprobacion_adqa' is clicked on

2022-09-15 14:23:34 - [MESSAGE][PASSED] - Object: 'Object Repository/Consulta y ajuste de saldo/Page_Metro de Medelln - Adquisicin - Pdv -  AproAju Carga/select_- Seleccione - Motivo Aprobacion_adqa' is clicked on

2022-09-15 14:23:34 - [TEST_STEP][PASSED] - sendKeys(findTestObject("Consulta y ajuste de saldo/Page_Metro de Medelln - Adquisicin - Pdv -  AproAju Carga/select_- Seleccione - Motivo Aprobacion_adqa"), Keys.chord(ENTER)): Keys 'ENTER + ' sent to object: 'Object Repository/Consulta y ajuste de saldo/Page_Metro de Medelln - Adquisicin - Pdv -  AproAju Carga/select_- Seleccione - Motivo Aprobacion_adqa'

2022-09-15 14:23:34 - [MESSAGE][PASSED] - Keys 'ENTER + ' sent to object: 'Object Repository/Consulta y ajuste de saldo/Page_Metro de Medelln - Adquisicin - Pdv -  AproAju Carga/select_- Seleccione - Motivo Aprobacion_adqa'

2022-09-15 14:23:34 - [TEST_STEP][PASSED] - click(findTestObject("Consulta y ajuste de saldo/Page_Metro de Medelln - Adquisicin - Pdv -  AproAju Carga/input__ctl00ContentPlaceHolder1btnBuscar_adqa")): Object: 'Object Repository/Consulta y ajuste de saldo/Page_Metro de Medelln - Adquisicin - Pdv -  AproAju Carga/input__ctl00ContentPlaceHolder1btnBuscar_adqa' is clicked on

2022-09-15 14:23:35 - [MESSAGE][PASSED] - Object: 'Object Repository/Consulta y ajuste de saldo/Page_Metro de Medelln - Adquisicin - Pdv -  AproAju Carga/input__ctl00ContentPlaceHolder1btnBuscar_adqa' is clicked on

2022-09-15 14:23:35 - [TEST_STEP][PASSED] - waitForPageLoad(30): Wait for page load successfully

2022-09-15 14:23:35 - [MESSAGE][PASSED] - Wait for page load successfully

2022-09-15 14:23:35 - [TEST_STEP][PASSED] - click(findTestObject("Consulta y ajuste de saldo/Page_Metro de Medelln - Adquisicin - Pdv -  AproAju Carga/input__ctl00ContentPlaceHolder1btnBuscar_adqa")): Object: 'Object Repository/Consulta y ajuste de saldo/Page_Metro de Medelln - Adquisicin - Pdv -  AproAju Carga/input__ctl00ContentPlaceHolder1btnBuscar_adqa' is clicked on

2022-09-15 14:23:37 - [MESSAGE][PASSED] - Object: 'Object Repository/Consulta y ajuste de saldo/Page_Metro de Medelln - Adquisicin - Pdv -  AproAju Carga/input__ctl00ContentPlaceHolder1btnBuscar_adqa' is clicked on

2022-09-15 14:23:37 - [TEST_STEP][PASSED] - waitForPageLoad(30): Wait for page load successfully

2022-09-15 14:23:37 - [MESSAGE][PASSED] - Wait for page load successfully

2022-09-15 14:23:37 - [TEST_STEP][PASSED] - check(findTestObject("Consulta y ajuste de saldo/Page_Metro de Medelln - Adquisicin - Pdv -  AproAju Carga/Aprobar_todos")): Object 'Object Repository/Consulta y ajuste de saldo/Page_Metro de Medelln - Adquisicin - Pdv -  AproAju Carga/Aprobar_todos' is checked

2022-09-15 14:23:37 - [MESSAGE][PASSED] - Object 'Object Repository/Consulta y ajuste de saldo/Page_Metro de Medelln - Adquisicin - Pdv -  AproAju Carga/Aprobar_todos' is checked

2022-09-15 14:23:37 - [TEST_STEP][PASSED] - click(findTestObject("Consulta y ajuste de saldo/Page_Metro de Medelln - Adquisicin - Pdv -  AproAju Carga/input_registro(s) encontrado(s)_ctl00ContentPlaceHolder1btnAprobar_adqa")): Object: 'Object Repository/Consulta y ajuste de saldo/Page_Metro de Medelln - Adquisicin - Pdv -  AproAju Carga/input_registro(s) encontrado(s)_ctl00ContentPlaceHolder1btnAprobar_adqa' is clicked on

2022-09-15 14:23:38 - [MESSAGE][PASSED] - Object: 'Object Repository/Consulta y ajuste de saldo/Page_Metro de Medelln - Adquisicin - Pdv -  AproAju Carga/input_registro(s) encontrado(s)_ctl00ContentPlaceHolder1btnAprobar_adqa' is clicked on

2022-09-15 14:23:38 - [TEST_STEP][PASSED] - acceptAlert(): Alert accepted

2022-09-15 14:23:38 - [MESSAGE][PASSED] - Alert accepted

2022-09-15 14:23:38 - [TEST_STEP][PASSED] - delay(3): Delayed 3 second(s)

2022-09-15 14:23:41 - [MESSAGE][PASSED] - Delayed 3 second(s)

2022-09-15 14:23:41 - [TEST_STEP][PASSED] - closeBrowser(): Browser is closed

2022-09-15 14:23:42 - [MESSAGE][PASSED] - Browser is closed]]></system-out>
         <system-err><![CDATA[]]></system-err>
      </testcase>
      <system-out><![CDATA[2022-09-15 14:21:11 - [TEST_SUITE][FAILED] - Preparacion tarjeta venta: Test Cases/Preparacion tarjeta venta FAILED.
Reason:
com.kms.katalon.core.exception.StepFailedException: Unable to switch to window with url: 'https://qabanco.civica.com.co/Civica/Adquisicion/PuntodeVenta/frmAjusteCargaDet.aspx'
	at com.kms.katalon.core.webui.keyword.internal.WebUIKeywordMain.stepFailed(WebUIKeywordMain.groovy:64)
	at com.kms.katalon.core.webui.keyword.internal.WebUIKeywordMain.runKeyword(WebUIKeywordMain.groovy:26)
	at com.kms.katalon.core.webui.keyword.builtin.SwitchToWindowUrlKeyword.switchToWindowUrl(SwitchToWindowUrlKeyword.groovy:84)
	at com.kms.katalon.core.webui.keyword.builtin.SwitchToWindowUrlKeyword.execute(SwitchToWindowUrlKeyword.groovy:67)
	at com.kms.katalon.core.keyword.internal.KeywordExecutor.executeKeywordForPlatform(KeywordExecutor.groovy:74)
	at com.kms.katalon.core.webui.keyword.WebUiBuiltInKeywords.switchToWindowUrl(WebUiBuiltInKeywords.groovy:1837)
	at com.kms.katalon.core.webui.keyword.WebUiBuiltInKeywords$switchToWindowUrl$6.call(Unknown Source)
	at Preparacion tarjeta venta.run(Preparacion tarjeta venta:99)
	at com.kms.katalon.core.main.ScriptEngine.run(ScriptEngine.java:194)
	at com.kms.katalon.core.main.ScriptEngine.runScriptAsRawText(ScriptEngine.java:119)
	at com.kms.katalon.core.main.TestCaseExecutor.runScript(TestCaseExecutor.java:448)
	at com.kms.katalon.core.main.TestCaseExecutor.doExecute(TestCaseExecutor.java:439)
	at com.kms.katalon.core.main.TestCaseExecutor.processExecutionPhase(TestCaseExecutor.java:418)
	at com.kms.katalon.core.main.TestCaseExecutor.accessMainPhase(TestCaseExecutor.java:410)
	at com.kms.katalon.core.main.TestCaseExecutor.execute(TestCaseExecutor.java:285)
	at com.kms.katalon.core.common.CommonExecutor.accessTestCaseMainPhase(CommonExecutor.java:65)
	at com.kms.katalon.core.main.TestSuiteExecutor.accessTestSuiteMainPhase(TestSuiteExecutor.java:144)
	at com.kms.katalon.core.main.TestSuiteExecutor.execute(TestSuiteExecutor.java:106)
	at com.kms.katalon.core.main.TestCaseMain.startTestSuite(TestCaseMain.java:185)
	at com.kms.katalon.core.main.TestCaseMain$startTestSuite$0.call(Unknown Source)
	at TempTestSuite1663269638163.run(TempTestSuite1663269638163.groovy:36)
Caused by: org.openqa.selenium.WebDriverException: chrome not reachable
  (Session info: chrome=104.0.5112.102)
Build info: version: '3.141.59', revision: 'e82be7d358', time: '2018-11-14T08:25:53'
System info: host: 'UENOP029', ip: '172.23.20.156', os.name: 'Windows 10', os.arch: 'amd64', os.version: '10.0', java.version: '1.8.0_282'
Driver info: com.kms.katalon.selenium.driver.CChromeDriver
Capabilities {acceptInsecureCerts: false, browserName: chrome, browserVersion: 104.0.5112.102, chrome: {chromedriverVersion: 103.0.5060.53 (a1711811edd7..., userDataDir: C:\Users\feflorez\AppData\L...}, goog:chromeOptions: {debuggerAddress: localhost:60626}, javascriptEnabled: true, networkConnectionEnabled: false, pageLoadStrategy: normal, platform: WINDOWS, platformName: WINDOWS, proxy: Proxy(), setWindowRect: true, strictFileInteractability: false, timeouts: {implicit: 0, pageLoad: 300000, script: 30000}, unhandledPromptBehavior: dismiss and notify, webauthn:extension:credBlob: true, webauthn:extension:largeBlob: true, webauthn:virtualAuthenticators: true}
Session ID: 2d006e946d74b477b82435d2162698c4
	at org.openqa.selenium.remote.http.W3CHttpResponseCodec.createException(W3CHttpResponseCodec.java:187)
	at org.openqa.selenium.remote.http.W3CHttpResponseCodec.decode(W3CHttpResponseCodec.java:122)
	at org.openqa.selenium.remote.http.W3CHttpResponseCodec.decode(W3CHttpResponseCodec.java:49)
	at org.openqa.selenium.remote.HttpCommandExecutor.execute(HttpCommandExecutor.java:158)
	at org.openqa.selenium.remote.service.DriverCommandExecutor.execute(DriverCommandExecutor.java:83)
	at org.openqa.selenium.remote.RemoteWebDriver.execute(RemoteWebDriver.java:552)
	at com.kms.katalon.selenium.driver.CChromeDriver.execute(CChromeDriver.java:19)
	at org.openqa.selenium.remote.RemoteWebDriver.execute(RemoteWebDriver.java:609)
	at org.openqa.selenium.remote.RemoteWebDriver.getWindowHandles(RemoteWebDriver.java:460)
	at org.openqa.selenium.support.events.EventFiringWebDriver.lambda$new$1(EventFiringWebDriver.java:105)
	at com.sun.proxy.$Proxy10.getWindowHandles(Unknown Source)
	at org.openqa.selenium.support.events.EventFiringWebDriver.getWindowHandles(EventFiringWebDriver.java:216)
	at com.kms.katalon.core.webui.common.WebUiCommonHelper.switchToWindowUsingUrl(WebUiCommonHelper.java:143)
	at com.kms.katalon.core.webui.keyword.builtin.SwitchToWindowUrlKeyword$_switchToWindowUrl_closure1.doCall(SwitchToWindowUrlKeyword.groovy:78)
	at com.kms.katalon.core.webui.keyword.builtin.SwitchToWindowUrlKeyword$_switchToWindowUrl_closure1.call(SwitchToWindowUrlKeyword.groovy)
	at com.kms.katalon.core.webui.keyword.internal.WebUIKeywordMain.runKeyword(WebUIKeywordMain.groovy:20)
	... 19 more]]></system-out>
      <system-err><![CDATA[2022-09-15 14:21:11 - [TEST_SUITE][FAILED] - Preparacion tarjeta venta: Test Cases/Preparacion tarjeta venta FAILED.
Reason:
com.kms.katalon.core.exception.StepFailedException: Unable to switch to window with url: 'https://qabanco.civica.com.co/Civica/Adquisicion/PuntodeVenta/frmAjusteCargaDet.aspx'
	at com.kms.katalon.core.webui.keyword.internal.WebUIKeywordMain.stepFailed(WebUIKeywordMain.groovy:64)
	at com.kms.katalon.core.webui.keyword.internal.WebUIKeywordMain.runKeyword(WebUIKeywordMain.groovy:26)
	at com.kms.katalon.core.webui.keyword.builtin.SwitchToWindowUrlKeyword.switchToWindowUrl(SwitchToWindowUrlKeyword.groovy:84)
	at com.kms.katalon.core.webui.keyword.builtin.SwitchToWindowUrlKeyword.execute(SwitchToWindowUrlKeyword.groovy:67)
	at com.kms.katalon.core.keyword.internal.KeywordExecutor.executeKeywordForPlatform(KeywordExecutor.groovy:74)
	at com.kms.katalon.core.webui.keyword.WebUiBuiltInKeywords.switchToWindowUrl(WebUiBuiltInKeywords.groovy:1837)
	at com.kms.katalon.core.webui.keyword.WebUiBuiltInKeywords$switchToWindowUrl$6.call(Unknown Source)
	at Preparacion tarjeta venta.run(Preparacion tarjeta venta:99)
	at com.kms.katalon.core.main.ScriptEngine.run(ScriptEngine.java:194)
	at com.kms.katalon.core.main.ScriptEngine.runScriptAsRawText(ScriptEngine.java:119)
	at com.kms.katalon.core.main.TestCaseExecutor.runScript(TestCaseExecutor.java:448)
	at com.kms.katalon.core.main.TestCaseExecutor.doExecute(TestCaseExecutor.java:439)
	at com.kms.katalon.core.main.TestCaseExecutor.processExecutionPhase(TestCaseExecutor.java:418)
	at com.kms.katalon.core.main.TestCaseExecutor.accessMainPhase(TestCaseExecutor.java:410)
	at com.kms.katalon.core.main.TestCaseExecutor.execute(TestCaseExecutor.java:285)
	at com.kms.katalon.core.common.CommonExecutor.accessTestCaseMainPhase(CommonExecutor.java:65)
	at com.kms.katalon.core.main.TestSuiteExecutor.accessTestSuiteMainPhase(TestSuiteExecutor.java:144)
	at com.kms.katalon.core.main.TestSuiteExecutor.execute(TestSuiteExecutor.java:106)
	at com.kms.katalon.core.main.TestCaseMain.startTestSuite(TestCaseMain.java:185)
	at com.kms.katalon.core.main.TestCaseMain$startTestSuite$0.call(Unknown Source)
	at TempTestSuite1663269638163.run(TempTestSuite1663269638163.groovy:36)
Caused by: org.openqa.selenium.WebDriverException: chrome not reachable
  (Session info: chrome=104.0.5112.102)
Build info: version: '3.141.59', revision: 'e82be7d358', time: '2018-11-14T08:25:53'
System info: host: 'UENOP029', ip: '172.23.20.156', os.name: 'Windows 10', os.arch: 'amd64', os.version: '10.0', java.version: '1.8.0_282'
Driver info: com.kms.katalon.selenium.driver.CChromeDriver
Capabilities {acceptInsecureCerts: false, browserName: chrome, browserVersion: 104.0.5112.102, chrome: {chromedriverVersion: 103.0.5060.53 (a1711811edd7..., userDataDir: C:\Users\feflorez\AppData\L...}, goog:chromeOptions: {debuggerAddress: localhost:60626}, javascriptEnabled: true, networkConnectionEnabled: false, pageLoadStrategy: normal, platform: WINDOWS, platformName: WINDOWS, proxy: Proxy(), setWindowRect: true, strictFileInteractability: false, timeouts: {implicit: 0, pageLoad: 300000, script: 30000}, unhandledPromptBehavior: dismiss and notify, webauthn:extension:credBlob: true, webauthn:extension:largeBlob: true, webauthn:virtualAuthenticators: true}
Session ID: 2d006e946d74b477b82435d2162698c4
	at org.openqa.selenium.remote.http.W3CHttpResponseCodec.createException(W3CHttpResponseCodec.java:187)
	at org.openqa.selenium.remote.http.W3CHttpResponseCodec.decode(W3CHttpResponseCodec.java:122)
	at org.openqa.selenium.remote.http.W3CHttpResponseCodec.decode(W3CHttpResponseCodec.java:49)
	at org.openqa.selenium.remote.HttpCommandExecutor.execute(HttpCommandExecutor.java:158)
	at org.openqa.selenium.remote.service.DriverCommandExecutor.execute(DriverCommandExecutor.java:83)
	at org.openqa.selenium.remote.RemoteWebDriver.execute(RemoteWebDriver.java:552)
	at com.kms.katalon.selenium.driver.CChromeDriver.execute(CChromeDriver.java:19)
	at org.openqa.selenium.remote.RemoteWebDriver.execute(RemoteWebDriver.java:609)
	at org.openqa.selenium.remote.RemoteWebDriver.getWindowHandles(RemoteWebDriver.java:460)
	at org.openqa.selenium.support.events.EventFiringWebDriver.lambda$new$1(EventFiringWebDriver.java:105)
	at com.sun.proxy.$Proxy10.getWindowHandles(Unknown Source)
	at org.openqa.selenium.support.events.EventFiringWebDriver.getWindowHandles(EventFiringWebDriver.java:216)
	at com.kms.katalon.core.webui.common.WebUiCommonHelper.switchToWindowUsingUrl(WebUiCommonHelper.java:143)
	at com.kms.katalon.core.webui.keyword.builtin.SwitchToWindowUrlKeyword$_switchToWindowUrl_closure1.doCall(SwitchToWindowUrlKeyword.groovy:78)
	at com.kms.katalon.core.webui.keyword.builtin.SwitchToWindowUrlKeyword$_switchToWindowUrl_closure1.call(SwitchToWindowUrlKeyword.groovy)
	at com.kms.katalon.core.webui.keyword.internal.WebUIKeywordMain.runKeyword(WebUIKeywordMain.groovy:20)
	... 19 more]]></system-err>
   </testsuite>
</testsuites>
